MATLAB is selecting SOFTWARE OPENGL rendering.

                            < M A T L A B (R) >
                  Copyright 1984-2022 The MathWorks, Inc.
                  R2022a (9.12.0.1884302) 64-bit (glnxa64)
                             February 16, 2022

 
To get started, type doc.
For product information, visit www.mathworks.com.
 
>> job number: 4 
Number of cores: 21  
Starting parallel pool (parpool) using the 'local' profile ...
Connected to the parallel pool (number of workers: 20).
[fit_atheo_model] Start fitting model-gauss_shiftMu sub-1 run-1 
[fit_atheo_model] Start fitting model-gauss_shiftMu sub-1 run-2 
[fit_atheo_model] Start fitting model-gauss_shiftMu sub-1 run-3 
[fit_atheo_model] Start fitting model-gauss_shiftMu sub-1 run-4 
[fit_atheo_model] Start fitting model-gauss_shiftMu sub-1 run-5 
[fit_atheo_model] Start fitting model-gauss_shiftMu sub-1 run-6 
[fit_atheo_model] Start fitting model-gauss_shiftMu sub-1 run-7 
[fit_atheo_model] Start fitting model-gauss_shiftMu sub-1 run-8 
[fit_atheo_model] Start fitting model-gauss_shiftMu sub-1 run-9 
[fit_atheo_model] Start fitting model-gauss_shiftMu sub-1 run-10 
[fit_atheo_model] Start fitting model-gauss_shiftMu sub-1 run-11 
[fit_atheo_model] Start fitting model-gauss_shiftMu sub-1 run-12 
[fit_atheo_model] Start fitting model-gauss_shiftMu sub-1 run-13 
[fit_atheo_model] Start fitting model-gauss_shiftMu sub-1 run-14 
[fit_atheo_model] Start fitting model-gauss_shiftMu sub-1 run-15 
[fit_atheo_model] Start fitting model-gauss_shiftMu sub-1 run-16 
[fit_atheo_model] Start fitting model-gauss_shiftMu sub-1 run-17 
[fit_atheo_model] Start fitting model-gauss_shiftMu sub-1 run-18 
[fit_atheo_model] Start fitting model-gauss_shiftMu sub-1 run-19 
[fit_atheo_model] Start fitting model-gauss_shiftMu sub-1 run-20 
[fit_atheo_model] Start fitting model-gauss_shiftMu sub-1 run-25 
[fit_atheo_model] Start fitting model-gauss_shiftMu sub-1 run-22 
[fit_atheo_model] Start fitting model-gauss_shiftMu sub-1 run-27 
[fit_atheo_model] Start fitting model-gauss_shiftMu sub-1 run-33 
[fit_atheo_model] Start fitting model-gauss_shiftMu sub-1 run-35 
[fit_atheo_model] Start fitting model-gauss_shiftMu sub-1 run-30 
[fit_atheo_model] Start fitting model-gauss_shiftMu sub-1 run-28 
[fit_atheo_model] Start fitting model-gauss_shiftMu sub-1 run-39 
[fit_atheo_model] Start fitting model-gauss_shiftMu sub-1 run-29 
[fit_atheo_model] Start fitting model-gauss_shiftMu sub-1 run-32 
[fit_atheo_model] Start fitting model-gauss_shiftMu sub-1 run-38 
[fit_atheo_model] Start fitting model-gauss_shiftMu sub-1 run-36 
[fit_atheo_model] Start fitting model-gauss_shiftMu sub-1 run-31 
[fit_atheo_model] Start fitting model-gauss_shiftMu sub-1 run-40 
[fit_atheo_model] Start fitting model-gauss_shiftMu sub-1 run-26 
[fit_atheo_model] Start fitting model-gauss_shiftMu sub-1 run-21 
[fit_atheo_model] Start fitting model-gauss_shiftMu sub-1 run-37 
[fit_atheo_model] Start fitting model-gauss_shiftMu sub-1 run-23 
[fit_atheo_model] Start fitting model-gauss_shiftMu sub-1 run-34 
[fit_atheo_model] Start fitting model-gauss_shiftMu sub-1 run-24 
[fit_atheo_model] Start fitting model-gauss_shiftMu sub-2 run-1 
[fit_atheo_model] Start fitting model-gauss_shiftMu sub-2 run-2 
[fit_atheo_model] Start fitting model-gauss_shiftMu sub-2 run-3 
[fit_atheo_model] Start fitting model-gauss_shiftMu sub-2 run-4 
[fit_atheo_model] Start fitting model-gauss_shiftMu sub-2 run-5 
[fit_atheo_model] Start fitting model-gauss_shiftMu sub-2 run-6 
[fit_atheo_model] Start fitting model-gauss_shiftMu sub-2 run-7 
[fit_atheo_model] Start fitting model-gauss_shiftMu sub-2 run-8 
[fit_atheo_model] Start fitting model-gauss_shiftMu sub-2 run-9 
[fit_atheo_model] Start fitting model-gauss_shiftMu sub-2 run-10 
[fit_atheo_model] Start fitting model-gauss_shiftMu sub-2 run-11 
[fit_atheo_model] Start fitting model-gauss_shiftMu sub-2 run-12 
[fit_atheo_model] Start fitting model-gauss_shiftMu sub-2 run-13 
[fit_atheo_model] Start fitting model-gauss_shiftMu sub-2 run-14 
[fit_atheo_model] Start fitting model-gauss_shiftMu sub-2 run-15 
[fit_atheo_model] Start fitting model-gauss_shiftMu sub-2 run-16 
[fit_atheo_model] Start fitting model-gauss_shiftMu sub-2 run-17 
[fit_atheo_model] Start fitting model-gauss_shiftMu sub-2 run-18 
[fit_atheo_model] Start fitting model-gauss_shiftMu sub-2 run-19 
[fit_atheo_model] Start fitting model-gauss_shiftMu sub-2 run-20 
[fit_atheo_model] Start fitting model-gauss_shiftMu sub-2 run-36 
[fit_atheo_model] Start fitting model-gauss_shiftMu sub-2 run-27 
[fit_atheo_model] Start fitting model-gauss_shiftMu sub-2 run-32 
[fit_atheo_model] Start fitting model-gauss_shiftMu sub-2 run-35 
[fit_atheo_model] Start fitting model-gauss_shiftMu sub-2 run-40 
[fit_atheo_model] Start fitting model-gauss_shiftMu sub-2 run-25 
[fit_atheo_model] Start fitting model-gauss_shiftMu sub-2 run-31 
[fit_atheo_model] Start fitting model-gauss_shiftMu sub-2 run-30 
[fit_atheo_model] Start fitting model-gauss_shiftMu sub-2 run-28 
[fit_atheo_model] Start fitting model-gauss_shiftMu sub-2 run-29 
[fit_atheo_model] Start fitting model-gauss_shiftMu sub-2 run-37 
[fit_atheo_model] Start fitting model-gauss_shiftMu sub-2 run-39 
[fit_atheo_model] Start fitting model-gauss_shiftMu sub-2 run-24 
[fit_atheo_model] Start fitting model-gauss_shiftMu sub-2 run-26 
[fit_atheo_model] Start fitting model-gauss_shiftMu sub-2 run-33 
[fit_atheo_model] Start fitting model-gauss_shiftMu sub-2 run-22 
[fit_atheo_model] Start fitting model-gauss_shiftMu sub-2 run-21 
[fit_atheo_model] Start fitting model-gauss_shiftMu sub-2 run-23 
[fit_atheo_model] Start fitting model-gauss_shiftMu sub-2 run-38 
[fit_atheo_model] Start fitting model-gauss_shiftMu sub-2 run-34 
[fit_atheo_model] Start fitting model-gauss_shiftMu sub-3 run-1 
[fit_atheo_model] Start fitting model-gauss_shiftMu sub-3 run-2 
[fit_atheo_model] Start fitting model-gauss_shiftMu sub-3 run-3 
[fit_atheo_model] Start fitting model-gauss_shiftMu sub-3 run-4 
[fit_atheo_model] Start fitting model-gauss_shiftMu sub-3 run-5 
[fit_atheo_model] Start fitting model-gauss_shiftMu sub-3 run-6 
[fit_atheo_model] Start fitting model-gauss_shiftMu sub-3 run-7 
[fit_atheo_model] Start fitting model-gauss_shiftMu sub-3 run-8 
[fit_atheo_model] Start fitting model-gauss_shiftMu sub-3 run-9 
[fit_atheo_model] Start fitting model-gauss_shiftMu sub-3 run-10 
[fit_atheo_model] Start fitting model-gauss_shiftMu sub-3 run-11 
[fit_atheo_model] Start fitting model-gauss_shiftMu sub-3 run-12 
[fit_atheo_model] Start fitting model-gauss_shiftMu sub-3 run-13 
[fit_atheo_model] Start fitting model-gauss_shiftMu sub-3 run-14 
[fit_atheo_model] Start fitting model-gauss_shiftMu sub-3 run-15 
[fit_atheo_model] Start fitting model-gauss_shiftMu sub-3 run-16 
[fit_atheo_model] Start fitting model-gauss_shiftMu sub-3 run-17 
[fit_atheo_model] Start fitting model-gauss_shiftMu sub-3 run-18 
[fit_atheo_model] Start fitting model-gauss_shiftMu sub-3 run-19 
[fit_atheo_model] Start fitting model-gauss_shiftMu sub-3 run-20 
[fit_atheo_model] Start fitting model-gauss_shiftMu sub-3 run-29 
[fit_atheo_model] Start fitting model-gauss_shiftMu sub-3 run-35 
[fit_atheo_model] Start fitting model-gauss_shiftMu sub-3 run-36 
[fit_atheo_model] Start fitting model-gauss_shiftMu sub-3 run-25 
[fit_atheo_model] Start fitting model-gauss_shiftMu sub-3 run-38 
[fit_atheo_model] Start fitting model-gauss_shiftMu sub-3 run-27 
[fit_atheo_model] Start fitting model-gauss_shiftMu sub-3 run-22 
[fit_atheo_model] Start fitting model-gauss_shiftMu sub-3 run-23 
[fit_atheo_model] Start fitting model-gauss_shiftMu sub-3 run-31 
[fit_atheo_model] Start fitting model-gauss_shiftMu sub-3 run-33 
[fit_atheo_model] Start fitting model-gauss_shiftMu sub-3 run-24 
[fit_atheo_model] Start fitting model-gauss_shiftMu sub-3 run-26 
[fit_atheo_model] Start fitting model-gauss_shiftMu sub-3 run-34 
[fit_atheo_model] Start fitting model-gauss_shiftMu sub-3 run-40 
[fit_atheo_model] Start fitting model-gauss_shiftMu sub-3 run-32 
[fit_atheo_model] Start fitting model-gauss_shiftMu sub-3 run-30 
[fit_atheo_model] Start fitting model-gauss_shiftMu sub-3 run-21 
[fit_atheo_model] Start fitting model-gauss_shiftMu sub-3 run-39 
[fit_atheo_model] Start fitting model-gauss_shiftMu sub-3 run-37 
[fit_atheo_model] Start fitting model-gauss_shiftMu sub-3 run-28 
Warning: The mesh attempted to expand above maximum size too many times. Try widening PLB and PUB.
> In <a href="matlab:matlab.internal.language.introspective.errorDocCallback('bads>meshOverflowCheck', '/scratch/ll3981/temporalRecalibration/review1_models/bads/bads.m', 1437)" style="font-weight:bold">bads>meshOverflowCheck</a> (<a href="matlab: opentoline('/scratch/ll3981/temporalRecalibration/review1_models/bads/bads.m',1437,0)">line 1437</a>)
In <a href="matlab:matlab.internal.language.introspective.errorDocCallback('bads', '/scratch/ll3981/temporalRecalibration/review1_models/bads/bads.m', 963)" style="font-weight:bold">bads</a> (<a href="matlab: opentoline('/scratch/ll3981/temporalRecalibration/review1_models/bads/bads.m',963,0)">line 963</a>)
In <a href="matlab:matlab.internal.language.introspective.errorDocCallback('parallel_function>make_general_channel/channel_general', '/share/apps/matlab/2022a/toolbox/matlab/lang/parallel_function.m', 837)" style="font-weight:bold">parallel_function>make_general_channel/channel_general</a> (<a href="matlab: opentoline('/share/apps/matlab/2022a/toolbox/matlab/lang/parallel_function.m',837,0)">line 837</a>)
In <a href="matlab:matlab.internal.language.introspective.errorDocCallback('remoteParallelFunction', '/share/apps/matlab/2022a/toolbox/parallel/remoteParallelFunction.m', 67)" style="font-weight:bold">remoteParallelFunction</a> (<a href="matlab: opentoline('/share/apps/matlab/2022a/toolbox/parallel/remoteParallelFunction.m',67,0)">line 67</a>)
[fit_atheo_model] Start fitting model-gauss_shiftMu sub-4 run-1 
[fit_atheo_model] Start fitting model-gauss_shiftMu sub-4 run-2 
[fit_atheo_model] Start fitting model-gauss_shiftMu sub-4 run-3 
[fit_atheo_model] Start fitting model-gauss_shiftMu sub-4 run-4 
[fit_atheo_model] Start fitting model-gauss_shiftMu sub-4 run-5 
[fit_atheo_model] Start fitting model-gauss_shiftMu sub-4 run-6 
[fit_atheo_model] Start fitting model-gauss_shiftMu sub-4 run-7 
[fit_atheo_model] Start fitting model-gauss_shiftMu sub-4 run-8 
[fit_atheo_model] Start fitting model-gauss_shiftMu sub-4 run-9 
[fit_atheo_model] Start fitting model-gauss_shiftMu sub-4 run-10 
[fit_atheo_model] Start fitting model-gauss_shiftMu sub-4 run-11 
[fit_atheo_model] Start fitting model-gauss_shiftMu sub-4 run-12 
[fit_atheo_model] Start fitting model-gauss_shiftMu sub-4 run-13 
[fit_atheo_model] Start fitting model-gauss_shiftMu sub-4 run-14 
[fit_atheo_model] Start fitting model-gauss_shiftMu sub-4 run-15 
[fit_atheo_model] Start fitting model-gauss_shiftMu sub-4 run-16 
[fit_atheo_model] Start fitting model-gauss_shiftMu sub-4 run-17 
[fit_atheo_model] Start fitting model-gauss_shiftMu sub-4 run-18 
[fit_atheo_model] Start fitting model-gauss_shiftMu sub-4 run-19 
[fit_atheo_model] Start fitting model-gauss_shiftMu sub-4 run-20 
[fit_atheo_model] Start fitting model-gauss_shiftMu sub-4 run-27 
[fit_atheo_model] Start fitting model-gauss_shiftMu sub-4 run-25 
[fit_atheo_model] Start fitting model-gauss_shiftMu sub-4 run-30 
[fit_atheo_model] Start fitting model-gauss_shiftMu sub-4 run-35 
[fit_atheo_model] Start fitting model-gauss_shiftMu sub-4 run-36 
[fit_atheo_model] Start fitting model-gauss_shiftMu sub-4 run-32 
[fit_atheo_model] Start fitting model-gauss_shiftMu sub-4 run-37 
[fit_atheo_model] Start fitting model-gauss_shiftMu sub-4 run-29 
[fit_atheo_model] Start fitting model-gauss_shiftMu sub-4 run-34 
[fit_atheo_model] Start fitting model-gauss_shiftMu sub-4 run-28 
[fit_atheo_model] Start fitting model-gauss_shiftMu sub-4 run-21 
[fit_atheo_model] Start fitting model-gauss_shiftMu sub-4 run-24 
[fit_atheo_model] Start fitting model-gauss_shiftMu sub-4 run-31 
[fit_atheo_model] Start fitting model-gauss_shiftMu sub-4 run-33 
[fit_atheo_model] Start fitting model-gauss_shiftMu sub-4 run-23 
[fit_atheo_model] Start fitting model-gauss_shiftMu sub-4 run-39 
[fit_atheo_model] Start fitting model-gauss_shiftMu sub-4 run-38 
[fit_atheo_model] Start fitting model-gauss_shiftMu sub-4 run-40 
[fit_atheo_model] Start fitting model-gauss_shiftMu sub-4 run-22 
[fit_atheo_model] Start fitting model-gauss_shiftMu sub-4 run-26 
[fit_atheo_model] Start fitting model-gauss_shiftMu sub-5 run-1 
[fit_atheo_model] Start fitting model-gauss_shiftMu sub-5 run-2 
[fit_atheo_model] Start fitting model-gauss_shiftMu sub-5 run-3 
[fit_atheo_model] Start fitting model-gauss_shiftMu sub-5 run-4 
[fit_atheo_model] Start fitting model-gauss_shiftMu sub-5 run-5 
[fit_atheo_model] Start fitting model-gauss_shiftMu sub-5 run-6 
[fit_atheo_model] Start fitting model-gauss_shiftMu sub-5 run-7 
[fit_atheo_model] Start fitting model-gauss_shiftMu sub-5 run-8 
[fit_atheo_model] Start fitting model-gauss_shiftMu sub-5 run-9 
[fit_atheo_model] Start fitting model-gauss_shiftMu sub-5 run-10 
[fit_atheo_model] Start fitting model-gauss_shiftMu sub-5 run-11 
[fit_atheo_model] Start fitting model-gauss_shiftMu sub-5 run-12 
[fit_atheo_model] Start fitting model-gauss_shiftMu sub-5 run-13 
[fit_atheo_model] Start fitting model-gauss_shiftMu sub-5 run-14 
[fit_atheo_model] Start fitting model-gauss_shiftMu sub-5 run-15 
[fit_atheo_model] Start fitting model-gauss_shiftMu sub-5 run-16 
[fit_atheo_model] Start fitting model-gauss_shiftMu sub-5 run-17 
[fit_atheo_model] Start fitting model-gauss_shiftMu sub-5 run-18 
[fit_atheo_model] Start fitting model-gauss_shiftMu sub-5 run-19 
[fit_atheo_model] Start fitting model-gauss_shiftMu sub-5 run-20 
[fit_atheo_model] Start fitting model-gauss_shiftMu sub-5 run-30 
[fit_atheo_model] Start fitting model-gauss_shiftMu sub-5 run-27 
[fit_atheo_model] Start fitting model-gauss_shiftMu sub-5 run-25 
[fit_atheo_model] Start fitting model-gauss_shiftMu sub-5 run-24 
[fit_atheo_model] Start fitting model-gauss_shiftMu sub-5 run-34 
[fit_atheo_model] Start fitting model-gauss_shiftMu sub-5 run-36 
[fit_atheo_model] Start fitting model-gauss_shiftMu sub-5 run-21 
[fit_atheo_model] Start fitting model-gauss_shiftMu sub-5 run-22 
[fit_atheo_model] Start fitting model-gauss_shiftMu sub-5 run-32 
[fit_atheo_model] Start fitting model-gauss_shiftMu sub-5 run-37 
[fit_atheo_model] Start fitting model-gauss_shiftMu sub-5 run-33 
[fit_atheo_model] Start fitting model-gauss_shiftMu sub-5 run-28 
[fit_atheo_model] Start fitting model-gauss_shiftMu sub-5 run-39 
[fit_atheo_model] Start fitting model-gauss_shiftMu sub-5 run-31 
[fit_atheo_model] Start fitting model-gauss_shiftMu sub-5 run-26 
[fit_atheo_model] Start fitting model-gauss_shiftMu sub-5 run-35 
[fit_atheo_model] Start fitting model-gauss_shiftMu sub-5 run-38 
[fit_atheo_model] Start fitting model-gauss_shiftMu sub-5 run-23 
[fit_atheo_model] Start fitting model-gauss_shiftMu sub-5 run-29 
[fit_atheo_model] Start fitting model-gauss_shiftMu sub-5 run-40 
[fit_atheo_model] Start fitting model-gauss_shiftMu sub-6 run-1 
[fit_atheo_model] Start fitting model-gauss_shiftMu sub-6 run-2 
[fit_atheo_model] Start fitting model-gauss_shiftMu sub-6 run-3 
[fit_atheo_model] Start fitting model-gauss_shiftMu sub-6 run-4 
[fit_atheo_model] Start fitting model-gauss_shiftMu sub-6 run-5 
[fit_atheo_model] Start fitting model-gauss_shiftMu sub-6 run-6 
[fit_atheo_model] Start fitting model-gauss_shiftMu sub-6 run-7 
[fit_atheo_model] Start fitting model-gauss_shiftMu sub-6 run-8 
[fit_atheo_model] Start fitting model-gauss_shiftMu sub-6 run-9 
[fit_atheo_model] Start fitting model-gauss_shiftMu sub-6 run-10 
[fit_atheo_model] Start fitting model-gauss_shiftMu sub-6 run-11 
[fit_atheo_model] Start fitting model-gauss_shiftMu sub-6 run-12 
[fit_atheo_model] Start fitting model-gauss_shiftMu sub-6 run-13 
[fit_atheo_model] Start fitting model-gauss_shiftMu sub-6 run-14 
[fit_atheo_model] Start fitting model-gauss_shiftMu sub-6 run-15 
[fit_atheo_model] Start fitting model-gauss_shiftMu sub-6 run-16 
[fit_atheo_model] Start fitting model-gauss_shiftMu sub-6 run-17 
[fit_atheo_model] Start fitting model-gauss_shiftMu sub-6 run-18 
[fit_atheo_model] Start fitting model-gauss_shiftMu sub-6 run-19 
[fit_atheo_model] Start fitting model-gauss_shiftMu sub-6 run-20 
[fit_atheo_model] Start fitting model-gauss_shiftMu sub-6 run-34 
[fit_atheo_model] Start fitting model-gauss_shiftMu sub-6 run-25 
[fit_atheo_model] Start fitting model-gauss_shiftMu sub-6 run-29 
[fit_atheo_model] Start fitting model-gauss_shiftMu sub-6 run-30 
[fit_atheo_model] Start fitting model-gauss_shiftMu sub-6 run-28 
[fit_atheo_model] Start fitting model-gauss_shiftMu sub-6 run-36 
[fit_atheo_model] Start fitting model-gauss_shiftMu sub-6 run-23 
[fit_atheo_model] Start fitting model-gauss_shiftMu sub-6 run-27 
[fit_atheo_model] Start fitting model-gauss_shiftMu sub-6 run-35 
[fit_atheo_model] Start fitting model-gauss_shiftMu sub-6 run-31 
[fit_atheo_model] Start fitting model-gauss_shiftMu sub-6 run-37 
[fit_atheo_model] Start fitting model-gauss_shiftMu sub-6 run-33 
[fit_atheo_model] Start fitting model-gauss_shiftMu sub-6 run-32 
[fit_atheo_model] Start fitting model-gauss_shiftMu sub-6 run-38 
[fit_atheo_model] Start fitting model-gauss_shiftMu sub-6 run-22 
[fit_atheo_model] Start fitting model-gauss_shiftMu sub-6 run-24 
[fit_atheo_model] Start fitting model-gauss_shiftMu sub-6 run-40 
[fit_atheo_model] Start fitting model-gauss_shiftMu sub-6 run-21 
[fit_atheo_model] Start fitting model-gauss_shiftMu sub-6 run-39 
[fit_atheo_model] Start fitting model-gauss_shiftMu sub-6 run-26 
[fit_atheo_model] Start fitting model-gauss_shiftMu sub-7 run-1 
[fit_atheo_model] Start fitting model-gauss_shiftMu sub-7 run-2 
[fit_atheo_model] Start fitting model-gauss_shiftMu sub-7 run-3 
[fit_atheo_model] Start fitting model-gauss_shiftMu sub-7 run-4 
[fit_atheo_model] Start fitting model-gauss_shiftMu sub-7 run-5 
[fit_atheo_model] Start fitting model-gauss_shiftMu sub-7 run-6 
[fit_atheo_model] Start fitting model-gauss_shiftMu sub-7 run-7 
[fit_atheo_model] Start fitting model-gauss_shiftMu sub-7 run-8 
[fit_atheo_model] Start fitting model-gauss_shiftMu sub-7 run-9 
[fit_atheo_model] Start fitting model-gauss_shiftMu sub-7 run-10 
[fit_atheo_model] Start fitting model-gauss_shiftMu sub-7 run-11 
[fit_atheo_model] Start fitting model-gauss_shiftMu sub-7 run-12 
[fit_atheo_model] Start fitting model-gauss_shiftMu sub-7 run-13 
[fit_atheo_model] Start fitting model-gauss_shiftMu sub-7 run-14 
[fit_atheo_model] Start fitting model-gauss_shiftMu sub-7 run-15 
[fit_atheo_model] Start fitting model-gauss_shiftMu sub-7 run-16 
[fit_atheo_model] Start fitting model-gauss_shiftMu sub-7 run-17 
[fit_atheo_model] Start fitting model-gauss_shiftMu sub-7 run-18 
[fit_atheo_model] Start fitting model-gauss_shiftMu sub-7 run-19 
[fit_atheo_model] Start fitting model-gauss_shiftMu sub-7 run-20 
[fit_atheo_model] Start fitting model-gauss_shiftMu sub-7 run-27 
[fit_atheo_model] Start fitting model-gauss_shiftMu sub-7 run-39 
[fit_atheo_model] Start fitting model-gauss_shiftMu sub-7 run-37 
[fit_atheo_model] Start fitting model-gauss_shiftMu sub-7 run-25 
[fit_atheo_model] Start fitting model-gauss_shiftMu sub-7 run-31 
[fit_atheo_model] Start fitting model-gauss_shiftMu sub-7 run-30 
[fit_atheo_model] Start fitting model-gauss_shiftMu sub-7 run-26 
[fit_atheo_model] Start fitting model-gauss_shiftMu sub-7 run-24 
[fit_atheo_model] Start fitting model-gauss_shiftMu sub-7 run-32 
[fit_atheo_model] Start fitting model-gauss_shiftMu sub-7 run-35 
[fit_atheo_model] Start fitting model-gauss_shiftMu sub-7 run-23 
[fit_atheo_model] Start fitting model-gauss_shiftMu sub-7 run-38 
[fit_atheo_model] Start fitting model-gauss_shiftMu sub-7 run-21 
[fit_atheo_model] Start fitting model-gauss_shiftMu sub-7 run-33 
[fit_atheo_model] Start fitting model-gauss_shiftMu sub-7 run-36 
[fit_atheo_model] Start fitting model-gauss_shiftMu sub-7 run-22 
[fit_atheo_model] Start fitting model-gauss_shiftMu sub-7 run-34 
[fit_atheo_model] Start fitting model-gauss_shiftMu sub-7 run-40 
[fit_atheo_model] Start fitting model-gauss_shiftMu sub-7 run-28 
Warning: The mesh attempted to expand above maximum size too many times. Try widening PLB and PUB.
> In <a href="matlab:matlab.internal.language.introspective.errorDocCallback('bads>meshOverflowCheck', '/scratch/ll3981/temporalRecalibration/review1_models/bads/bads.m', 1437)" style="font-weight:bold">bads>meshOverflowCheck</a> (<a href="matlab: opentoline('/scratch/ll3981/temporalRecalibration/review1_models/bads/bads.m',1437,0)">line 1437</a>)
In <a href="matlab:matlab.internal.language.introspective.errorDocCallback('bads', '/scratch/ll3981/temporalRecalibration/review1_models/bads/bads.m', 963)" style="font-weight:bold">bads</a> (<a href="matlab: opentoline('/scratch/ll3981/temporalRecalibration/review1_models/bads/bads.m',963,0)">line 963</a>)
In <a href="matlab:matlab.internal.language.introspective.errorDocCallback('parallel_function>make_general_channel/channel_general', '/share/apps/matlab/2022a/toolbox/matlab/lang/parallel_function.m', 837)" style="font-weight:bold">parallel_function>make_general_channel/channel_general</a> (<a href="matlab: opentoline('/share/apps/matlab/2022a/toolbox/matlab/lang/parallel_function.m',837,0)">line 837</a>)
In <a href="matlab:matlab.internal.language.introspective.errorDocCallback('remoteParallelFunction', '/share/apps/matlab/2022a/toolbox/parallel/remoteParallelFunction.m', 67)" style="font-weight:bold">remoteParallelFunction</a> (<a href="matlab: opentoline('/share/apps/matlab/2022a/toolbox/parallel/remoteParallelFunction.m',67,0)">line 67</a>)
[fit_atheo_model] Start fitting model-gauss_shiftMu sub-7 run-29 
[fit_atheo_model] Start fitting model-gauss_shiftMu sub-8 run-1 
[fit_atheo_model] Start fitting model-gauss_shiftMu sub-8 run-2 
[fit_atheo_model] Start fitting model-gauss_shiftMu sub-8 run-3 
[fit_atheo_model] Start fitting model-gauss_shiftMu sub-8 run-4 
[fit_atheo_model] Start fitting model-gauss_shiftMu sub-8 run-5 
[fit_atheo_model] Start fitting model-gauss_shiftMu sub-8 run-6 
[fit_atheo_model] Start fitting model-gauss_shiftMu sub-8 run-7 
[fit_atheo_model] Start fitting model-gauss_shiftMu sub-8 run-8 
[fit_atheo_model] Start fitting model-gauss_shiftMu sub-8 run-9 
[fit_atheo_model] Start fitting model-gauss_shiftMu sub-8 run-10 
[fit_atheo_model] Start fitting model-gauss_shiftMu sub-8 run-11 
[fit_atheo_model] Start fitting model-gauss_shiftMu sub-8 run-12 
[fit_atheo_model] Start fitting model-gauss_shiftMu sub-8 run-13 
[fit_atheo_model] Start fitting model-gauss_shiftMu sub-8 run-14 
[fit_atheo_model] Start fitting model-gauss_shiftMu sub-8 run-15 
[fit_atheo_model] Start fitting model-gauss_shiftMu sub-8 run-16 
[fit_atheo_model] Start fitting model-gauss_shiftMu sub-8 run-17 
[fit_atheo_model] Start fitting model-gauss_shiftMu sub-8 run-18 
[fit_atheo_model] Start fitting model-gauss_shiftMu sub-8 run-19 
[fit_atheo_model] Start fitting model-gauss_shiftMu sub-8 run-20 
[fit_atheo_model] Start fitting model-gauss_shiftMu sub-8 run-36 
[fit_atheo_model] Start fitting model-gauss_shiftMu sub-8 run-34 
[fit_atheo_model] Start fitting model-gauss_shiftMu sub-8 run-30 
[fit_atheo_model] Start fitting model-gauss_shiftMu sub-8 run-39 
[fit_atheo_model] Start fitting model-gauss_shiftMu sub-8 run-26 
[fit_atheo_model] Start fitting model-gauss_shiftMu sub-8 run-28 
[fit_atheo_model] Start fitting model-gauss_shiftMu sub-8 run-23 
[fit_atheo_model] Start fitting model-gauss_shiftMu sub-8 run-25 
[fit_atheo_model] Start fitting model-gauss_shiftMu sub-8 run-33 
[fit_atheo_model] Start fitting model-gauss_shiftMu sub-8 run-35 
[fit_atheo_model] Start fitting model-gauss_shiftMu sub-8 run-37 
[fit_atheo_model] Start fitting model-gauss_shiftMu sub-8 run-22 
[fit_atheo_model] Start fitting model-gauss_shiftMu sub-8 run-40 
[fit_atheo_model] Start fitting model-gauss_shiftMu sub-8 run-21 
[fit_atheo_model] Start fitting model-gauss_shiftMu sub-8 run-32 
[fit_atheo_model] Start fitting model-gauss_shiftMu sub-8 run-31 
[fit_atheo_model] Start fitting model-gauss_shiftMu sub-8 run-29 
[fit_atheo_model] Start fitting model-gauss_shiftMu sub-8 run-38 
[fit_atheo_model] Start fitting model-gauss_shiftMu sub-8 run-24 
[fit_atheo_model] Start fitting model-gauss_shiftMu sub-8 run-27 
[fit_atheo_model] Start fitting model-gauss_shiftMu sub-9 run-1 
[fit_atheo_model] Start fitting model-gauss_shiftMu sub-9 run-2 
[fit_atheo_model] Start fitting model-gauss_shiftMu sub-9 run-3 
[fit_atheo_model] Start fitting model-gauss_shiftMu sub-9 run-4 
[fit_atheo_model] Start fitting model-gauss_shiftMu sub-9 run-5 
[fit_atheo_model] Start fitting model-gauss_shiftMu sub-9 run-6 
[fit_atheo_model] Start fitting model-gauss_shiftMu sub-9 run-7 
[fit_atheo_model] Start fitting model-gauss_shiftMu sub-9 run-8 
[fit_atheo_model] Start fitting model-gauss_shiftMu sub-9 run-9 
[fit_atheo_model] Start fitting model-gauss_shiftMu sub-9 run-10 
[fit_atheo_model] Start fitting model-gauss_shiftMu sub-9 run-11 
[fit_atheo_model] Start fitting model-gauss_shiftMu sub-9 run-12 
[fit_atheo_model] Start fitting model-gauss_shiftMu sub-9 run-13 
[fit_atheo_model] Start fitting model-gauss_shiftMu sub-9 run-14 
[fit_atheo_model] Start fitting model-gauss_shiftMu sub-9 run-15 
[fit_atheo_model] Start fitting model-gauss_shiftMu sub-9 run-16 
[fit_atheo_model] Start fitting model-gauss_shiftMu sub-9 run-17 
[fit_atheo_model] Start fitting model-gauss_shiftMu sub-9 run-18 
[fit_atheo_model] Start fitting model-gauss_shiftMu sub-9 run-19 
[fit_atheo_model] Start fitting model-gauss_shiftMu sub-9 run-20 
[fit_atheo_model] Start fitting model-gauss_shiftMu sub-9 run-33 
[fit_atheo_model] Start fitting model-gauss_shiftMu sub-9 run-21 
[fit_atheo_model] Start fitting model-gauss_shiftMu sub-9 run-26 
[fit_atheo_model] Start fitting model-gauss_shiftMu sub-9 run-23 
[fit_atheo_model] Start fitting model-gauss_shiftMu sub-9 run-30 
[fit_atheo_model] Start fitting model-gauss_shiftMu sub-9 run-25 
[fit_atheo_model] Start fitting model-gauss_shiftMu sub-9 run-34 
[fit_atheo_model] Start fitting model-gauss_shiftMu sub-9 run-36 
[fit_atheo_model] Start fitting model-gauss_shiftMu sub-9 run-40 
[fit_atheo_model] Start fitting model-gauss_shiftMu sub-9 run-27 
[fit_atheo_model] Start fitting model-gauss_shiftMu sub-9 run-24 
[fit_atheo_model] Start fitting model-gauss_shiftMu sub-9 run-37 
[fit_atheo_model] Start fitting model-gauss_shiftMu sub-9 run-32 
[fit_atheo_model] Start fitting model-gauss_shiftMu sub-9 run-38 
[fit_atheo_model] Start fitting model-gauss_shiftMu sub-9 run-29 
[fit_atheo_model] Start fitting model-gauss_shiftMu sub-9 run-31 
[fit_atheo_model] Start fitting model-gauss_shiftMu sub-9 run-39 
[fit_atheo_model] Start fitting model-gauss_shiftMu sub-9 run-35 
[fit_atheo_model] Start fitting model-gauss_shiftMu sub-9 run-28 
[fit_atheo_model] Start fitting model-gauss_shiftMu sub-9 run-22 
[fit_atheo_model] Start fitting model-gauss_shiftMu sub-10 run-1 
[fit_atheo_model] Start fitting model-gauss_shiftMu sub-10 run-2 
[fit_atheo_model] Start fitting model-gauss_shiftMu sub-10 run-3 
[fit_atheo_model] Start fitting model-gauss_shiftMu sub-10 run-4 
[fit_atheo_model] Start fitting model-gauss_shiftMu sub-10 run-5 
[fit_atheo_model] Start fitting model-gauss_shiftMu sub-10 run-6 
[fit_atheo_model] Start fitting model-gauss_shiftMu sub-10 run-7 
[fit_atheo_model] Start fitting model-gauss_shiftMu sub-10 run-8 
[fit_atheo_model] Start fitting model-gauss_shiftMu sub-10 run-9 
[fit_atheo_model] Start fitting model-gauss_shiftMu sub-10 run-10 
[fit_atheo_model] Start fitting model-gauss_shiftMu sub-10 run-11 
[fit_atheo_model] Start fitting model-gauss_shiftMu sub-10 run-12 
[fit_atheo_model] Start fitting model-gauss_shiftMu sub-10 run-13 
[fit_atheo_model] Start fitting model-gauss_shiftMu sub-10 run-14 
[fit_atheo_model] Start fitting model-gauss_shiftMu sub-10 run-15 
[fit_atheo_model] Start fitting model-gauss_shiftMu sub-10 run-16 
[fit_atheo_model] Start fitting model-gauss_shiftMu sub-10 run-17 
[fit_atheo_model] Start fitting model-gauss_shiftMu sub-10 run-18 
[fit_atheo_model] Start fitting model-gauss_shiftMu sub-10 run-19 
[fit_atheo_model] Start fitting model-gauss_shiftMu sub-10 run-20 
[fit_atheo_model] Start fitting model-gauss_shiftMu sub-10 run-39 
[fit_atheo_model] Start fitting model-gauss_shiftMu sub-10 run-35 
[fit_atheo_model] Start fitting model-gauss_shiftMu sub-10 run-34 
[fit_atheo_model] Start fitting model-gauss_shiftMu sub-10 run-37 
[fit_atheo_model] Start fitting model-gauss_shiftMu sub-10 run-25 
[fit_atheo_model] Start fitting model-gauss_shiftMu sub-10 run-28 
[fit_atheo_model] Start fitting model-gauss_shiftMu sub-10 run-23 
[fit_atheo_model] Start fitting model-gauss_shiftMu sub-10 run-24 
[fit_atheo_model] Start fitting model-gauss_shiftMu sub-10 run-29 
[fit_atheo_model] Start fitting model-gauss_shiftMu sub-10 run-30 
[fit_atheo_model] Start fitting model-gauss_shiftMu sub-10 run-33 
[fit_atheo_model] Start fitting model-gauss_shiftMu sub-10 run-21 
[fit_atheo_model] Start fitting model-gauss_shiftMu sub-10 run-26 
[fit_atheo_model] Start fitting model-gauss_shiftMu sub-10 run-22 
[fit_atheo_model] Start fitting model-gauss_shiftMu sub-10 run-40 
[fit_atheo_model] Start fitting model-gauss_shiftMu sub-10 run-38 
[fit_atheo_model] Start fitting model-gauss_shiftMu sub-10 run-27 
[fit_atheo_model] Start fitting model-gauss_shiftMu sub-10 run-31 
[fit_atheo_model] Start fitting model-gauss_shiftMu sub-10 run-32 
[fit_atheo_model] Start fitting model-gauss_shiftMu sub-10 run-36 
Parallel pool using the 'local' profile is shutting down.
>> >> 