MATLAB is selecting SOFTWARE OPENGL rendering.

                            < M A T L A B (R) >
                  Copyright 1984-2022 The MathWorks, Inc.
                  R2022a (9.12.0.1884302) 64-bit (glnxa64)
                             February 16, 2022

 
To get started, type doc.
For product information, visit www.mathworks.com.
 
>> job number: 4 
Number of cores: 21  
Starting parallel pool (parpool) using the 'local' profile ...
Connected to the parallel pool (number of workers: 20).
[fit_atheo_model_VBMC] Start fitting model-gauss_shiftMu sub-1 run-1 
Beginning variational optimization assuming EXACT observations of the log-joint.
 Iteration  f-count    Mean[ELBO]    Std[ELBO]    sKL-iter[q]   K[q]  Convergence  Action
     1         20       -4896.16       493.06    353306.78        2        Inf     start warm-up
     2         25       -3801.14       164.81       169.92        2        Inf     
     3         30       -2756.77        58.25       188.06        2   5.41e+03     
     4         35       -2553.38        59.98       176.70        2   2.51e+03     
     5         40       -2476.20        41.73       209.41        2   2.33e+03     
     6         45       -2323.77        24.80        66.35        2    1.2e+03     
     7         50       -2289.96        21.21        86.88        2        987     
     8         55       -2197.29        17.33        47.77        2        808     
     9         60       -2127.41         7.26        47.87        2        700     
    10         65       -2116.06         0.56        10.50        2        137     
    11         70       -2114.23         0.32         1.85        2       24.3     
    12         75       -2110.95         0.65         4.95        2       58.9     
    13         80       -2108.31         0.51         2.23        2       31.1     
    14         85       -2105.29         0.50         4.17        2       50.3     
    15         90       -2099.08         1.86        10.23        2        122     
    16         95       -2096.51         0.66         2.43        2       33.2     
    17        100       -2093.58         0.59         2.16        2       31.7     
    18        105       -2091.73         0.29         1.90        2       24.7     
    19        110       -2090.24         0.39         0.86        2       14.2     
    20        115       -2089.72         0.48         0.36        2       6.66     
    21        120       -2090.12         0.16         0.16        2       3.33     
    22        125       -2089.69         0.11         0.11        2       2.83     
    23        130       -2089.59         0.08         0.07        2       1.21     
    24        135       -2089.40         0.09         0.04        2       1.28     end warm-up
    25        140       -2089.08         0.05         0.07        2       1.86     
    26        145       -2088.89         0.04         0.02        2       0.98     
    27        150       -2089.00         0.02         0.03        5      0.787     
    28        155       -2089.00         0.03         0.01        5      0.167     
    29        160       -2089.01         0.04         0.00        5      0.218     
    30        165       -2089.03         0.03         0.00        5      0.183     rotoscale, undo
    31        170       -2088.97         0.02         0.00        5      0.253     
    32        175       -2089.02         0.02         0.00        8       0.27     
    33        180       -2088.98         0.02         0.00        8      0.238     
    34        185       -2089.00         0.03         0.00       11      0.187     
    35        190       -2089.01         0.01         0.00       11      0.134     stable
   Inf        190       -2089.00         0.01         0.00       50      0.134     finalize

Inference terminated: variational solution stable for OPTIONS.TolStableCount fcn evaluations.
Estimated ELBO: -2088.997 +/- 0.014.

[fit_atheo_model_VBMC] Start fitting model-gauss_shiftMu sub-1 run-2 
Beginning variational optimization assuming EXACT observations of the log-joint.
 Iteration  f-count    Mean[ELBO]    Std[ELBO]    sKL-iter[q]   K[q]  Convergence  Action
     1         20       -4612.01       105.42    609909.39        2        Inf     start warm-up
     2         25       -3210.72       326.92       150.35        2        Inf     
     3         30       -2728.27       204.75       237.85        2   4.49e+03     
     4         35       -2273.75        84.94       312.56        2   4.69e+03     
     5         40       -2095.80        99.34       194.78        2   2.73e+03     
     6         45       -2124.99        70.04        79.41        2   1.06e+03     
     7         50       -2127.99        11.68        22.28        2        255     
     8         55       -2118.93         3.30         8.52        2        120     
     9         60       -2107.35         3.92        16.97        2        208     
    10         65       -2100.86         0.70         4.41        2       64.7     
    11         70       -2100.18         0.37         0.95        2       12.3     
    12         75       -2099.81         0.29         0.55        2       7.24     
    13         80       -2092.74        11.67        45.57        2        484     
    14         85       -2092.83         2.40         6.58        2       69.1     
    15         90       -2090.12         1.21         6.04        2       68.9     
    16         95       -2089.43         0.21         0.56        2        8.2     
    17        100       -2089.45         0.14         0.19        2        2.3     
    18        105       -2089.13         0.12         0.13        2       2.68     
    19        110       -2089.14         0.09         0.08        2       1.09     end warm-up
    20        115       -2088.89         0.06         0.07        2       1.65     
    21        120       -2088.69         0.08         0.05        2       1.43     
    22        125       -2088.81         0.04         0.05        3      0.977     
    23        130       -2088.77         0.04         0.01        3      0.333     
    24        135       -2088.87         0.04         0.01        6      0.513     
    25        140       -2088.96         0.03         0.01        6      0.475     rotoscale, undo
    26        145       -2088.97         0.02         0.01        6      0.174     
    27        150       -2088.91         0.01         0.01        6      0.344     
    28        155       -2088.96         0.02         0.01        9      0.343     
    29        160       -2088.94         0.03         0.01        9      0.244     
    30        165       -2088.98         0.02         0.00        9      0.242     
    31        170       -2088.90         0.02         0.00        9      0.384     stable
   Inf        170       -2089.00         0.02         0.02       50      0.384     finalize

Inference terminated: variational solution stable for OPTIONS.TolStableCount fcn evaluations.
Estimated ELBO: -2089.000 +/- 0.018.

[fit_atheo_model_VBMC] Start fitting model-gauss_shiftMu sub-1 run-3 
Beginning variational optimization assuming EXACT observations of the log-joint.
 Iteration  f-count    Mean[ELBO]    Std[ELBO]    sKL-iter[q]   K[q]  Convergence  Action
     1         20       -3434.80       301.99    706042.70        2        Inf     start warm-up
     2         25       -2679.04       174.03       372.82        2        Inf     
     3         30       -2570.30        83.40       232.62        2   2.79e+03     
     4         35       -2273.32       105.22       182.18        2   3.02e+03     
     5         40       -2087.48        85.31       165.72        2   2.44e+03     
     6         45       -2071.06        24.87        76.87        2        848     
     7         50       -2079.21        34.73        82.45        2        905     
     8         55       -2085.96        10.24        89.05        2        880     
     9         60       -2089.57         2.52        15.91        2        167     
    10         65       -2091.52         0.42         2.31        2       29.2     
    11         70       -2090.57         0.60         1.13        2       15.6     
    12         75       -2090.33         0.45         0.71        2       8.87     
    13         80       -2090.00         0.16         0.19        2       3.37     
    14         85       -2089.63         0.27         0.49        2        6.7     
    15         90       -2089.68         0.16         0.23        2       2.79     
    16         95       -2089.20         0.15         0.21        2       4.04     end warm-up
    17        100       -2088.96         0.06         0.13        2       2.22     
    18        105       -2088.98         0.04         0.02        2       0.36     
    19        110       -2088.93         0.04         0.01        5      0.382     
    20        115       -2088.96         0.03         0.01        8      0.292     
    21        120       -2088.97         0.02         0.01       11      0.135     
    22        125       -2088.97         0.02         0.00       14      0.123     rotoscale, undo
    23        130       -2088.95         0.03         0.01       14      0.206     
    24        135       -2088.97         0.02         0.01       14      0.243     
    25        140       -2088.99         0.01         0.03       14      0.371     
    26        145       -2088.98         0.02         0.04       17       0.42     
    27        150       -2088.96         0.02         0.02       17      0.285     stable
   Inf        150       -2088.98         0.02         0.01       50      0.285     finalize

Inference terminated: variational solution stable for OPTIONS.TolStableCount fcn evaluations.
Estimated ELBO: -2088.979 +/- 0.021.

[fit_atheo_model_VBMC] Start fitting model-gauss_shiftMu sub-1 run-4 
Beginning variational optimization assuming EXACT observations of the log-joint.
 Iteration  f-count    Mean[ELBO]    Std[ELBO]    sKL-iter[q]   K[q]  Convergence  Action
     1         20       -4796.61      1026.51    347796.72        2        Inf     start warm-up
     2         25       -3396.90        59.26       234.89        2        Inf     
     3         30       -2879.33       120.91      2207.75        2   2.25e+04     
     4         35       -2377.60        88.32       344.36        2   5.15e+03     
     5         40       -2184.45        47.98       142.44        2   2.12e+03     
     6         45       -2181.85        14.98        26.13        2        300     
     7         50       -2148.30         9.17        26.85        2        391     
     8         55       -2134.51         4.95        23.43        2        279     
     9         60       -2127.87         2.36         6.90        2       93.8     
    10         65       -2113.45         6.88        23.28        2        286     
    11         70       -2113.01         2.24         3.04        2         37     
    12         75       -2104.48         1.61         9.33        2        120     
    13         80       -2104.87         0.42         0.81        2       10.2     
    14         85       -2102.51         0.43         3.64        2         43     
    15         90       -2097.98         1.61         8.22        2       96.5     
    16         95       -2095.98         0.84         2.49        2       32.5     
    17        100       -2093.79         0.86         2.30        2       31.4     
    18        105       -2091.55         0.50         2.22        2       29.6     
    19        110       -2090.41         0.17         0.40        2       8.09     
    20        115       -2089.92         0.27         0.28        2       5.12     
    21        120       -2089.77         0.12         0.08        2        1.6     
    22        125       -2089.57         0.12         0.07        2       1.74     end warm-up
    23        130       -2088.84         0.08         0.21        2       4.63     
    24        135       -2088.91         0.05         0.02        2      0.567     
    25        140       -2088.95         0.04         0.01        5      0.322     
    26        145       -2088.94         0.03         0.01        5      0.176     
    27        150       -2088.99         0.03         0.00        8      0.308     
    28        155       -2088.98         0.02         0.01        8       0.22     rotoscale, undo
    29        160       -2088.97         0.02         0.01        8      0.171     
    30        165       -2089.03         0.02         0.01       11       0.28     
    31        170       -2088.96         0.02         0.01       11      0.362     
    32        175       -2088.99         0.03         0.01       14      0.214     
    33        180       -2088.96         0.01         0.00       14      0.146     stable
   Inf        180       -2088.97         0.01         0.00       50      0.146     finalize

Inference terminated: variational solution stable for OPTIONS.TolStableCount fcn evaluations.
Estimated ELBO: -2088.966 +/- 0.013.

[fit_atheo_model_VBMC] Start fitting model-gauss_shiftMu sub-1 run-5 
Beginning variational optimization assuming EXACT observations of the log-joint.
 Iteration  f-count    Mean[ELBO]    Std[ELBO]    sKL-iter[q]   K[q]  Convergence  Action
     1         20       -4291.25       829.15   1349670.25        2        Inf     start warm-up
     2         25       -3103.40        82.46       233.89        2        Inf     
     3         30       -2778.82        57.43       168.77        2   2.83e+03     
     4         35       -2224.85       110.20       620.64        2   7.95e+03     
     5         40       -2215.33        63.98       352.06        2    3.5e+03     
     6         45       -2141.20        81.40       576.83        2   5.85e+03     
     7         50       -2130.57        22.76        96.04        2        999     
     8         55       -2072.26        35.50       166.29        2   1.85e+03     
     9         60       -2094.08         9.21        66.35        2        717     
    10         65       -2103.27         3.09         7.03        2        106     
    11         70       -2104.05         0.69         2.08        2       24.1     
    12         75       -2099.64         3.15        11.69        2        133     
    13         80       -2096.38         3.36         5.72        2         75     
    14         85       -2092.10         2.42         8.61        2        102     
    15         90       -2090.74         0.58         0.92        2         15     
    16         95       -2090.04         0.31         0.61        2       9.02     
    17        100       -2089.74         0.18         0.15        2       2.96     
    18        105       -2089.68         0.12         0.07        2       1.26     
    19        110       -2089.52         0.12         0.06        2       1.52     
    20        115       -2089.34         0.19         0.07        2       1.92     end warm-up
    21        120       -2089.11         0.06         0.04        2       1.29     
    22        125       -2089.05         0.09         0.03        2      0.799     
    23        130       -2089.06         0.03         0.03        5      0.457     
    24        135       -2089.02         0.05         0.01        8      0.357     
    25        140       -2088.97         0.06         0.01        8      0.412     
    26        145       -2088.97         0.03         0.01       11      0.204     rotoscale, undo
    27        150       -2088.95         0.03         0.00       14      0.223     
    28        155       -2088.93         0.02         0.01       16      0.174     
    29        160       -2088.98         0.02         0.00       15      0.232     
    30        165       -2088.94         0.02         0.00       15      0.208     
    31        170       -2088.98         0.02         0.00       16      0.217     stable
   Inf        170       -2088.95         0.02         0.00       50      0.217     finalize

Inference terminated: variational solution stable for OPTIONS.TolStableCount fcn evaluations.
Estimated ELBO: -2088.951 +/- 0.015.

[fit_atheo_model_VBMC] Start fitting model-gauss_shiftMu sub-1 run-6 
Beginning variational optimization assuming EXACT observations of the log-joint.
 Iteration  f-count    Mean[ELBO]    Std[ELBO]    sKL-iter[q]   K[q]  Convergence  Action
     1         20       -4467.24       110.25   1673668.39        2        Inf     start warm-up
     2         25       -3052.90       153.30       186.11        2        Inf     
     3         30       -2602.43        92.72       106.34        2   2.79e+03     
     4         35       -2387.50        68.60       136.23        2    2.2e+03     
     5         40       -2042.07       124.81       383.30        2   5.11e+03     
     6         45       -2117.65        47.73       288.16        2   3.08e+03     
     7         50       -2126.55        18.25       174.76        2   1.71e+03     
     8         55       -2103.55        18.45        31.51        2        429     
     9         60       -2102.39         4.71        10.14        2        113     
    10         65       -2107.40         2.47        18.96        2        200     
    11         70       -2108.05         0.34         2.24        2         24     
    12         75       -2107.11         0.34         1.23        2       15.7     
    13         80       -2099.50        14.76        28.42        2        337     
    14         85       -2103.05         1.15         5.76        2         69     
    15         90       -2100.89         1.88         5.22        2       61.7     
    16         95       -2097.63         1.69         5.21        2       64.7     
    17        100       -2093.97         1.29         4.58        2       58.9     
    18        105       -2090.55         1.99         4.41        2       58.8     
    19        110       -2089.25         0.36         0.92        2       14.1     
    20        115       -2089.33         0.20         0.29        2       3.64     
    21        120       -2089.13         0.09         0.09        2       1.86     
    22        125       -2089.15         0.06         0.09        2       1.13     end warm-up
    23        130       -2088.97         0.06         0.18        2       2.44     
    24        135       -2088.95         0.03         0.03        2      0.505     
    25        140       -2088.87         0.02         0.01        5      0.406     
    26        145       -2088.97         0.03         0.01        8      0.473     
    27        150       -2088.96         0.02         0.01        8      0.145     
    28        155       -2088.95         0.02         0.00        8      0.133     rotoscale, undo
    29        160       -2088.94         0.02         0.00        8      0.148     
    30        165       -2088.93         0.02         0.00       11     0.0931     
    31        170       -2088.96         0.03         0.00       14      0.234     
    32        175       -2088.94         0.02         0.00       14      0.169     
    33        180       -2089.01         0.01         0.02       14      0.452     stable
   Inf        180       -2088.97         0.01         0.01       50      0.452     finalize

Inference terminated: variational solution stable for OPTIONS.TolStableCount fcn evaluations.
Estimated ELBO: -2088.971 +/- 0.011.

[fit_atheo_model_VBMC] Start fitting model-gauss_shiftMu sub-1 run-7 
Beginning variational optimization assuming EXACT observations of the log-joint.
 Iteration  f-count    Mean[ELBO]    Std[ELBO]    sKL-iter[q]   K[q]  Convergence  Action
     1         20       -3992.99       180.14     25625.51        2        Inf     start warm-up
     2         25       -3346.12       343.87       421.28        2        Inf     
     3         30       -2847.05        96.40       272.97        2   4.51e+03     
     4         35       -2205.81       156.99       575.70        2   7.98e+03     
     5         40       -2237.47        99.48      7062.55        2   6.57e+04     
     6         45       -2148.28        61.51        52.05        2        984     
     7         50       -2104.14        62.48        72.52        2   1.03e+03     
     8         55       -2116.15        22.55        50.50        2        582     
     9         60       -2099.57        11.02        56.46        2        614     
    10         65       -2094.82         1.50         1.62        2       35.9     
    11         70       -2092.60         0.64         1.58        2       24.2     
    12         75       -2090.08         0.98         3.74        2       46.3     
    13         80       -2089.89         0.31         0.61        2       7.35     
    14         85       -2089.35         0.50         0.96        2       12.3     
    15         90       -2089.19         0.18         0.49        2       5.68     
    16         95       -2089.03         0.15         0.30        2       3.86     
    17        100       -2089.05         0.16         0.06        2       1.19     
    18        105       -2088.86         0.18         0.10        2       2.17     end warm-up
    19        110       -2088.57         0.10         0.20        2       3.18     
    20        115       -2088.62         0.16         0.07        2       1.36     
    21        120       -2088.84         0.07         0.04        3       1.37     
    22        125       -2088.81         0.06         0.02        4      0.499     
    23        130       -2088.90         0.06         0.04        7      0.914     
    24        135       -2088.91         0.06         0.07        7      0.846     rotoscale, undo
    25        140       -2088.94         0.02         0.06        7      0.781     
    26        145       -2088.89         0.03         0.01        7      0.366     
    27        150       -2088.89         0.02         0.01       10      0.142     
    28        155       -2088.92         0.03         0.01       13      0.249     
    29        160       -2088.93         0.03         0.01       13      0.191     
    30        165       -2088.90         0.02         0.00       13      0.209     
    31        170       -2088.97         0.02         0.00       13      0.348     stable
   Inf        170       -2089.04         0.02         0.04       50      0.348     finalize

Inference terminated: variational solution stable for OPTIONS.TolStableCount fcn evaluations.
Estimated ELBO: -2089.040 +/- 0.019.

[fit_atheo_model_VBMC] Start fitting model-gauss_shiftMu sub-1 run-8 
Beginning variational optimization assuming EXACT observations of the log-joint.
 Iteration  f-count    Mean[ELBO]    Std[ELBO]    sKL-iter[q]   K[q]  Convergence  Action
     1         20       -3548.75       504.08    593773.74        2        Inf     start warm-up
     2         25       -2786.11        88.85       193.76        2        Inf     
     3         30       -2390.73        54.31       106.35        2   2.48e+03     
     4         35       -2253.15        45.08        69.70        2   1.25e+03     
     5         40       -2197.03        38.03       133.78        2   1.55e+03     
     6         45       -2165.38        16.35        73.80        2        842     
     7         50       -2133.06        11.09        26.47        2        389     
     8         55       -2135.34         5.68        41.75        2        412     
     9         60       -2129.82         1.41        10.59        2        121     
    10         65       -2116.32         2.09        18.00        2        218     
    11         70       -2108.96         1.64         4.95        2       75.8     
    12         75       -2103.90         1.22         4.68        2       64.1     
    13         80       -2080.52         3.46        66.55        2        705     
    14         85       -2090.03         0.36         1.26        2       44.6     
    15         90       -2089.21         0.37         1.55        2       18.3     
    16         95       -2089.34         0.32         0.63        2       7.31     
    17        100       -2089.52         0.13         0.40        2       4.75     
    18        105       -2089.53         0.09         0.05        2      0.803     end warm-up
    19        110       -2088.91         0.04         0.17        2        3.8     
    20        115       -2089.04         0.05         0.02        2      0.806     
    21        120       -2089.01         0.03         0.01        5      0.329     
    22        125       -2088.97         0.03         0.02        8      0.371     
    23        130       -2089.04         0.02         0.01       10      0.411     
    24        135       -2089.03         0.04         0.00       10      0.185     rotoscale, undo
    25        140       -2089.01         0.02         0.00       10      0.179     
    26        145       -2089.03         0.02         0.01       10      0.171     
    27        150       -2089.03         0.01         0.00       10     0.0839     
    28        155       -2089.04         0.02         0.00       10      0.161     stable
   Inf        155       -2089.01         0.02         0.00       50      0.161     finalize

Inference terminated: variational solution stable for OPTIONS.TolStableCount fcn evaluations.
Estimated ELBO: -2089.013 +/- 0.024.

[fit_atheo_model_VBMC] Start fitting model-gauss_shiftMu sub-1 run-9 
Beginning variational optimization assuming EXACT observations of the log-joint.
 Iteration  f-count    Mean[ELBO]    Std[ELBO]    sKL-iter[q]   K[q]  Convergence  Action
     1         20       -4209.32       139.18    767151.68        2        Inf     start warm-up
     2         25       -2866.55       285.90       209.94        2        Inf     
     3         30       -2275.21        69.81       172.83        2    3.8e+03     
     4         35       -2198.17        65.04       122.07        2    1.6e+03     
     5         40       -2180.24        51.80       117.15        2   1.32e+03     
     6         45       -2165.06        20.07        37.87        2        468     
     7         50       -2135.69        11.09        35.42        2        462     
     8         55       -2112.53         6.23        15.88        2        245     
     9         60       -2115.80         3.21        13.87        2        150     
    10         65       -2116.30         0.58         1.66        2         19     
    11         70       -2115.81         0.24         0.97        2       11.4     
    12         75       -2113.75         0.76         2.70        2       34.4     
    13         80       -2105.86         3.59        19.34        2        217     
    14         85       -2101.16         0.98         5.50        2       69.8     
    15         90       -2095.04         1.58         8.89        2        108     
    16         95       -2091.07         0.57         3.52        2       47.6     
slurmstepd: error: *** JOB 48069409 ON cs024 CANCELLED AT 2024-06-29T22:52:56 ***
