MATLAB is selecting SOFTWARE OPENGL rendering.

                            < M A T L A B (R) >
                  Copyright 1984-2022 The MathWorks, Inc.
                  R2022a (9.12.0.1884302) 64-bit (glnxa64)
                             February 16, 2022

 
To get started, type doc.
For product information, visit www.mathworks.com.
 
>> job number: 3 
Number of cores: 21  
Starting parallel pool (parpool) using the 'local' profile ...
Connected to the parallel pool (number of workers: 20).
[fit_atheo_model_VBMC] Start fitting model-gauss_shiftC sub-1 run-1 
Beginning variational optimization assuming EXACT observations of the log-joint.
 Iteration  f-count    Mean[ELBO]    Std[ELBO]    sKL-iter[q]   K[q]  Convergence  Action
     1         20       -2787.92        56.79   1549450.36        2        Inf     start warm-up
     2         25       -2485.78        57.41       238.18        2        Inf     
     3         30       -2393.65        30.93       165.32        2   1.94e+03     
     4         35       -2322.79        14.53        48.68        2        735     
     5         40       -2295.67         9.30        15.96        2        269     
     6         45       -2261.30        13.87        36.01        2        494     
     7         50       -2196.45        23.25        55.88        2        810     
     8         55       -2189.66         6.15         8.77        2        124     
     9         60       -2185.11         3.41         6.34        2       85.2     
    10         65       -2180.30         2.11         7.54        2       92.7     
    11         70       -2179.40         1.39         3.79        2       42.7     
    12         75       -2178.82         0.75         1.45        2       17.8     
    13         80       -2177.21         0.50         1.13        2       17.4     
    14         85       -2174.23         3.38         5.47        2       71.8     
    15         90       -2170.26         5.78         9.23        2        118     
    16         95       -2169.99         2.12         2.48        2       30.9     
    17        100       -2168.58         1.85         3.96        2       47.5     
    18        105       -2162.74         1.79         7.02        2       90.4     
    19        110       -2161.88         3.43         7.81        2       86.5     
    20        115       -2163.55         0.35         2.37        2       28.6     
    21        120       -2162.59         1.17         0.93        2       15.7     
    22        125       -2161.57         0.77         1.06        2       15.7     
    23        130       -2161.09         1.37         1.26        2       17.8     end warm-up
    24        135       -2159.30         0.62         1.69        2       22.7     
    25        140       -2159.38         0.60         1.41        2       15.4     
    26        145       -2159.64         0.25         0.35        3       4.94     
    27        150       -2159.41         1.01         0.47        4       8.53     
    28        155       -2159.50         0.87         0.09        4       3.99     
    29        160       -2159.90         0.30         0.17        4       3.89     
    30        165       -2159.22         0.34         0.32        4       6.35     
    31        170       -2159.50         0.43         0.56        5        7.6     
    32        175       -2159.76         0.35         0.24        5       4.23     
    33        180       -2159.96         0.17         0.27        5       3.74     
    34        185       -2159.92         0.16         0.12        5       1.79     
    35        190       -2159.89         0.11         0.11        6       1.51     rotoscale, undo
    36        195       -2159.85         0.16         0.06        7       1.23     
    37        200       -2159.77         0.16         0.04        7       1.12     
    38        205       -2159.72         0.27         0.09        7       1.93     
    39        210       -2159.80         0.12         0.07        7       1.29     
    40        215       -2159.70         0.14         0.07        8       1.44     
    41        220       -2159.66         0.18         0.07        9       1.38     
    42        225       -2159.62         0.17         0.05        9       1.21     
    43        230       -2159.82         0.08         0.03        9       1.16     
    44        235       -2159.77         0.11         0.04       10      0.859     
    45        240       -2159.75         0.07         0.05       10      0.739     
    46        240       -2159.66         0.10         0.08       11       1.32     rotoscale
    47        245       -2159.63         0.12         0.03       12      0.756     
    48        250       -2159.64         0.08         0.02       12      0.523     
    49        255       -2159.70         0.10         0.03       15      0.798     
    50        260       -2159.58         0.09         0.01       15      0.819     
    51        265       -2159.59         0.13         0.06       18       1.03     
    52        270       -2159.63         0.12         0.06       18       1.07     
    53        275       -2159.40         0.21         0.05       18       1.88     
    54        280       -2159.31         0.17         0.04       17       1.18     
    55        285       -2159.45         0.08         0.04       16       1.13     
    56        290       -2159.44         0.10         0.03       15      0.635     
    57        295       -2159.40         0.08         0.02       14      0.628     
    58        300       -2159.47         0.06         0.02       13      0.679     
    59        305       -2159.45         0.09         0.03       13      0.687     
    60        310       -2159.52         0.07         0.03       13      0.709     
    61        315       -2159.42         0.11         0.05       13       1.14     
    62        320       -2159.27         0.10         0.05       13       1.32     rotoscale, undo
    63        325       -2159.51         0.07         0.04       14       1.45     
    64        330       -2159.48         0.05         0.01       14      0.336     switch to GP opt
    65        335       -2159.47         0.05         0.00       14      0.226     
    66        340       -2159.48         0.05         0.01       14      0.246     
    67        345       -2159.48         0.05         0.01       14      0.216     
    68        350       -2159.50         0.05         0.00       14      0.239     
    69        355       -2159.50         0.04         0.00       14      0.173     
    70        360       -2159.53         0.04         0.01       14      0.324     
    71        365       -2159.52         0.04         0.01       14      0.252     
    72        370       -2159.51         0.04         0.01       14      0.194     
    73        375       -2159.49         0.04         0.00       14      0.246     stable
   Inf        375       -2159.51         0.04         0.01       50      0.246     finalize

Inference terminated: variational solution stable for OPTIONS.TolStableCount fcn evaluations.
Estimated ELBO: -2159.512 +/- 0.041.

[fit_atheo_model_VBMC] Start fitting model-gauss_shiftC sub-1 run-2 
Beginning variational optimization assuming EXACT observations of the log-joint.
 Iteration  f-count    Mean[ELBO]    Std[ELBO]    sKL-iter[q]   K[q]  Convergence  Action
     1         20       -3299.40       154.59    555274.23        2        Inf     start warm-up
     2         25       -2897.46       132.64       476.00        2        Inf     
     3         30       -2440.85       103.57       161.80        2   3.36e+03     
     4         35       -2306.23        27.18       109.69        2   1.55e+03     
     5         40       -2205.09        32.12        66.42        2   1.06e+03     
     6         45       -2202.22        14.38        32.93        2        362     
     7         50       -2183.72         8.94        80.12        2        832     
     8         55       -2174.94        24.77       130.30        2   1.32e+03     
     9         60       -2180.68         5.48        10.39        2        133     
    10         65       -2176.36         6.54         6.23        2       93.8     
    11         70       -2173.37         2.40         8.79        2       99.2     
    12         75       -2168.18         5.62         8.60        2        116     
    13         80       -2163.49         4.99        10.76        2        132     
    14         85       -2165.45         1.68         4.80        2       56.5     
    15         90       -2164.15         1.53         2.45        2         32     
    16         95       -2164.63         0.54         0.39        2       6.95     
    17        100       -2162.02         1.82         6.44        2       74.3     
    18        105       -2162.38         0.61         0.85        2       11.1     
    19        110       -2162.16         0.39         0.59        2       7.48     
    20        115       -2161.99         0.35         0.22        2       3.78     
    21        120       -2161.35         0.47         0.44        2       7.77     
    22        125       -2161.58         0.36         0.29        2       4.64     end warm-up
    23        130       -2160.07         0.50         1.04        2       16.3     
    24        135       -2160.10         0.24         0.66        2       6.94     
    25        140       -2160.28         0.23         0.18        3       3.07     
    26        145       -2159.99         0.29         0.33        3       4.94     
    27        150       -2160.16         0.14         0.22        3       3.06     
    28        155       -2159.93         0.22         0.19        4       3.26     
    29        160       -2159.98         0.20         0.07        5       1.45     
    30        160       -2159.96         0.28         0.22        6       3.06     rotoscale
    31        165       -2159.88         0.34         0.07        6       2.02     
    32        170       -2159.51         0.38         0.14        6       3.84     
    33        175       -2159.53         0.33         0.14        6       2.49     
    34        180       -2159.58         0.31         0.07        7       1.83     
    35        185       -2158.91         0.61         0.34        8       7.41     
    36        190       -2160.09         0.27         0.30        8       7.61     
    37        195       -2159.50         0.24         0.13        8       3.96     
    38        200       -2159.76         0.25         0.21        9       3.69     
    39        205       -2159.72         0.20         0.09        9       1.65     
    40        210       -2159.10         0.29         0.28        9       5.62     rotoscale, undo
    41        215       -2159.00         0.38         0.18       10       3.28     
    42        220       -2159.16         0.47         0.11       10       3.06     
    43        225       -2159.47         0.31         0.18       10       3.76     
    44        230       -2159.31         0.32         0.08       10       2.35     
    45        235       -2159.25         0.32         0.15       10       2.68     
    46        240       -2159.49         0.20         0.16       11       2.93     
    47        245       -2159.28         0.35         0.14       12       3.15     
    48        250       -2159.21         0.33         0.08       12          2     
    49        255       -2159.10         0.47         0.27       12        4.4     
    50        260       -2159.69         0.22         0.17       12       4.23     
    51        265       -2159.54         0.17         0.15       12       2.48     
    52        270       -2159.54         0.14         0.06       13        1.1     
    53        275       -2159.48         0.16         0.04       14       1.12     
    54        280       -2159.44         0.12         0.05       13       1.01     
    55        285       -2159.36         0.16         0.02       12      0.947     
    56        290       -2159.46         0.08         0.05       12       1.11     rotoscale, undo
    57        295       -2159.92         0.15         0.22       13       4.11     
    58        300       -2159.62         0.13         0.16       13        2.9     
    59        305       -2159.57         0.13         0.10       12       1.48     
    60        310       -2159.54         0.10         0.05       12      0.916     
    61        315       -2160.32         0.13         0.39       13       6.69     
    62        320       -2159.74         0.14         0.18       13       4.06     
    63        325       -2159.53         0.13         0.05       13       1.59     
    64        330       -2159.69         0.05         0.06       13        1.3     switch to GP opt
    65        335       -2159.70         0.04         0.00       14      0.192     
    66        340       -2159.67         0.05         0.01       17      0.291     
    67        345       -2159.66         0.04         0.01       20      0.271     
    68        350       -2159.62         0.04         0.00       23        0.3     
    69        355       -2159.63         0.04         0.00       25      0.227     
    70        360       -2159.64         0.04         0.01       25      0.233     
    71        365       -2159.62         0.04         0.00       25      0.241     
    72        370       -2159.63         0.04         0.01       26      0.226     
    73        375       -2159.65         0.04         0.01       26      0.233     
    74        380       -2159.62         0.04         0.01       26      0.276     stable
   Inf        380       -2159.63         0.04         0.00       50      0.276     finalize

Inference terminated: variational solution stable for OPTIONS.TolStableCount fcn evaluations.
Estimated ELBO: -2159.629 +/- 0.041.

[fit_atheo_model_VBMC] Start fitting model-gauss_shiftC sub-1 run-3 
Beginning variational optimization assuming EXACT observations of the log-joint.
 Iteration  f-count    Mean[ELBO]    Std[ELBO]    sKL-iter[q]   K[q]  Convergence  Action
     1         20       -2903.60        79.97    652842.84        2        Inf     start warm-up
     2         25       -2358.72       138.59       384.78        2        Inf     
     3         30       -2398.78        56.62        88.72        2   1.14e+03     
     4         35       -2342.21        64.54       198.57        2   2.24e+03     
     5         40       -2325.19        36.10        63.19        2        761     
     6         45       -2304.85        29.11        34.83        2        487     
     7         50       -2289.56        27.64        77.60        2        861     
     8         55       -2286.90        11.80       118.12        2   1.14e+03     
     9         60       -2236.72        21.08       107.44        2   1.23e+03     
    10         65       -2220.36         9.58        13.65        2        213     
    11         70       -2206.59        23.23        11.97        2        234     
    12         75       -2186.50         9.14        21.08        2        292     
    13         80       -2188.44         3.94         8.12        2       94.6     
    14         85       -2187.36         1.52         5.09        2       55.7     
    15         90       -2183.79        15.12        34.30        2        379     
    16         95       -2185.93         1.08        17.44        2        172     
    17        100       -2179.69         4.69        14.86        2        174     
    18        105       -2179.73         1.01         1.41        2       16.5     
    19        110       -2173.76        18.42        30.86        2        367     
    20        115       -2172.26         3.61         6.71        2       79.1     
    21        120       -2168.68         3.82         9.66        2        114     
    22        125       -2169.51         0.85         2.26        2       26.5     
    23        130       -2165.79         1.64         5.80        2       71.5     
    24        135       -2164.09         2.91         3.43        2       47.1     
    25        140       -2164.68         0.46         1.06        2       13.4     
    26        145       -2163.97         0.50         0.54        2       9.03     
    27        150       -2163.23         0.39         0.48        2       8.22     
    28        155       -2162.98         0.35         0.31        2       4.84     
    29        160       -2162.75         0.33         0.25        2       4.19     
    30        165       -2161.73         1.36         2.77        2       33.5     end warm-up
    31        170       -2160.07         0.48         1.23        2       18.5     
    32        175       -2159.60         0.34         0.72        2       9.31     
    33        180       -2159.19         0.38         0.62        3       8.37     
    34        185       -2159.83         0.29         0.62        4       8.83     
    35        190       -2160.07         0.29         0.07        4       2.42     
    36        195       -2159.57         0.34         0.31        4       5.64     
    37        200       -2159.48         0.33         0.14        4       2.67     
    38        205       -2159.71         0.17         0.16        5       2.79     
slurmstepd: error: *** JOB 48069413 ON cs016 CANCELLED AT 2024-06-29T22:52:56 ***
