MATLAB is selecting SOFTWARE OPENGL rendering.

                            < M A T L A B (R) >
                  Copyright 1984-2022 The MathWorks, Inc.
                  R2022a (9.12.0.1884302) 64-bit (glnxa64)
                             February 16, 2022

 
To get started, type doc.
For product information, visit www.mathworks.com.
 
>> job number: 1 
Number of cores: 21  
Starting parallel pool (parpool) using the 'local' profile ...
Connected to the parallel pool (number of workers: 20).
[fit_atheo_model_VBMC] Start fitting model-exp_shiftC sub-1 run-1 
Beginning variational optimization assuming EXACT observations of the log-joint.
 Iteration  f-count    Mean[ELBO]    Std[ELBO]    sKL-iter[q]   K[q]  Convergence  Action
     1         20       -2554.40        17.51   1794654.01        2        Inf     start warm-up
     2         25       -2413.81        43.68        93.60        2        Inf     
     3         30       -2344.83        18.15        18.63        2        456     
     4         35       -2268.05        11.86        37.28        2        628     
     5         40       -2232.45         7.05        37.89        2        480     
     6         45       -2227.88         6.35        21.75        2        230     
     7         50       -2224.94         5.18         7.33        2       92.4     
     8         55       -2216.86         6.07        34.35        2        353     
     9         60       -2215.40         5.09         9.25        2        104     
    10         65       -2211.98         5.54        11.61        2        133     
    11         70       -2211.77         2.00         2.48        2       29.5     
    12         75       -2208.52         3.12         2.63        2       44.7     
    13         80       -2207.27         1.79         4.21        2       47.7     
    14         85       -2198.91        21.80       106.06        2   1.05e+03     
    15         90       -2203.18         9.64        17.55        2        203     
    16         95       -2202.69         6.48         6.24        2       78.8     
    17        100       -2191.16        14.40        73.54        2        742     trim data
    18        105       -2190.14         6.56       226.33        2   2.04e+03     
    19        110       -2184.80        11.61        28.07        2        307     
    20        115       -2194.08         6.09        23.93        2        264     
    21        120       -2190.13         4.67        46.28        2        441     
    22        125       -2177.54        10.77        24.93        2        300     
    23        130       -2188.80         5.30        33.22        2        351     
    24        135       -2191.53         5.97        16.48        2        176     
    25        140       -2194.68         3.27         7.60        2       89.1     
    26        145       -2183.94         9.07        30.97        2        342     
    27        150       -2189.34         9.61       139.82        2    1.3e+03     
    28        155       -2163.61        13.28        79.71        2        840     
    29        160       -2166.38        12.48        76.48        2        732     end warm-up
    30        165       -2178.03        10.68       137.81        2    1.3e+03     
    31        170       -2184.56         7.99        28.41        2        301     
    32        175       -2187.25         5.76        16.20        3        173     
    33        180       -2186.22         3.70        12.60        4        128     
    34        185       -2188.21         2.49         2.86        5       40.4     
    35        190       -2184.44         8.54        15.38        6        178     
    36        195       -2189.14         1.58         6.29        6         77     
    37        200       -2184.56         7.12        12.78        7        153     
    38        205       -2185.63         5.62         8.83        7        101     
    39        210       -2186.43         2.03         3.05        7       36.6     
    40        215       -2187.84         1.89         4.27        8         49     
    41        220       -2187.90         1.90         2.07        8         25     
    42        225       -2184.70         2.41         7.93        8       89.4     
    43        230       -2185.39         1.02         2.38        9       26.9     
    44        235       -2183.66         1.39         5.35       10       58.1     
    45        240       -2186.44         0.42         5.05       11       55.6     
    46        245       -2186.20         0.56         0.49       12          7     
    47        250       -2186.39         0.29         0.24       12        3.7     
    48        255       -2186.09         0.33         0.26       13       4.35     
    49        260       -2185.22         2.24         1.11       14       20.3     
    50        265       -2186.22         0.52         0.63       14       10.7     
    51        270       -2185.74         0.23         0.40       14       5.91     
    52        275       -2185.44         0.18         0.22       15       3.59     
    53        280       -2185.37         0.19         0.21       16        2.7     
    54        285       -2185.24         0.27         0.10       17       2.27     rotoscale, undo
    55        290       -2185.18         0.21         0.05       17       1.37     
    56        295       -2185.12         0.19         0.05       18       1.27     
    57        300       -2185.12         0.19         0.10       19        1.5     
    58        305       -2184.63         0.32         0.25       20       4.95     
    59        310       -2184.65         0.34         0.20       21       2.98     
    60        315       -2184.42         0.24         0.10       21       2.49     
    61        320       -2184.35         0.24         0.07       22       1.71     
    62        325       -2184.16         0.32         0.23       23       3.74     
    63        330       -2183.31         4.36         3.27       23       46.4     
    64        335       -2184.49         0.75         1.60       23       20.7     
    65        340       -2185.06         0.25         0.37       23       6.02     switch to GP opt
    66        345       -2184.63         0.27         0.07       23       2.94     
    67        350       -2184.17         0.39         0.10       24       3.76     rotoscale, undo
    68        355       -2184.28         0.25         0.10       25       2.08     
    69        360       -2184.17         0.25         0.06       26       1.69     
    70        365       -2184.08         0.26         0.04       27       1.54     
    71        370       -2184.19         0.14         0.03       28        1.1     
    72        375       -2184.14         0.13         0.01       29       0.73     
    73        380       -2184.18         0.14         0.08       31       1.31     
    74        385       -2183.95         0.13         0.05       30       1.61     
    75        390       -2183.89         0.13         0.02       29      0.822     
    76        395       -2183.77         0.14         0.02       29       1.03     
    77        400       -2183.69         0.15         0.01       30      0.834     
    78        405       -2183.65         0.14         0.02       30      0.825     
    79        410       -2176.26        11.44         7.42       30        129     
    80        415       -2183.81         0.52         4.01       30       62.6     
    81        420       -2157.57        22.20        10.62       30        256     
    82        425       -2185.03         0.53         5.41       29        141     
    83        430       -2177.10         6.40         4.67       29       89.3     
    84        435       -2183.04         0.74         5.28       28       69.3     
    85        440       -2183.96         0.18         0.93       28       11.9     
    86        445       -2176.72         3.46         3.91       29       70.5     
    87        450       -2045.84        26.78         8.58       29        602     
    88        455       -2170.75         8.16         1.79       30        460     
    89        460       -2157.76         6.56         4.62       29        106     
    90        465       -2143.17         6.39        14.13       26        196     
    91        470       -2119.54        14.90        42.91       26        511     
    92        475       -2159.33         5.58        21.32       26        341     
    93        480       -2146.47         8.63        25.65       26        300     
    94        485       -2153.49         5.48        33.79       26        343     
    95        490       -2167.02         4.76         9.88       26        149     
    96        495       -2177.94         2.92         8.28       26        120     
    97        500       -2177.16         4.55         6.19       26       72.9     
    98        505       -2165.36         6.10        45.51       26        465     
    99        510       -2178.61         3.12         9.63       26        140     
   100        515       -2159.54        14.40        13.74       25        234     
   101        520       -2180.70         2.74         6.77       25        140     
   102        525       -2180.23         1.70         4.20       25       44.7     
   103        530       -2180.14         1.67         1.29       26       17.3     
   104        535       -2181.25         1.32         1.31       26       19.8     
   105        540       -2181.81         0.91         0.25       26       7.18     
   106        545       -2181.98         1.21         0.41       27       8.21     
   107        550       -2180.95         1.47         0.58       27       13.5     
   108        555       -2182.10         1.05         0.31       27       10.1     
   109        560       -2177.09         7.73         2.11       27       61.3     
   110        565       -2181.16         0.90         1.33       27       28.5     
slurmstepd: error: *** JOB 48069411 ON cs012 CANCELLED AT 2024-06-29T22:52:56 ***
