MATLAB is selecting SOFTWARE OPENGL rendering.

                            < M A T L A B (R) >
                  Copyright 1984-2022 The MathWorks, Inc.
                  R2022a (9.12.0.1884302) 64-bit (glnxa64)
                             February 16, 2022

 
To get started, type doc.
For product information, visit www.mathworks.com.
 
>> job number: 2 
Number of cores: 21  
Starting parallel pool (parpool) using the 'local' profile ...
Connected to the parallel pool (number of workers: 20).
[fit_atheo_model_VBMC] Start fitting model-exp_shiftMu sub-1 run-1 
[fit_atheo_model_VBMC] Start fitting model-exp_shiftMu sub-1 run-2 
[fit_atheo_model_VBMC] Start fitting model-exp_shiftMu sub-1 run-3 
[fit_atheo_model_VBMC] Start fitting model-exp_shiftMu sub-1 run-4 
[fit_atheo_model_VBMC] Start fitting model-exp_shiftMu sub-1 run-5 
[fit_atheo_model_VBMC] Start fitting model-exp_shiftMu sub-1 run-6 
[fit_atheo_model_VBMC] Start fitting model-exp_shiftMu sub-1 run-7 
[fit_atheo_model_VBMC] Start fitting model-exp_shiftMu sub-1 run-8 
[fit_atheo_model_VBMC] Start fitting model-exp_shiftMu sub-1 run-9 
[fit_atheo_model_VBMC] Start fitting model-exp_shiftMu sub-1 run-10 
[fit_atheo_model_VBMC] Start fitting model-exp_shiftMu sub-1 run-11 
[fit_atheo_model_VBMC] Start fitting model-exp_shiftMu sub-1 run-12 
[fit_atheo_model_VBMC] Start fitting model-exp_shiftMu sub-1 run-13 
[fit_atheo_model_VBMC] Start fitting model-exp_shiftMu sub-1 run-14 
[fit_atheo_model_VBMC] Start fitting model-exp_shiftMu sub-1 run-15 
[fit_atheo_model_VBMC] Start fitting model-exp_shiftMu sub-1 run-16 
[fit_atheo_model_VBMC] Start fitting model-exp_shiftMu sub-1 run-17 
[fit_atheo_model_VBMC] Start fitting model-exp_shiftMu sub-1 run-18 
[fit_atheo_model_VBMC] Start fitting model-exp_shiftMu sub-1 run-19 
[fit_atheo_model_VBMC] Start fitting model-exp_shiftMu sub-1 run-20 
Beginning variational optimization assuming EXACT observations of the log-joint.
 Iteration  f-count    Mean[ELBO]    Std[ELBO]    sKL-iter[q]   K[q]  Convergence  Action
     1         20       -3243.76        95.40    468702.75        2        Inf     start warm-up
Beginning variational optimization assuming EXACT observations of the log-joint.
 Iteration  f-count    Mean[ELBO]    Std[ELBO]    sKL-iter[q]   K[q]  Convergence  Action
     1         20       -3328.39        76.81    767604.83        2        Inf     start warm-up
Beginning variational optimization assuming EXACT observations of the log-joint.
 Iteration  f-count    Mean[ELBO]    Std[ELBO]    sKL-iter[q]   K[q]  Convergence  Action
     1         20       -3299.13       211.03    590410.81        2        Inf     start warm-up
Beginning variational optimization assuming EXACT observations of the log-joint.
 Iteration  f-count    Mean[ELBO]    Std[ELBO]    sKL-iter[q]   K[q]  Convergence  Action
     1         20       -4001.89       276.64    469803.79        2        Inf     start warm-up
Beginning variational optimization assuming EXACT observations of the log-joint.
 Iteration  f-count    Mean[ELBO]    Std[ELBO]    sKL-iter[q]   K[q]  Convergence  Action
     1         20       -3335.81       147.76    624561.71        2        Inf     start warm-up
Beginning variational optimization assuming EXACT observations of the log-joint.
 Iteration  f-count    Mean[ELBO]    Std[ELBO]    sKL-iter[q]   K[q]  Convergence  Action
     1         20       -3313.39        93.98    540443.29        2        Inf     start warm-up
Beginning variational optimization assuming EXACT observations of the log-joint.
 Iteration  f-count    Mean[ELBO]    Std[ELBO]    sKL-iter[q]   K[q]  Convergence  Action
     1         20       -3455.16        66.93    751519.36        2        Inf     start warm-up
Beginning variational optimization assuming EXACT observations of the log-joint.
 Iteration  f-count    Mean[ELBO]    Std[ELBO]    sKL-iter[q]   K[q]  Convergence  Action
     1         20       -3890.15       320.96   1206795.88        2        Inf     start warm-up
Beginning variational optimization assuming EXACT observations of the log-joint.
 Iteration  f-count    Mean[ELBO]    Std[ELBO]    sKL-iter[q]   K[q]  Convergence  Action
     1         20       -3377.64       128.75    371243.66        2        Inf     start warm-up
Beginning variational optimization assuming EXACT observations of the log-joint.
 Iteration  f-count    Mean[ELBO]    Std[ELBO]    sKL-iter[q]   K[q]  Convergence  Action
     1         20       -3549.22       277.94    298794.29        2        Inf     start warm-up
Beginning variational optimization assuming EXACT observations of the log-joint.
 Iteration  f-count    Mean[ELBO]    Std[ELBO]    sKL-iter[q]   K[q]  Convergence  Action
     1         20       -3751.49       400.16    292068.17        2        Inf     start warm-up
Beginning variational optimization assuming EXACT observations of the log-joint.
 Iteration  f-count    Mean[ELBO]    Std[ELBO]    sKL-iter[q]   K[q]  Convergence  Action
     1         20       -3274.20        45.51   1409473.42        2        Inf     start warm-up
Beginning variational optimization assuming EXACT observations of the log-joint.
 Iteration  f-count    Mean[ELBO]    Std[ELBO]    sKL-iter[q]   K[q]  Convergence  Action
     1         20       -3616.40       242.56   1363929.04        2        Inf     start warm-up
Beginning variational optimization assuming EXACT observations of the log-joint.
 Iteration  f-count    Mean[ELBO]    Std[ELBO]    sKL-iter[q]   K[q]  Convergence  Action
     1         20       -3880.72       169.81   1056035.06        2        Inf     start warm-up
Beginning variational optimization assuming EXACT observations of the log-joint.
 Iteration  f-count    Mean[ELBO]    Std[ELBO]    sKL-iter[q]   K[q]  Convergence  Action
     1         20       -3351.87        99.69    973984.36        2        Inf     start warm-up
Beginning variational optimization assuming EXACT observations of the log-joint.
 Iteration  f-count    Mean[ELBO]    Std[ELBO]    sKL-iter[q]   K[q]  Convergence  Action
     1         20       -3478.71       191.88    603423.03        2        Inf     start warm-up
Beginning variational optimization assuming EXACT observations of the log-joint.
 Iteration  f-count    Mean[ELBO]    Std[ELBO]    sKL-iter[q]   K[q]  Convergence  Action
     1         20       -3347.55        80.97   1781681.77        2        Inf     start warm-up
     2         25       -3283.43       134.64        86.03        2        Inf     
     2         25       -2869.89       102.13       159.46        2        Inf     
Beginning variational optimization assuming EXACT observations of the log-joint.
 Iteration  f-count    Mean[ELBO]    Std[ELBO]    sKL-iter[q]   K[q]  Convergence  Action
     1         20       -3744.80       253.82   1066981.96        2        Inf     start warm-up
Beginning variational optimization assuming EXACT observations of the log-joint.
 Iteration  f-count    Mean[ELBO]    Std[ELBO]    sKL-iter[q]   K[q]  Convergence  Action
     1         20       -3366.77       116.06    789071.03        2        Inf     start warm-up
Beginning variational optimization assuming EXACT observations of the log-joint.
 Iteration  f-count    Mean[ELBO]    Std[ELBO]    sKL-iter[q]   K[q]  Convergence  Action
     1         20       -3724.80       130.32    856240.62        2        Inf     start warm-up
     2         25       -3009.91        57.92       302.53        2        Inf     
     2         25       -2314.31       180.55       352.52        2        Inf     
     2         25       -2691.61       187.86       169.51        2        Inf     
     2         25       -3001.85       177.54       168.18        2        Inf     
     2         25       -2968.75       221.88       219.46        2        Inf     
     2         25       -2450.27       107.89       323.73        2        Inf     
     2         25       -3291.19        89.49       360.88        2        Inf     
     2         25       -2585.98       136.71       329.39        2        Inf     
     2         25       -2428.34       108.38      1132.55        2        Inf     
     2         25       -2880.89       255.82       265.40        2        Inf     
     2         25       -3349.90        51.39       411.57        2        Inf     
     3         30       -2737.19       128.55       551.49        2   7.16e+03     
     2         25       -2620.64       234.35       178.33        2        Inf     
     3         30       -2569.85       190.94       243.38        2   4.27e+03     
     2         25       -2794.33       118.15       208.44        2        Inf     
     2         25       -2622.20        69.93        77.59        2        Inf     
     2         25       -3311.31       203.68       266.27        2        Inf     
     2         25       -2879.10        52.71       226.19        2        Inf     
     3         30       -2219.99        79.42       774.41        2   8.74e+03     
     2         25       -3110.74        53.60       632.19        2        Inf     
     2         25       -2871.09       145.65      1658.33        2        Inf     
     3         30       -2786.26       184.25       237.60        2   4.41e+03     
     3         30       -2328.34       107.93       136.16        2   1.62e+03     
     3         30       -2912.10        79.99      1193.75        2   1.24e+04     
     3         30       -2311.93        40.02       110.79        2   2.03e+03     
     3         30       -2734.30       115.77      7048.57        2   6.51e+04     
     3         30       -2698.77       128.76       192.57        2   3.16e+03     
     3         30       -2282.47        85.92       146.31        2   2.08e+03     
     3         30       -2455.66        72.61       128.10        2   3.09e+03     
     3         30       -2409.43        56.94        68.05        2   2.37e+03     
     3         30       -2490.91        33.51        42.03        2        924     
     4         35       -2360.81        38.57        69.06        2   1.44e+03     
     4         35       -2193.86        37.53       216.35        2   2.14e+03     
     4         35       -2431.80        81.97       234.13        2   3.38e+03     
     3         30       -2599.16        44.31        73.80        2    1.3e+03     
     4         35       -2261.30        41.49       271.23        2   2.78e+03     
     4         35       -2499.53        63.86       652.24        2    7.4e+03     
     4         35       -2539.29        89.98       107.60        2   1.79e+03     
     4         35       -2148.06        69.13       264.95        2   3.04e+03     
     4         35       -2410.08        21.30       216.96        2   2.27e+03     
     3         30       -2683.43        70.47        78.05        2   1.56e+03     
     3         30       -2587.08        96.08       100.46        2   2.19e+03     
     5         40       -2229.78        36.24       185.59        2   2.21e+03     
     4         35       -2162.12        41.22       164.50        2    2.1e+03     
     5         40       -2102.55        19.61        60.17        2        906     
     4         35       -2373.19        50.37       134.74        2   1.64e+03     
     3         30       -2853.54        92.83       141.23        2   2.42e+03     
     3         30       -2690.13        39.23       110.85        2   1.47e+03     
     5         40       -2086.36        36.44       132.41        2   1.88e+03     
     5         40       -2345.53        53.75       124.12        2   1.57e+03     
     3         30       -2801.71        62.89        86.29        2   1.21e+03     
     4         35       -2144.31        49.91       291.06        2   3.64e+03     
     4         35       -2599.78        75.09        86.26        2    1.3e+03     
     4         35       -2660.17        70.97        76.94        2   1.34e+03     
     4         35       -2487.67        41.27      8836.89        2   7.97e+04     
     5         40       -2470.37        49.38       149.66        2   1.73e+03     
     4         35       -2514.41        33.71       354.27        2   3.55e+03     
     5         40       -2314.89        50.43        89.64        2   1.58e+03     
     5         40       -2145.68        24.86        39.15        2        486     
     5         40       -2101.36        52.91       109.77        2   1.31e+03     
     6         45       -2183.46        19.95        42.73        2        602     
     6         45       -2080.43        50.68        82.18        2        975     
     5         40       -2281.90        13.87        58.98        2        999     
     4         35       -2388.96        54.62       243.75        2   3.01e+03     
     5         40       -2203.48        21.47       100.46        2   1.53e+03     
     5         40       -2563.58        41.28       250.52        2   2.49e+03     
     5         40       -2416.82        49.93        62.41        2        959     
     6         45       -2230.08        28.34        61.91        2   1.03e+03     
     5         40       -2081.41        31.76       173.41        2   1.86e+03     
     6         45       -2143.90        29.85       162.78        2   1.74e+03     
     6         45       -2293.01        32.15        61.22        2        725     
     3         30       -2469.70        91.47       140.66        2   2.06e+03     
     7         50       -2119.31        19.91        47.01        2        699     
     6         45       -2368.20        56.68       187.44        2    2.2e+03     
     6         45       -2099.19        56.28       142.89        2   1.47e+03     
     5         40       -2233.33        22.50        57.54        2   1.11e+03     
     5         40       -2257.62        47.75       207.82        2   2.87e+03     
     6         45       -2407.14        62.06       148.03        2   2.05e+03     
     7         50       -2098.41        12.62        87.43        2        881     
     6         45       -2129.24        14.57        52.97        2        680     
     6         45       -2140.38        42.17       108.94        2   1.13e+03     
     7         50       -2128.83        23.84        59.25        2        658     
     7         50       -2167.20        20.13        41.24        2        644     
     6         45       -2140.63        57.66       161.36        2   2.55e+03     
     6         45       -2155.74        25.10        82.65        2        979     
     6         45       -2187.54        34.06       103.53        2   1.35e+03     
     8         55       -2129.39         7.02        41.69        2        428     
     7         50       -2258.93        42.41        98.47        2   1.38e+03     
     6         45       -2167.14        21.04        43.46        2        678     
     8         55       -2100.49         3.15        10.98        2        115     
     7         50       -2123.92        41.81       108.74        2   1.19e+03     
     6         45       -2181.57        17.07       102.38        2   1.22e+03     
     7         50       -2130.59        13.27        41.74        2        421     
     7         50       -2361.95        59.47       140.69        2    1.6e+03     
     7         50       -2249.00        12.94        89.06        2        983     
     8         55       -2049.65        44.92       136.70        2   1.63e+03     
     8         55       -2133.99        20.89        51.52        2        639     
     4         35       -2476.35        61.61       258.72        2   3.59e+03     
     4         35       -2530.04        50.81       147.34        2   2.56e+03     
     4         35       -2494.67        55.81       287.62        2    3.4e+03     
     7         50       -2118.35        20.76        76.42        2        824     
     9         60       -2119.03         6.01         9.79        2        142     
     7         50       -2122.06        18.01       112.57        2   1.12e+03     
     7         50       -2131.78        30.95       177.65        2   1.77e+03     
     7         50       -2132.01        21.95        61.00        2        802     
     7         50       -2160.86        10.32         9.26        2        186     
     8         55       -2261.91        39.60       123.96        2   1.25e+03     
     8         55       -2110.78        13.40        57.40        2        600     
     8         55       -2120.85         6.41        35.52        2        370     
     8         55       -2160.01        27.94        47.85        2        816     
     9         60       -2102.07         1.35        12.10        2        118     
     9         60       -2116.64         9.30        24.22        2        305     
     8         55       -2201.79        44.36       209.01        2   2.54e+03     
     7         50       -2129.28         7.14       104.33        2   1.08e+03     
     8         55       -2116.49        21.11        27.80        2        324     
    10         65       -2112.51         2.41        13.43        2        149     
     8         55       -2111.52        12.26        47.51        2        499     
     8         55       -2121.87        18.95       175.27        2   1.66e+03     
     8         55       -2110.04         9.76        24.91        2        328     
     5         40       -2280.65       106.77       229.00        2   3.66e+03     
     9         60       -2121.57         7.12        93.10        2   1.09e+03     
     5         40       -2160.58        44.27       112.25        2    2.2e+03     
     5         40       -2311.44        71.91       141.44        2   2.11e+03     
     8         55       -2154.21         3.96         8.77        2        113     
     4         35       -2338.30        77.35       199.17        2   2.47e+03     
    10         65       -2094.27         1.41         3.73        2       63.9     
    10         65       -2103.40         8.62        13.08        2        189     
     9         60       -2092.41        41.61        97.55        2   1.07e+03     
     9         60       -2085.09        14.38        67.51        2        769     
     9         60       -2044.12        69.59       256.07        2    2.9e+03     
     9         60       -2155.47        19.57        71.40        2   1.06e+03     
     9         60       -2117.43        10.00        40.76        2        400     
     8         55       -2122.97        16.74        43.14        2        461     
    11         70       -2107.96         2.34         5.75        2       74.2     
     9         60       -2108.14         8.49         7.93        2        110     
     9         60       -2104.85         7.25        11.08        2        180     
     9         60       -2099.26        42.88       125.59        2    1.6e+03     
    10         65       -2112.32        11.61        34.87        2        380     
     6         45       -2146.63        28.91        47.62        2        567     
     5         40       -2504.89        31.08       185.00        2   1.84e+03     
     9         60       -2115.35         3.00        22.11        2        225     
    10         65       -2119.90         4.18        36.93        2        435     
     9         60       -2139.79         4.21        16.75        2        211     
    10         65       -2099.57         4.44        29.79        2        328     
    11         70       -2089.18         1.02         3.88        2         55     
    11         70       -2103.25         4.77        14.14        2        142     
     6         45       -2190.21        28.53        84.66        2   1.25e+03     
    10         65       -2103.53         9.07        18.41        2        241     
     9         60       -2130.62         3.11        30.36        2        306     
    10         65       -2131.43        14.98       149.92        2   1.68e+03     
    10         65       -2113.61         1.53        13.63        2        145     
    10         65       -2097.13        46.16       133.61        2   1.54e+03     
    10         65       -2099.20         4.33        12.54        2        145     
     6         45       -2193.92        33.14       117.68        2   1.45e+03     
    12         75       -2101.70         1.91         8.39        2        102     
    10         65       -2113.66         0.90         1.33        2       20.5     
     5         40       -2305.06        58.07       286.85        2   2.86e+03     
    10         65       -2126.49        20.59        31.84        2        443     
    11         70       -2101.81         3.75        10.36        2        140     
     7         50       -2153.12        11.33        51.55        2        519     
    10         65       -2122.24         6.53        30.84        2        355     
    11         70       -2116.95         1.21         2.88        2       39.5     
     7         50       -2137.33        29.64        58.26        2        794     
    11         70       -2095.91         4.61         9.47        2        112     
    10         65       -2120.35         6.12        15.79        2        195     
    12         75       -2087.87         0.51         1.11        2         16     
    11         70       -2113.67        15.91        18.81        2        276     
    12         75       -2092.16         4.37        14.33        2        179     
    11         70       -2094.72         2.15         8.47        2        112     
    11         70       -2124.56        13.98        12.94        2        185     
    11         70       -2108.26         1.78         4.80        2       66.5     
    11         70       -2095.72         3.01         5.30        2       68.8     
    11         70       -2117.09        11.87        14.53        2        200     
    13         80       -2093.50         1.81         8.11        2        106     
    11         70       -2108.85         1.31         4.22        2         58     
    12         75       -2093.52         4.53        12.87        2        157     
     8         55       -2146.51         8.90        44.40        2        447     
     6         45       -2282.78        36.39       178.21        2   2.45e+03     
    12         75       -2111.54         1.07         4.74        2       63.8     
     8         55       -2134.97        10.02        55.44        2        535     
    11         70       -2115.63         1.80         4.79        2       70.8     
    13         80       -2090.37         0.93         1.35        2       21.1     
    12         75       -2093.69         1.76         3.59        2       41.3     
    11         70       -2105.88         5.08        26.45        2        301     
    12         75       -2104.51         2.42         6.10        2       74.9     
    13         80       -2087.03         0.34         1.41        2       16.5     
    12         75       -2104.58        14.83        36.74        2        407     
    12         75       -2092.65         0.77         2.46        2       34.8     
    12         75       -2090.26         1.20         2.89        2       48.5     
    12         75       -2122.78         2.66         9.57        2        100     
    12         75       -2105.60         0.95         3.44        2       44.6     
     6         45       -2257.76        48.61       194.56        2   2.05e+03     
    12         75       -2113.69        13.14        25.35        2        281     
     7         50       -2124.84        46.78        88.50        2   1.17e+03     
    14         85       -2091.45         1.26         1.39        2       23.4     
    13         80       -2092.05         1.69         3.80        2       44.4     
     9         60       -2123.57        20.25       342.11        2   3.19e+03     
     9         60       -2113.02         8.55        20.94        2        288     
     7         50       -2161.78        33.34        92.94        2   1.34e+03     
    13         80       -2090.51        22.63        72.00        2        787     
    12         75       -2111.26         1.13         3.57        2       50.1     
    13         80       -2089.61         0.83         4.13        2       53.1     
    12         75       -2094.02         2.38         8.20        2        121     
    13         80       -2085.53         1.68        17.04        2        221     
    14         85       -2086.89         0.19         0.37        2       4.39     
    13         80       -2108.84         3.38        16.43        2        172     
    14         85       -2087.72         0.75         4.04        2       47.3     
    13         80       -2089.05         0.71         3.52        2       45.7     
    13         80       -2086.88         1.08         6.89        2       76.3     
    13         80       -2094.51         3.93        12.41        2        188     
    13         80       -2106.49         8.12        19.71        2        257     
    10         65       -2119.65         3.49         9.30        2        108     
    13         80       -2103.54         0.98         2.10        2       28.8     
     7         50       -2191.34        12.91        46.45        2        678     
    15         90       -2089.23         0.82         2.89        2       35.8     
    14         85       -2088.06         3.34         7.82        2         94     
    10         65       -2108.55         5.20        11.93        2        139     
     8         55       -2074.65        26.07       121.17        2   1.33e+03     
    14         85       -2096.49         9.64        21.82        2        246     
    13         80       -2106.66         1.11         3.63        2       51.4     
    13         80       -2092.33         1.29         3.53        2       41.4     
    14         85       -2087.81         0.54         1.52        2       21.4     
    14         85       -2086.41         2.00         8.17        2       80.4     
    14         85       -2084.01        11.18        29.57        2        383     
    15         90       -2086.88         0.47         1.04        2       13.6     
    11         70       -2106.44         4.37        12.59        2        171     
    14         85       -2087.73         0.65         1.90        2       23.5     
    14         85       -2086.58         0.38         0.44        2       6.21     
    14         85       -2093.88         1.66         6.62        2       66.6     
    14         85       -2102.15         4.52        13.37        2        149     
    15         90       -2086.38         0.17         0.30        2       4.91     
     8         55       -2169.58        23.91        55.00        2        596     
     8         55       -2155.41        10.61        27.65        2        401     
    15         90       -2089.59         0.53         3.68        2       39.6     
    11         70       -2106.72         5.82        21.01        2        213     
    14         85       -2100.04         1.49         5.84        2       68.7     
    16         95       -2089.12         0.38         1.52        2       15.1     
    15         90       -2088.75         1.18         2.92        2       55.8     
    14         85       -2103.36         0.97         4.88        2       57.7     
    15         90       -2086.74         0.30         1.70        2       19.8     
    14         85       -2088.80         0.96         3.28        2       44.2     
    12         75       -2092.55         2.83         9.73        2        142     
    15         90       -2087.49         0.36         0.93        2       10.3     
     9         60       -2153.70         3.03        15.47        2        154     
    15         90       -2093.38         0.48         1.93        2       20.4     
    15         90       -2099.04         2.02         9.00        2       97.3     
    15         90       -2086.46         1.05         2.59        2       26.8     
    16         95       -2086.29         0.11         0.14        2        1.9     
    15         90       -2086.68         3.56         7.92        2       91.4     
    16         95       -2086.99         0.45         0.83        2       9.29     
    15         90       -2085.91         0.30         0.82        2       10.5     
    16         95       -2088.70         0.35         0.93        2       12.4     
     9         60       -2174.08         4.39        15.94        2        172     
    12         75       -2107.79         3.08        14.07        2        139     
    15         90       -2087.35         3.25        19.23        2        224     
     9         60       -2114.93        44.58       138.32        2   1.52e+03     
    17        100       -2088.63         0.30         0.52        2       7.26     
    15         90       -2103.63         0.65         1.22        2       13.9     
    13         80       -2085.30        10.87        20.73        2        245     
    16         95       -2086.83         0.47         2.03        2         26     
    15         90       -2088.34         0.35         0.96        2       11.2     
    10         65       -2143.59         3.71        15.63        2        185     
    16         95       -2086.48         0.29         0.48        2       6.08     
    16         95       -2085.75         0.76         0.84        2       12.4     
    16         95       -2086.25         0.84         3.43        2       34.8     
    16         95       -2087.17         0.29         0.35        2       5.15     
    10         65       -2155.72         7.19        21.74        2        279     
    16         95       -2085.97         0.26         0.43        2       4.93     
    16         95       -2091.50         0.40         2.24        2       27.5     
    16         95       -2096.27         2.49         4.12        2       54.2     
    17        100       -2086.47         0.44         0.40        2        6.8     
    13         80       -2108.43         0.96         2.13        2       24.3     
    16         95       -2085.50         1.39         4.67        2       52.4     
    17        100       -2086.50         0.11         0.08        2       1.75     end warm-up
    10         65       -2084.49        42.33        86.09        2   1.01e+03     
    17        100       -2088.36         0.30         0.51        2       6.71     
    16         95       -2098.17         1.65        10.14        2        114     
    11         70       -2116.11         7.68        46.66        2        533     
    18        105       -2087.96         0.40         1.61        2       17.9     
    14         85       -2090.33         1.70        14.99        2        156     
    16         95       -2087.51         0.34         0.85        2       11.5     
    17        100       -2086.59         0.26         0.91        2       9.73     
    17        100       -2086.50         0.22         0.22        2       2.73     
    17        100       -2086.64         0.31         1.31        2       14.5     
    11         70       -2143.97         9.41        25.09        2        294     
    14         85       -2106.50         0.82         2.32        2       29.9     
    17        100       -2087.68         3.15        13.90        2        147     
    17        100       -2086.23         0.35         0.42        2       6.51     
    18        105       -2085.28         0.33         0.51        2       9.73     
    17        100       -2086.10         0.35         1.37        2       13.9     
    11         70       -2117.22         4.46        32.96        2        418     
    17        100       -2095.41         0.74         1.76        2         21     
    18        105       -2086.65         0.24         0.14        2       2.61     end warm-up
    17        100       -2085.94         0.22         0.30        2       3.56     
    17        100       -2086.08         0.38         2.05        2       21.4     
    12         75       -2112.88         4.22         6.91        2       86.4     
    18        105       -2087.64         0.30         1.63        2       17.9     
    15         90       -2088.74         0.76         2.13        2       26.8     
    17        100       -2094.33         3.22         5.07        2       68.7     
    17        100       -2086.95         0.22         0.37        2        5.9     
    19        110       -2087.05         0.59         0.84        2       12.5     
    12         75       -2110.99        27.30       122.71        2   1.29e+03     
    12         75       -2112.88         6.92        12.97        2        153     
    19        110       -2085.47         0.18         0.16        2       2.65     
    19        110       -2084.54         0.80         1.62        2       24.2     
    18        105       -2086.36         0.23         0.34        2        4.6     
    15         90       -2105.98         0.68         1.53        2       17.6     
    18        105       -2086.25         0.18         0.15        2       2.77     end warm-up
    18        105       -2086.48         0.18         0.23        2        3.2     
    13         80       -2106.54         4.25        14.64        2        166     
    18        105       -2085.74         0.32         0.45        2       6.71     
    18        105       -2086.14         0.36         0.89        2       9.29     
    18        105       -2089.93         0.75         8.99        2       90.1     
    18        105       -2094.06         0.52         2.33        2         27     
    16         95       -2088.20         0.54         0.59        2       8.86     
    18        105       -2085.76         0.30         0.11        2       2.59     end warm-up
    18        105       -2085.77         0.25         0.55        2       6.77     
    20        115       -2085.01         0.61         0.79        2       10.7     
    13         80       -2109.09         7.16        15.77        2        177     
    19        110       -2086.71         0.23         1.59        2       18.1     
    20        115       -2085.75         0.14         0.11        3       2.34     
    13         80       -2104.55         7.09        16.92        2        196     
    18        105       -2090.25         5.95        24.57        2        252     
    19        110       -2085.08         0.64         0.91        2       14.1     
    18        105       -2086.62         0.23         0.22        2       3.89     
    20        115       -2086.49         0.43         1.47        2       16.4     
    16         95       -2104.03         2.35         3.56        2       46.1     
    14         85       -2103.65         1.06         5.38        2       61.1     
    19        110       -2085.62         0.81         1.06        2       14.6     
    19        110       -2085.43         0.20         0.68        2       7.84     
    19        110       -2086.34         0.14         0.17        2       2.41     
    19        110       -2085.82         0.18         0.18        2       2.47     
    19        110       -2085.86         0.25         0.28        2       4.23     
    21        120       -2084.78         0.59         0.35        3       5.84     
    19        110       -2088.35         0.66         2.31        2         28     
    14         85       -2102.89         3.28         4.79        2       74.2     
    21        120       -2085.53         0.13         0.04        3       1.59     
    17        100       -2088.03         0.28         0.26        2        3.8     
    14         85       -2098.97         6.94         7.19        2        106     
    19        110       -2085.93         0.12         0.28        2       3.45     
    20        115       -2083.49         0.37         3.08        2         34     
    19        110       -2091.95         0.57         1.91        2         26     
    20        115       -2086.37         0.22         0.51        2       6.41     
    15         90       -2102.04         1.53         3.21        2       39.1     
    19        110       -2092.98         1.51        16.06        2        157     
    20        115       -2085.56         0.11         0.05        2       1.29     
    19        110       -2086.51         0.20         0.66        2       6.89     
    17        100       -2103.40         0.47         0.60        2       9.04     
    21        120       -2086.11         0.23         0.65        2       7.81     
    22        125       -2084.85         0.45         0.43        4        5.6     
    20        115       -2085.75         0.26         0.40        2       4.84     end warm-up
    22        125       -2085.34         0.11         0.22        4       2.91     
    20        115       -2085.98         0.14         0.16        2       3.08     
    15         90       -2097.53         1.06         4.80        2       64.2     
    21        120       -2084.83         0.29         1.83        3       21.7     
    20        115       -2086.04         0.24         0.18        2       3.02     end warm-up
    15         90       -2095.24         4.80         9.64        2        114     
    20        115       -2085.38         0.21         0.28        2       4.65     
    21        120       -2085.31         0.17         0.17        3       2.96     
    20        115       -2085.84         0.10         0.14        2       1.91     
    20        115       -2088.32         0.36         1.54        2       15.1     
    21        120       -2085.87         0.14         0.71        2       8.42     
    18        105       -2086.96         0.30         1.08        2       14.2     
    16         95       -2095.38         1.50         7.00        2       89.6     
    20        115       -2090.92         0.46         1.75        2       20.6     
    23        130       -2085.07         0.22         0.33        5       4.38     
    21        120       -2085.30         0.36         0.24        2       4.87     
    20        115       -2085.99         2.84         7.26        2       97.5     
    23        130       -2085.17         0.15         0.07        5       1.65     
    21        120       -2084.40         0.62         2.20        2       27.1     
    16         95       -2091.66         4.75         7.26        2        100     
    20        115       -2086.25         0.22         0.24        2       3.77     end warm-up
    18        105       -2099.69         1.78         7.05        2       81.1     
    22        125       -2085.48         0.23         0.52        3       7.59     
    22        125       -2085.62         0.14         0.43        2       5.95     
    21        120       -2085.64         0.15         0.53        2       6.34     end warm-up
    22        125       -2085.21         0.14         0.12        4        1.9     
    21        120       -2085.47         0.15         0.07        2       1.41     end warm-up
    16         95       -2091.48         1.80         4.61        2       59.6     
    22        125       -2085.56         0.28         0.14        2       3.09     
    21        120       -2087.34         0.32         1.58        2       18.4     
    24        135       -2085.16         0.12         0.13        6       1.88     
    19        110       -2085.98         0.59         2.88        2       30.9     
    21        120       -2085.89         0.10         0.09        2       1.28     end warm-up
    17        100       -2094.89         1.35         3.55        2       37.8     
    21        120       -2084.74         0.37         0.61        2       11.7     
    22        125       -2085.48         0.18         0.35        2       5.01     
    22        125       -2084.04         0.94         9.21        2       86.4     
    21        120       -2089.34         0.46         2.02        2       24.8     
    21        120       -2086.51         0.74         1.91        2       21.2     
    23        130       -2085.26         0.12         0.10        5       1.45     
    23        130       -2084.96         0.45         0.34        3       6.25     
    22        125       -2084.85         0.28         0.21        2        5.4     
    17        100       -2093.11         1.78         5.31        2       58.1     
    22        125       -2085.11         0.32         0.15        2       3.61     
    19        110       -2097.55         1.13         1.86        2       27.4     
    23        130       -2085.35         0.12         0.24        2       3.46     
    23        130       -2085.54         0.25         0.07        3       1.56     
    22        125       -2085.17         0.21         0.47        2       7.28     
    22        125       -2085.13         0.22         0.32        2       4.93     
    23        130       -2085.03         0.35         6.66        3       63.8     
    18        105       -2091.86         1.90         8.40        2       91.3     
    22        125       -2086.79         0.33         0.94        2       11.3     
    23        130       -2085.50         0.12         0.15        2       1.79     
    20        115       -2086.09         0.37         0.78        2       8.53     
    23        130       -2085.14         0.25         0.08        2       2.49     
    17        100       -2089.70         0.76         3.13        2       36.4     
    24        135       -2085.83         0.20         1.01        3       12.6     
    22        125       -2088.92         0.54         1.18        2       13.7     
    22        125       -2086.65         0.30         0.76        2       8.21     
    23        130       -2085.13         0.27         0.27        2       3.45     
    23        130       -2084.95         0.28         0.24        3       3.64     
    23        130       -2085.15         0.23         0.11        2       1.87     
    24        130       -2084.77         0.09         0.27        6       4.01     rotoscale
    24        135       -2085.62         0.17         0.11        4       1.76     
    24        135       -2084.85         0.59         0.27        4       4.92     
    20        115       -2089.14         1.82        10.30        2        126     
    18        105       -2090.09         0.85         3.57        2       44.7     
    24        135       -2085.33         0.11         0.15        2        1.8     
    24        135       -2085.22         0.16         0.07        3       1.47     
    25        140       -2085.51         0.25         0.24        3       4.05     
    19        110       -2091.28         0.47         2.99        2       30.2     
    23        130       -2086.04         0.35         1.59        2       17.9     
    24        135       -2085.36         0.18         0.38        3        4.7     
    24        135       -2085.26         0.12         0.06        3       1.98     
    24        135       -2084.71         0.19         0.13        3       3.25     
    24        135       -2085.55         0.12         0.20        2       2.31     end warm-up
    25        140       -2084.85         0.16         0.17        4       2.02     
    21        120       -2086.04         0.19         0.26        2       3.07     
    18        105       -2087.97         0.49         1.12        2       17.4     
    24        130       -2085.06         0.07         0.13        6       2.02     rotoscale
    25        135       -2086.03         0.10         1.81        7       19.4     rotoscale
    25        140       -2085.06         0.17         0.28        5       4.96     
    23        130       -2086.38         0.23         1.04        2       10.9     
    23        130       -2086.98         0.40         3.76        2       41.4     
    25        135       -2084.70         0.08         0.05        7      0.944     
    25        140       -2085.10         0.12         0.07        4       1.43     
    21        120       -2087.10         1.00         1.40        2       22.6     
    25        140       -2085.25         0.14         0.12        4       1.92     
    26        145       -2085.20         0.36         0.24        3       4.39     
    25        140       -2085.12         0.13         0.06        4        1.4     
    25        140       -2085.40         0.10         0.03        2      0.808     end warm-up
    20        115       -2089.90         0.72         2.49        2       29.2     
    19        110       -2089.14         0.57         1.29        2       16.6     
    25        140       -2085.09         0.12         0.18        4       3.29     
    25        140       -2085.08         0.29         0.11        2       3.55     
    26        145       -2084.88         0.13         0.06        5       1.08     
    25        135       -2084.77         0.09         0.06        7       1.79     
    26        140       -2085.29         0.09         0.34        7       5.75     
    22        125       -2085.69         0.17         0.22        2       3.67     
    19        110       -2087.47         0.36         0.63        2       8.54     
    26        145       -2085.01         0.22         0.05        6       1.32     
    24        135       -2085.88         0.17         0.62        2       6.55     
    26        145       -2085.12         0.08         0.05        5      0.768     
    24        135       -2086.52         0.26         0.68        2       8.47     
    22        125       -2086.53         0.37         1.00        2       12.1     
    24        135       -2086.17         0.18         0.61        2        6.7     
    26        145       -2085.37         0.08         0.03        5      0.966     
    27        150       -2085.19         0.18         0.44        3       4.55     
    26        145       -2085.09         0.16         0.04        5      0.958     
    26        140       -2084.77         0.05         0.03       10      0.712     
    26        145       -2085.24         0.12         0.05        2       1.39     
    26        145       -2085.35         0.16         0.05        2       1.89     
    21        120       -2088.71         0.53         2.37        2       26.8     
    26        145       -2085.11         0.11         0.07        4       1.01     
    20        115       -2088.06         0.58         1.90        2       22.4     
    27        145       -2085.02         0.10         0.11        7       2.19     
    26        140       -2084.89         0.08         0.02        8      0.838     
    23        130       -2085.58         0.15         0.11        2        1.8     
    20        115       -2087.00         0.36         0.34        2       5.75     
    25        140       -2085.50         0.21         0.35        2       5.05     
    28        155       -2085.20         0.09         0.08        4       1.06     
    25        140       -2085.82         0.35         0.75        2       10.2     
    27        150       -2085.28         0.10         0.02        2      0.692     
    27        150       -2085.28         0.14         0.04        3       1.02     
    23        130       -2086.49         0.22         0.18        2       2.46     
    25        140       -2085.73         0.16         0.36        2       5.21     
    27        150       -2085.05         0.12         0.04        4      0.909     
    21        120       -2086.57         0.45         3.20        2         35     
    27        145       -2084.73         0.06         0.01       13      0.434     
    27        145       -2085.41         0.28         0.70        6       8.92     rotoscale
    22        125       -2087.33         0.39         2.14        2       24.9     
    27        145       -2084.86         0.09         0.01        8      0.504     
    28        150       -2084.73         0.10         0.07        8       1.91     
    29        160       -2085.05         0.14         0.04        5       1.32     
    28        155       -2085.15         0.10         0.14        5       1.98     
    24        135       -2085.64         0.11         0.08        2       1.28     end warm-up
    27        145       -2084.68         0.05         0.18        6       3.26     rotoscale
    21        120       -2086.37         0.39         0.66        2       9.25     
    26        145       -2085.53         0.15         0.12        2       1.67     
    28        155       -2085.08         0.10         0.02        4      0.594     
    28        155       -2085.15         0.09         0.04        4       1.06     
    27        145       -2084.70         0.10         0.26        6       3.71     rotoscale
    24        135       -2086.10         0.19         0.27        2       4.31     
    27        145       -2084.44         0.12         0.33        5       5.52     rotoscale
    28        150       -2085.05         0.10         0.27        6       3.91     
    27        145       -2084.84         0.12         0.41        6       5.87     rotoscale
    23        130       -2086.68         0.23         0.70        2        9.2     
    26        145       -2085.90         0.18         0.38        2       4.24     
    26        145       -2085.49         0.16         0.28        2       3.86     
    25        140       -2085.06         0.24         0.16        2       4.16     
    28        150       -2084.86         0.06         0.02        8      0.365     
    22        125       -2086.06         0.33         0.93        2       11.1     
    29        160       -2084.99         0.09         0.04        6       1.19     
    29        160       -2085.16         0.06         0.01        7      0.588     
    29        160       -2085.16         0.14         0.03        5      0.736     
    29        155       -2086.04         0.19         1.07        8       14.5     
    28        150       -2084.65         0.05         0.02       16      0.581     
    22        125       -2085.99         0.31         0.28        2        4.8     
    27        150       -2085.35         0.14         0.06        2       1.62     end warm-up
    29        155       -2084.88         0.10         0.13        6       2.07     
    28        150       -2084.65         0.04         0.04        7      0.548     
    25        140       -2085.76         0.30         0.27        2       4.49     end warm-up
    28        150       -2086.75         0.20         1.35        7       19.5     
    28        150       -2084.89         0.07         0.03        7      0.687     
    26        145       -2085.19         0.16         0.04        2       1.31     
    28        150       -2084.55         0.10         0.11        6       1.67     
    27        150       -2085.46         0.22         0.24        2       4.31     
    30        165       -2085.00         0.07         0.02        7      0.484     
    27        150       -2085.37         0.17         0.22        2       2.94     end warm-up
    29        155       -2084.60         0.10         0.06        8       1.72     
    24        135       -2086.20         0.17         0.52        2       6.75     
    23        130       -2085.81         0.18         0.40        2       5.01     
    30        160       -2084.67         0.08         0.23        6       3.56     rotoscale
    28        155       -2084.73         0.27         0.19        2       4.68     
    30        160       -2085.12         0.07         0.43        8       7.11     
    29        155       -2084.56         0.06         0.03       10       0.76     
    26        145       -2085.36         0.25         0.26        2       4.54     
    30        160       -2084.74         0.11         0.07        7       1.44     
    23        130       -2085.98         0.23         0.24        2       2.91     
    27        150       -2085.18         0.11         0.10        3       1.33     
    29        155       -2085.24         0.17         0.34        7       8.62     
    28        155       -2084.90         0.20         0.28        2       4.68     
    29        160       -2085.06         0.18         0.09        2       2.49     
    29        155       -2084.61         0.07         0.08        6       1.15     
    30        160       -2084.69         0.11         0.19        5       3.59     rotoscale
    29        155       -2084.86         0.06         0.04       10      0.651     
    25        140       -2085.77         0.20         0.36        2       5.32     
    24        135       -2085.75         0.16         0.34        2       3.73     
    28        155       -2085.54         0.14         0.15        2       2.06     end warm-up
    31        165       -2085.76         0.10         0.68        7       10.1     
    31        165       -2084.91         0.07         0.09        8       1.68     
    27        150       -2085.36         0.21         0.13        2       1.83     
    28        155       -2085.15         0.08         0.06        4      0.906     
    30        165       -2085.01         0.20         0.09        3        1.6     
    31        165       -2084.75         0.16         0.03        8       0.86     
    30        160       -2084.56         0.04         0.02       13      0.326     
    24        135       -2085.92         0.22         0.19        2       2.66     end warm-up
    29        160       -2084.84         0.15         0.23        2       2.75     
    30        160       -2084.73         0.05         0.16        8       2.99     rotoscale
    29        160       -2084.00         0.53         0.55        2       11.8     
    30        160       -2084.78         0.09         0.14        7       3.05     
    30        160       -2084.60         0.09         0.04        6      0.659     
    31        165       -2084.69         0.07         0.02        6      0.388     
    26        145       -2085.70         0.20         0.22        2       2.84     
    25        140       -2085.37         0.20         0.28        2       4.41     
    31        165       -2084.61         0.07         0.23        8       3.58     rotoscale
    29        160       -2085.01         0.08         0.03        7       1.01     
    28        155       -2085.57         0.11         0.09        3       1.86     
    32        170       -2085.00         0.07         0.25        7       5.06     
    25        140       -2085.49         0.24         0.15        2       3.59     
    31        170       -2084.91         0.11         0.07        4       1.29     
    30        165       -2084.97         0.17         0.04        3       1.33     
    30        160       -2084.77         0.08         0.03       11      0.861     
    32        170       -2084.69         0.10         0.07        8       1.21     
    30        165       -2085.01         0.23         0.28        2       6.61     
    30        155       -2084.41         0.10         0.06        9       1.45     rotoscale
    31        165       -2084.53         0.04         0.01        6      0.514     
    26        145       -2085.59         0.16         0.05        2       1.27     
    31        165       -2084.58         0.05         0.08        7       1.56     
    29        160       -2085.24         0.13         0.06        4          2     
    31        165       -2084.65         0.04         0.01        9      0.489     
    27        150       -2085.59         0.16         0.49        2       5.27     end warm-up
    32        175       -2084.88         0.09         0.03        5      0.674     
    32        170       -2084.57         0.05         0.01        9      0.377     
    32        170       -2084.68         0.06         0.04        8      0.615     
    31        165       -2084.56         0.03         0.01       16      0.221     
    31        170       -2084.95         0.14         0.04        3      0.879     
    26        145       -2085.08         0.21         0.35        2       4.74     end warm-up
    33        175       -2084.83         0.05         0.04        7       1.14     
    31        170       -2084.85         0.16         0.08        3       1.77     
    29        155       -2084.68         0.05         0.01       19        0.4     
    32        165       -2084.53         0.05         0.13        8       2.58     rotoscale
    27        150       -2085.25         0.20         0.13        3          3     
    31        165       -2084.69         0.08         0.04       11      0.866     
    30        165       -2085.91         0.10         0.40        5       6.09     
    31        160       -2084.38         0.07         0.03       10      0.578     
    28        155       -2084.69         0.32         0.30        2       6.71     
    32        170       -2084.55         0.06         0.03        9      0.481     
    32        175       -2084.96         0.12         0.02        3      0.568     
    32        170       -2084.57         0.09         0.02        8      0.515     
    27        150       -2084.93         0.30         0.15        2       2.79     
    32        175       -2085.04         0.11         0.06        4       1.56     
    33        175       -2084.57         0.07         0.02        8       0.77     
    28        155       -2085.16         0.18         0.07        4       1.53     
    33        175       -2084.58         0.05         0.02       12      0.375     
    32        170       -2084.62         0.05         0.01       12      0.373     
    29        160       -2084.29         0.29         0.22        2       4.23     
    34        180       -2084.78         0.06         0.03        7      0.604     
    33        170       -2084.52         0.04         0.04        9      0.537     
    30        160       -2084.72         0.04         0.12        8       2.22     rotoscale
    32        170       -2084.54         0.03         0.02       19       0.32     
    33        180       -2084.88         0.11         0.02        3      0.862     
    31        170       -2085.33         0.08         0.17        5        3.7     
    33        175       -2084.42         0.08         0.17        6       3.27     rotoscale
    28        155       -2085.10         0.24         0.08        2       2.09     
    32        165       -2084.32         0.08         0.03       13      0.704     
    33        180       -2085.07         0.17         0.03        4       0.98     
    33        175       -2084.86         0.11         0.10        9       1.83     rotoscale, undo
    29        160       -2085.23         0.09         0.02        5      0.712     
    30        165       -2084.80         0.15         0.16        3       3.62     
    34        180       -2084.59         0.05         0.02        9      0.403     
    34        185       -2084.92         0.08         0.05        6      0.872     
    34        180       -2084.61         0.04         0.01       15      0.349     
    32        175       -2085.29         0.08         0.04        6      0.737     
    29        160       -2085.16         0.15         0.14        3        1.9     
    34        175       -2084.57         0.06         0.01       12      0.505     
    34        185       -2084.86         0.19         0.03        4       1.62     
    31        165       -2084.56         0.04         0.06        9       1.16     
    32        170       -2084.65         0.08         0.04       11      0.741     
    34        180       -2084.40         0.07         0.04        7      0.659     
    31        170       -2084.93         0.17         0.04        3       1.35     
    34        180       -2084.79         0.09         0.04        9      0.837     
    33        170       -2084.45         0.05         0.04       15      0.988     
    33        175       -2085.21         0.07         0.27       15       4.56     
    30        165       -2085.03         0.20         0.04        4       1.46     
    35        185       -2085.10         0.07         0.21       10       3.18     
    33        175       -2084.55         0.06         0.01        9      0.328     rotoscale, undo
    35        185       -2084.61         0.05         0.02       10      0.439     
    35        190       -2084.94         0.14         0.02        4      0.866     
    35        180       -2084.56         0.06         0.02       12      0.368     
    35        185       -2084.55         0.04         0.01       15      0.425     
    33        170       -2084.41         0.09         0.05        8        1.3     rotoscale
    32        175       -2084.73         0.18         0.04        3       1.64     
    35        185       -2084.67         0.08         0.05        9       1.16     
    32        170       -2084.54         0.05         0.03       10      0.448     
    30        160       -2084.77         0.08         0.18        6       3.45     rotoscale
    35        185       -2084.49         0.06         0.04        9      0.836     
    31        170       -2085.10         0.13         0.02        4      0.843     
    34        180       -2084.59         0.05         0.01        9      0.391     
    36        195       -2084.97         0.11         0.03        7      0.682     
    34        175       -2084.44         0.04         0.02       15      0.302     
    36        190       -2084.76         0.05         0.10       10       2.24     
    36        185       -2084.52         0.05         0.01       11      0.362     
    33        180       -2085.08         0.13         0.06        3       2.16     
    34        180       -2084.79         0.04         0.12       15        2.6     
    31        165       -2084.67         0.09         0.05        7        1.1     
    35        185       -2084.50         0.07         0.21        7       3.51     rotoscale
    36        190       -2084.70         0.09         0.02       10      0.631     
    33        175       -2084.50         0.03         0.01       10      0.345     
    34        175       -2084.39         0.08         0.02        9      0.566     
    32        175       -2084.98         0.11         0.05        7       1.15     
    33        175       -2084.86         0.05         0.14        7       2.85     rotoscale
    36        190       -2084.41         0.04         0.04        9      0.715     
    36        190       -2084.56         0.03         0.01       18      0.221     
    35        185       -2084.58         0.03         0.01        9      0.236     
    30        160       -2084.62         0.03         0.01       19      0.394     rotoscale, undo
    34        185       -2085.14         0.11         0.03        3      0.814     
    35        180       -2084.42         0.04         0.01       15      0.342     
    37        190       -2084.56         0.04         0.03       11      0.521     
    32        170       -2084.68         0.15         0.03        8      0.804     
    37        195       -2084.68         0.08         0.03       10      0.595     
    35        180       -2084.51         0.05         0.05       12       1.02     
    37        195       -2084.44         0.08         0.02       10      0.512     
    35        185       -2084.64         0.04         0.03       15      0.864     
    36        190       -2084.49         0.06         0.02        8      0.392     
    36        190       -2084.60         0.04         0.02       10      0.334     rotoscale, undo
    34        180       -2084.42         0.05         0.01       13      0.533     
    33        170       -2084.57         0.05         0.03       10      0.692     rotoscale
    35        190       -2085.02         0.10         0.03        3      0.951     
    36        190       -2084.58         0.04         0.02       12       0.32     
    34        180       -2085.36         0.06         0.40        8       5.44     
    33        175       -2084.63         0.08         0.01        8      0.523     
    38        195       -2084.59         0.05         0.02       11      0.413     
    38        200       -2084.64         0.07         0.02       10      0.487     
    36        185       -2084.46         0.03         0.02       16      0.418     
    33        175       -2084.53         0.04         0.02       20      0.317     rotoscale, undo
    36        195       -2084.99         0.10         0.01        3      0.509     
    38        200       -2084.53         0.07         0.02       10      0.713     
    34        175       -2084.53         0.11         0.04        9      0.834     
    37        195       -2084.58         0.10         0.16        8       3.06     rotoscale
    36        185       -2084.38         0.06         0.05       12       1.08     
    37        195       -2084.61         0.03         0.01       13      0.255     
    35        185       -2084.50         0.03         0.01       16      0.522     
    37        195       -2084.62         0.03         0.01       12      0.342     
    31        165       -2084.65         0.04         0.01       22      0.277     
    39        200       -2084.58         0.04         0.02       11      0.323     
    35        185       -2084.70         0.05         0.18        8       3.96     
    37        195       -2084.42         0.06         0.01       11      0.534     
    33        175       -2083.78         0.33         0.83        8       12.5     rotoscale
    34        180       -2084.60         0.07         0.03       11      0.583     
    37        200       -2084.84         0.10         0.06        6       1.37     
    37        190       -2084.47         0.07         0.01       16      0.349     stable
    37        190       -2084.59         0.06         0.08       11       1.47     rotoscale
    39        205       -2084.88         0.06         0.13       13        2.2     
    35        180       -2084.45         0.06         0.03        9      0.702     
    38        200       -2084.58         0.03         0.01       12      0.262     
    40        205       -2084.55         0.04         0.01       11      0.337     
    34        180       -2084.47         0.05         0.01       20      0.416     
    37        190       -2084.50         0.04         0.04       13      0.915     
    38        200       -2084.54         0.08         0.05        9      0.864     
    34        180       -2084.39         0.13         0.30        9       5.17     
    36        190       -2084.63         0.06         0.05        9      0.875     
    32        170       -2084.63         0.03         0.01       21      0.271     
    35        185       -2084.51         0.08         0.03       14      0.787     
    38        200       -2084.51         0.04         0.03       14      0.754     
    38        195       -2084.57         0.05         0.01       12      0.332     
    40        210       -2084.70         0.06         0.07       13       1.44     
    36        185       -2085.15         0.06         0.42       10       6.28     
    37        195       -2084.51         0.03         0.01       21      0.337     rotoscale, undo
    38        200       -2084.57         0.04         0.01       16      0.372     
    39        205       -2084.57         0.02         0.01       15      0.189     stable
    38        195       -2084.45         0.04         0.03       13      0.555     
    39        205       -2084.50         0.05         0.01        9       0.36     rotoscale, undo
    39        205       -2084.53         0.04         0.05       12      0.552     
    41        210       -2085.51         0.05         0.49       13       7.75     
    38        200       -2084.45         0.11         0.19        7       3.35     rotoscale
    35        185       -2084.47         0.08         0.06        8       1.09     
    37        195       -2084.58         0.05         0.02       12      0.494     
    39        200       -2084.68         0.07         0.01       15      0.702     
    36        190       -2084.62         0.03         0.01       18       0.27     rotoscale, undo
    33        175       -2084.59         0.03         0.01       21      0.299     
    41        215       -2084.60         0.05         0.02       13        0.7     
    35        185       -2084.55         0.02         0.01       20      0.419     
    39        205       -2084.43         0.04         0.02       13      0.553     
    37        190       -2084.57         0.04         0.16       10        3.5     
    40        210       -2084.54         0.04         0.01        9       0.42     
    39        200       -2084.45         0.04         0.01       13      0.239     
    36        190       -2084.36         0.08         0.03        8      0.901     
    42        215       -2084.70         0.04         0.25       13       5.09     
    39        205       -2084.41         0.08         0.04        8      0.714     
    40        210       -2084.48         0.07         0.02       15      0.618     
    36        190       -2084.49         0.04         0.01       16      0.241     rotoscale, undo
    42        220       -2084.55         0.04         0.02       16      0.491     
    40        205       -2084.57         0.05         0.03       15      0.769     
    38        200       -2084.54         0.04         0.01       24      0.287     
    39        205       -2085.57         0.06         0.55       19       8.48     
    40        210       -2084.42         0.05         0.02       13      0.365     
    41        215       -2084.52         0.05         0.01        9      0.377     
   Inf        190       -2084.46         0.07         0.00       50      0.349     finalize

Inference terminated: variational solution stable for OPTIONS.TolStableCount fcn evaluations.
Estimated ELBO: -2084.463 +/- 0.071.

    38        195       -2084.50         0.05         0.04       10      0.782     
    37        195       -2084.63         0.03         0.01       21      0.203     
    36        190       -2084.49         0.04         0.01       20      0.385     stable
    40        205       -2084.42         0.05         0.01       13       0.36     
    34        180       -2084.60         0.04         0.01       22      0.235     stable
    38        200       -2084.60         0.03         0.01       15      0.308     
    36        190       -2084.57         0.08         0.02       17      0.599     rotoscale, undo
    37        195       -2084.40         0.09         0.04        9      0.761     
    43        220       -2084.60         0.03         0.04       13      0.731     
    40        210       -2084.29         0.10         0.02       11      0.882     
    37        195       -2084.48         0.03         0.01       16       0.22     
    41        215       -2084.50         0.05         0.02       15      0.355     
    42        220       -2084.52         0.03         0.01        9      0.201     stable
    43        225       -2084.58         0.04         0.01       18      0.313     
    41        210       -2084.56         0.02         0.01       18      0.214     
    39        200       -2084.50         0.06         0.01       10      0.284     stable
    41        210       -2084.44         0.04         0.01       13      0.282     
    39        205       -2084.52         0.04         0.00       24      0.237     
    38        200       -2084.43         0.06         0.02        9      0.499     
    37        195       -2084.55         0.04         0.01       17       0.29     
    40        210       -2084.76         0.05         0.25       19       5.09     
    38        200       -2084.64         0.04         0.00       21      0.184     
    44        230       -2084.59         0.03         0.01       18      0.206     
    38        200       -2084.45         0.05         0.01       16      0.354     
    41        215       -2084.89         0.16         0.30       14       5.18     
    42        215       -2084.47         0.04         0.01       16      0.319     
    42        215       -2085.24         0.03         0.34       20       5.42     
    40        210       -2084.53         0.02         0.01       24       0.17     stable
    38        200       -2084.54         0.07         0.01       19      0.334     
    45        235       -2084.60         0.03         0.01       18      0.195     
    39        205       -2084.51         0.05         0.01       16      0.462     
    42        220       -2084.50         0.05         0.01       18      0.266     
    41        215       -2084.61         0.03         0.06       19       1.14     
    41        215       -2084.38         0.04         0.02       13      0.484     rotoscale, undo, stable
    43        220       -2084.52         0.03         0.01       16      0.361     
    39        205       -2084.63         0.04         0.00       21      0.198     
    44        225       -2084.58         0.03         0.01       13       0.23     rotoscale, undo, stable
    42        220       -2084.39         0.09         0.15       14       3.28     
   Inf        205       -2084.56         0.02         0.01       50      0.189     finalize

Inference terminated: variational solution stable for OPTIONS.TolStableCount fcn evaluations.
Estimated ELBO: -2084.556 +/- 0.024.

    39        205       -2084.46         0.04         0.02        9      0.363     rotoscale, undo
    40        210       -2084.51         0.03         0.01       16       0.19     
    39        205       -2084.55         0.07         0.01       19      0.291     
    43        220       -2084.69         0.04         0.20       20       3.74     
    46        240       -2084.58         0.03         0.01       19      0.225     
    40        210       -2084.65         0.03         0.00       21      0.222     
    42        220       -2084.61         0.03         0.01       19      0.217     
    43        225       -2084.43         0.07         0.08       13        1.1     
   Inf        190       -2084.51         0.04         0.01       50      0.385     finalize

Inference terminated: variational solution stable for OPTIONS.TolStableCount fcn evaluations.
Estimated ELBO: -2084.511 +/- 0.036.

    40        210       -2084.50         0.06         0.01       11      0.433     
    41        215       -2084.53         0.03         0.01       16      0.181     stable
    40        210       -2084.52         0.05         0.01       19      0.349     stable
   Inf        200       -2084.52         0.06         0.02       50      0.284     finalize

Inference terminated: variational solution stable for OPTIONS.TolStableCount fcn evaluations.
Estimated ELBO: -2084.520 +/- 0.056.

    47        245       -2084.59         0.04         0.01       19      0.272     stable
    39        205       -2084.59         0.05         0.01       18      0.254     rotoscale, undo
    41        215       -2084.63         0.03         0.01       20      0.233     
    41        215       -2084.47         0.04         0.01       11      0.324     
    43        225       -2084.62         0.05         0.01       19      0.255     
    44        225       -2084.57         0.03         0.03       20      0.747     
   Inf        180       -2084.61         0.04         0.01       50      0.235     finalize

Inference terminated: variational solution stable for OPTIONS.TolStableCount fcn evaluations.
Estimated ELBO: -2084.615 +/- 0.041.

    44        225       -2084.46         0.04         0.01       16      0.406     rotoscale, undo
    42        220       -2084.54         0.05         0.01       11      0.475     
    40        210       -2084.58         0.04         0.01       17      0.211     
    42        220       -2084.66         0.03         0.00       20      0.238     stable
   Inf        225       -2084.57         0.03         0.01       50       0.23     finalize

Inference terminated: variational solution stable for OPTIONS.TolStableCount fcn evaluations.
Estimated ELBO: -2084.566 +/- 0.027.

    44        230       -2084.61         0.04         0.01       19      0.203     
    45        230       -2084.60         0.03         0.00       20      0.257     
    43        225       -2084.48         0.04         0.01       18      0.252     rotoscale, undo
    45        230       -2084.45         0.04         0.02       16       0.31     stable
    43        225       -2084.56         0.04         0.01       11      0.286     
    44        230       -2084.46         0.05         0.02       13      0.394     rotoscale, undo
    41        215       -2084.55         0.03         0.01       17      0.266     
    46        235       -2084.59         0.03         0.01       18      0.205     
    45        235       -2084.56         0.04         0.01       19      0.355     
    44        230       -2084.56         0.05         0.00       11      0.207     
   Inf        210       -2084.52         0.05         0.00       50      0.349     finalize

Inference terminated: variational solution stable for OPTIONS.TolStableCount fcn evaluations.
Estimated ELBO: -2084.524 +/- 0.050.

    45        235       -2084.50         0.04         0.02       13       0.47     
    42        220       -2084.57         0.03         0.01       18      0.238     
    47        240       -2084.59         0.03         0.01       18      0.143     
    45        235       -2084.57         0.03         0.01       11      0.169     stable
    46        240       -2084.49         0.05         0.01       13      0.276     
    43        225       -2084.64         0.03         0.01       17      0.382     
   Inf        230       -2084.44         0.04         0.00       50       0.31     finalize

Inference terminated: variational solution stable for OPTIONS.TolStableCount fcn evaluations.
Estimated ELBO: -2084.437 +/- 0.037.

    47        245       -2084.49         0.03         0.00       13      0.158     
    44        230       -2084.50         0.03         0.01       20      0.262     stable
    44        230       -2084.60         0.03         0.01       17      0.279     
   Inf        215       -2084.40         0.04         0.01       50      0.484     finalize

Inference terminated: variational solution stable for OPTIONS.TolStableCount fcn evaluations.
Estimated ELBO: -2084.398 +/- 0.042.

   Inf        215       -2084.49         0.03         0.00       50      0.181     finalize

Inference terminated: variational solution stable for OPTIONS.TolStableCount fcn evaluations.
Estimated ELBO: -2084.492 +/- 0.025.

    48        250       -2084.54         0.05         0.02       14      0.492     
   Inf        220       -2084.65         0.03         0.00       50      0.238     finalize

Inference terminated: variational solution stable for OPTIONS.TolStableCount fcn evaluations.
Estimated ELBO: -2084.654 +/- 0.028.

    45        235       -2084.60         0.02         0.01       17      0.123     stable
    46        240       -2084.71         0.03         0.06       22       1.11     
   Inf        210       -2084.53         0.02         0.00       50       0.17     finalize

Inference terminated: variational solution stable for OPTIONS.TolStableCount fcn evaluations.
Estimated ELBO: -2084.532 +/- 0.024.

    49        255       -2084.49         0.04         0.01       14      0.402     
   Inf        235       -2084.59         0.03         0.01       50      0.169     finalize

Inference terminated: variational solution stable for OPTIONS.TolStableCount fcn evaluations.
Estimated ELBO: -2084.585 +/- 0.029.

    48        245       -2084.59         0.02         0.00       18      0.135     rotoscale, undo
    50        260       -2084.51         0.05         0.01       14      0.331     
    47        245       -2084.60         0.03         0.04       22      0.792     
    49        250       -2084.59         0.03         0.00       19      0.134     stable
    51        265       -2084.53         0.06         0.01       14      0.354     
    48        250       -2084.56         0.03         0.01       22      0.279     
    52        270       -2084.49         0.04         0.00       14      0.318     
   Inf        235       -2084.62         0.02         0.00       50      0.123     finalize

Inference terminated: variational solution stable for OPTIONS.TolStableCount fcn evaluations.
Estimated ELBO: -2084.622 +/- 0.022.

    53        275       -2084.49         0.05         0.00       14      0.201     stable
   Inf        230       -2084.49         0.03         0.00       50      0.262     finalize

Inference terminated: variational solution stable for OPTIONS.TolStableCount fcn evaluations.
Estimated ELBO: -2084.491 +/- 0.033.

   Inf        250       -2084.60         0.03         0.00       50      0.134     finalize

Inference terminated: variational solution stable for OPTIONS.TolStableCount fcn evaluations.
Estimated ELBO: -2084.599 +/- 0.028.

    49        255       -2084.98         0.02         0.15       25       2.87     
   Inf        275       -2084.47         0.06         0.01       50      0.201     finalize

Inference terminated: variational solution stable for OPTIONS.TolStableCount fcn evaluations.
Estimated ELBO: -2084.473 +/- 0.056.

    50        260       -2084.60         0.03         0.11       25       2.39     
    51        265       -2084.56         0.03         0.01       25      0.325     
   Inf        220       -2084.51         0.03         0.01       50      0.201     finalize

Inference terminated: variational solution stable for OPTIONS.TolStableCount fcn evaluations.
Estimated ELBO: -2084.513 +/- 0.033.

   Inf        245       -2084.54         0.04         0.01       50      0.272     finalize

Inference terminated: variational solution stable for OPTIONS.TolStableCount fcn evaluations.
Estimated ELBO: -2084.541 +/- 0.039.

    52        270       -2084.54         0.02         0.00       28      0.176     rotoscale, undo
    53        275       -2084.56         0.03         0.00       30      0.198     
    54        280       -2084.57         0.02         0.01       30      0.166     
    55        285       -2084.54         0.03         0.00       29      0.233     
    56        290       -2084.52         0.02         0.00       27      0.161     
    57        295       -2084.58         0.02         0.00       27      0.303     
    58        300       -2084.58         0.02         0.00       26      0.103     stable
   Inf        300       -2084.54         0.02         0.00       50      0.103     finalize

Inference terminated: variational solution stable for OPTIONS.TolStableCount fcn evaluations.
Estimated ELBO: -2084.544 +/- 0.020.

{Dot indexing is not supported for variables of this type.

Error in vbmc_mode (line 21)
    x0_mat = vp.mu';

Error in fit_atheo_model_VBMC (line 127)
    model.bestP = vbmc_mode(model.best_vp);

Error in model_per_job (line 8)
fit_atheo_model_VBMC(hpc_job_number, 1)
} 
>> >> 