MATLAB is selecting SOFTWARE OPENGL rendering.

                            < M A T L A B (R) >
                  Copyright 1984-2022 The MathWorks, Inc.
                  R2022a (9.12.0.1884302) 64-bit (glnxa64)
                             February 16, 2022

 
To get started, type doc.
For product information, visit www.mathworks.com.
 
>> job number: 2 
Number of cores: 21  
Starting parallel pool (parpool) using the 'local' profile ...
Connected to the parallel pool (number of workers: 20).
[fit_atheo_model_VBMC] Start fitting model-exp_shiftMu sub-1 run-1 
Beginning variational optimization assuming EXACT observations of the log-joint.
 Iteration  f-count    Mean[ELBO]    Std[ELBO]    sKL-iter[q]   K[q]  Convergence  Action
     1         20       -3281.57       132.75    467343.92        2        Inf     start warm-up
     2         25       -2484.04       193.33       540.26        2        Inf     
     3         30       -2436.02        73.95       102.45        2   1.32e+03     
     4         35       -2373.96        88.49       188.91        2   2.18e+03     
     5         40       -2299.38        58.40       110.89        2   1.43e+03     
     6         45       -2303.96        26.79        56.97        2        612     
     7         50       -2260.19        19.79        43.08        2        596     
     8         55       -2201.93        17.58        73.13        2        904     
     9         60       -2179.94        12.78        33.89        2        418     
    10         65       -2111.06         5.40        24.90        2        469     
    11         70       -2092.07         6.46        17.08        2        237     
    12         75       -2091.31         1.31         5.06        2         52     
    13         80       -2090.69         1.01         1.35        2       17.5     
    14         85       -2090.13         0.61         1.29        2       15.4     
    15         90       -2089.47         0.64         1.48        2       17.5     
    16         95       -2087.29         0.58         3.46        2         40     
    17        100       -2087.06         0.42         1.08        2       11.8     
    18        105       -2086.61         0.22         0.66        2       8.14     
    19        110       -2086.71         0.35         1.40        2       13.9     
    20        115       -2085.67         0.28         1.73        2       19.8     
    21        120       -2085.57         0.16         0.31        2       3.68     
    22        125       -2085.39         0.14         0.14        2        2.3     
    23        130       -2085.34         0.15         0.14        2       1.96     end warm-up
    24        135       -2084.23         0.49         0.34        2       8.41     
    25        140       -2084.81         0.19         0.18        2       4.17     
    26        145       -2084.98         0.13         0.07        3       1.62     
    27        150       -2084.85         0.15         0.05        4       1.37     
    28        155       -2084.88         0.12         0.05        5      0.908     
    29        155       -2084.57         0.06         0.17        6       2.72     rotoscale
    30        160       -2084.55         0.06         0.02        7      0.486     
    31        165       -2084.54         0.05         0.04       10      0.507     
    32        170       -2084.56         0.05         0.02       13      0.427     
    33        175       -2084.60         0.04         0.02       13      0.439     
    34        180       -2084.53         0.03         0.02       13      0.463     
    35        185       -2084.56         0.06         0.01       15      0.378     rotoscale, undo
    36        190       -2084.56         0.03         0.01       15      0.149     
    37        195       -2084.53         0.04         0.01       15      0.306     
    38        200       -2084.55         0.04         0.01       14       0.26     stable
   Inf        200       -2084.55         0.04         0.01       50       0.26     finalize

Inference terminated: variational solution stable for OPTIONS.TolStableCount fcn evaluations.
Estimated ELBO: -2084.552 +/- 0.038.

[fit_atheo_model_VBMC] Start fitting model-exp_shiftMu sub-1 run-2 
Beginning variational optimization assuming EXACT observations of the log-joint.
 Iteration  f-count    Mean[ELBO]    Std[ELBO]    sKL-iter[q]   K[q]  Convergence  Action
     1         20       -3029.51        75.71   1143328.17        2        Inf     start warm-up
     2         25       -3017.41        76.56       165.06        2        Inf     
     3         30       -2554.15       163.09       226.95        2   4.11e+03     
     4         35       -2387.07        39.28      1584.71        2   1.48e+04     
     5         40       -2227.87        49.83       583.02        2   5.89e+03     
     6         45       -2051.86        43.97       429.50        2   4.56e+03     
     7         50       -2075.65        35.00       244.40        2   2.37e+03     
     8         55       -2098.79        22.65       117.94        2   1.13e+03     
     9         60       -2112.76         9.04        75.79        2        752     
    10         65       -2114.25         3.66         4.75        2       59.5     
    11         70       -2112.63         1.20         3.68        2       42.2     
    12         75       -2109.44         2.36         8.64        2       95.5     
    13         80       -2105.64         1.91         4.05        2       55.1     
    14         85       -2096.30         3.11        15.30        2        178     
    15         90       -2089.19         1.25         4.51        2       68.1     
    16         95       -2087.54         0.57         1.93        2       24.6     
    17        100       -2087.03         0.35         0.58        2          8     
    18        105       -2086.57         0.27         0.47        2       6.65     
    19        110       -2086.43         0.19         0.18        2       2.69     
    20        115       -2086.43         0.19         0.21        2       2.55     
    21        120       -2085.91         0.25         0.52        2       7.15     end warm-up
    22        125       -2085.27         0.48         0.41        2       7.41     
    23        130       -2085.44         0.20         0.26        2       3.58     
    24        135       -2085.05         0.27         0.30        3       4.88     
    25        140       -2085.45         0.18         0.11        4       2.97     
    26        145       -2085.26         0.15         0.08        4       1.83     
    27        150       -2085.20         0.14         0.04        5      0.991     
    28        150       -2084.85         0.11         0.22        6       3.48     rotoscale
    29        155       -2084.61         0.11         0.07        7       1.79     
    30        160       -2084.65         0.06         0.03        8      0.566     
    31        165       -2084.65         0.05         0.03       11      0.453     
    32        170       -2085.34         0.09         0.42       14       6.37     
    33        175       -2084.77         0.05         0.22       14          4     
    34        180       -2084.64         0.03         0.05       14      0.975     
    35        185       -2084.68         0.03         0.02       16      0.374     rotoscale, undo
    36        190       -2084.62         0.04         0.01       16      0.408     
    37        195       -2084.69         0.06         0.01       16      0.532     
    38        200       -2084.64         0.03         0.01       15      0.333     
    39        205       -2084.63         0.06         0.01       15      0.273     
    40        210       -2084.66         0.03         0.01       15      0.285     
    41        215       -2084.60         0.05         0.01       15      0.476     stable
   Inf        215       -2084.63         0.05         0.01       50      0.476     finalize

Inference terminated: variational solution stable for OPTIONS.TolStableCount fcn evaluations.
Estimated ELBO: -2084.627 +/- 0.050.

[fit_atheo_model_VBMC] Start fitting model-exp_shiftMu sub-1 run-3 
Beginning variational optimization assuming EXACT observations of the log-joint.
 Iteration  f-count    Mean[ELBO]    Std[ELBO]    sKL-iter[q]   K[q]  Convergence  Action
     1         20       -3680.01       156.73   1046867.27        2        Inf     start warm-up
     2         25       -3106.58       138.73       105.74        2        Inf     
     3         30       -2252.43       134.55       132.26        2   4.47e+03     
     4         35       -2200.56        36.90        81.34        2   1.02e+03     
     5         40       -2085.41        51.96       190.24        2   2.25e+03     
     6         45       -2147.88        18.27       114.69        2   1.29e+03     
     7         50       -2115.58        15.31        32.44        2        448     
     8         55       -2092.11        10.70        47.99        2        541     
     9         60       -2102.75        13.28        31.04        2        356     
    10         65       -2090.52        20.59        27.98        2        359     
    11         70       -2090.48         9.13        54.32        2        514     
    12         75       -2096.75         5.40        19.34        2        211     
    13         80       -2093.10         2.36         9.38        2        104     
    14         85       -2087.71         1.41         4.22        2       60.2     
    15         90       -2088.62         0.50         1.71        2       19.9     
    16         95       -2087.60         0.43         1.19        2       15.4     
    17        100       -2086.38         0.48         1.05        2         15     
    18        105       -2086.40         0.29         0.36        2       4.28     
    19        110       -2086.30         0.20         0.15        2        2.3     
    20        115       -2085.74         0.21         0.85        2       10.2     
    21        120       -2085.56         0.15         0.15        2       2.45     
    22        125       -2085.39         0.14         0.23        2       3.08     
    23        130       -2085.19         0.13         0.12        2       2.13     end warm-up
    24        135       -2085.12         0.11         0.09        2       1.44     
    25        140       -2085.21         0.11         0.03        2      0.927     
    26        145       -2085.05         0.08         0.10        5       1.69     
    27        150       -2085.02         0.11         0.05        6      0.897     
    28        155       -2084.96         0.10         0.05        6      0.937     
    29        155       -2084.67         0.07         0.17        7        2.7     rotoscale
    30        160       -2084.67         0.06         0.02        8      0.419     
    31        165       -2084.66         0.05         0.02       11      0.354     
    32        170       -2084.62         0.05         0.01       14      0.378     
    33        175       -2084.53         0.05         0.01       17      0.586     
    34        180       -2084.53         0.05         0.01       20      0.251     
    35        185       -2084.52         0.04         0.01       21      0.222     rotoscale, undo
    36        190       -2084.47         0.04         0.01       20      0.392     stable
   Inf        190       -2084.45         0.04         0.00       50      0.392     finalize

Inference terminated: variational solution stable for OPTIONS.TolStableCount fcn evaluations.
Estimated ELBO: -2084.455 +/- 0.036.

[fit_atheo_model_VBMC] Start fitting model-exp_shiftMu sub-1 run-4 
Beginning variational optimization assuming EXACT observations of the log-joint.
 Iteration  f-count    Mean[ELBO]    Std[ELBO]    sKL-iter[q]   K[q]  Convergence  Action
     1         20       -3440.72        92.37    759335.70        2        Inf     start warm-up
     2         25       -3143.50       187.03       564.28        2        Inf     
     3         30       -2698.47       123.94      1505.94        2   1.53e+04     
     4         35       -2512.57        26.59        99.34        2   1.59e+03     
     5         40       -2429.87        27.19        48.74        2        800     
     6         45       -2307.02        66.88       319.00        2   3.47e+03     
     7         50       -2162.92        37.14        89.87        2    1.4e+03     
     8         55       -2095.55        71.56        95.53        2   1.31e+03     
     9         60       -2110.73        22.84        24.77        2        347     
    10         65       -2113.20         7.95        20.54        2        218     
    11         70       -2093.27        10.67        31.44        2        382     
    12         75       -2088.96         3.14         9.24        2        107     
    13         80       -2088.26         1.30         6.21        2         62     
    14         85       -2086.91         0.61         1.57        2       20.5     
    15         90       -2086.86         0.54         0.46        2       6.04     
    16         95       -2086.77         0.41         0.74        2       8.25     
    17        100       -2085.80         0.62         1.44        2       18.2     
    18        105       -2085.99         0.25         0.59        2       6.72     
    19        110       -2085.78         0.17         0.34        2       4.27     
    20        115       -2085.63         0.19         0.43        2       4.92     
    21        120       -2085.49         0.15         0.09        2       1.78     end warm-up
    22        125       -2084.96         0.38         0.23        2       5.13     
    23        130       -2084.94         0.30         0.15        2       2.43     
    24        135       -2085.10         0.17         0.16        3       2.52     
    25        140       -2085.16         0.14         0.04        4       1.05     
    26        145       -2085.04         0.13         0.07        5       1.44     
    27        145       -2084.70         0.07         0.16        6       2.77     rotoscale
    28        150       -2084.64         0.07         0.04        7      0.735     
    29        155       -2084.41         0.10         0.06       10       1.64     
    30        160       -2084.54         0.07         0.05       11       1.06     
    31        165       -2084.58         0.06         0.01       11      0.476     
    32        170       -2084.41         0.07         0.05       11       1.23     
    33        175       -2084.44         0.09         0.02       12      0.569     rotoscale, undo
    34        180       -2084.42         0.06         0.02       12      0.502     
    35        185       -2084.49         0.03         0.01       15      0.475     
    36        190       -2084.50         0.05         0.01       18       0.28     
    37        195       -2084.52         0.04         0.01       18      0.346     
    38        200       -2084.47         0.04         0.01       18      0.382     
    39        205       -2084.53         0.04         0.01       21      0.401     
    40        210       -2084.53         0.05         0.00       21      0.193     
    41        215       -2084.55         0.03         0.01       20      0.259     stable
   Inf        215       -2084.54         0.03         0.01       50      0.259     finalize

Inference terminated: variational solution stable for OPTIONS.TolStableCount fcn evaluations.
Estimated ELBO: -2084.543 +/- 0.027.

[fit_atheo_model_VBMC] Start fitting model-exp_shiftMu sub-1 run-5 
Beginning variational optimization assuming EXACT observations of the log-joint.
 Iteration  f-count    Mean[ELBO]    Std[ELBO]    sKL-iter[q]   K[q]  Convergence  Action
     1         20       -3126.27       181.21    925101.13        2        Inf     start warm-up
     2         25       -2519.12       155.15      1340.25        2        Inf     
     3         30       -2337.31       101.78       110.50        2   1.93e+03     
     4         35       -2212.75        45.04       111.57        2   1.56e+03     
     5         40       -2155.59        26.01        65.75        2        863     
     6         45       -2136.87        14.38        71.78        2        750     
     7         50       -2118.40        15.07        57.43        2        623     
     8         55       -2096.21        25.81        49.28        2        599     
     9         60       -2101.87         8.26        13.09        2        163     
    10         65       -2100.60         2.41         6.22        2       67.7     
    11         70       -2097.64         1.11         1.75        2       29.2     
    12         75       -2095.21         0.92         2.80        2       36.1     
    13         80       -2092.18         0.63         2.69        2       36.2     
    14         85       -2089.75         0.63         2.46        2       32.1     
    15         90       -2088.98         1.32         2.35        2       27.9     
    16         95       -2088.48         0.61         1.46        2       16.8     
    17        100       -2086.98         0.43         1.52        2       19.9     
    18        105       -2086.28         0.39         1.37        2       15.9     
    19        110       -2085.91         0.20         0.31        2       4.67     
    20        115       -2085.79         0.18         0.78        2       7.99     
    21        120       -2085.33         0.16         0.42        2        5.8     
    22        125       -2085.40         0.14         0.41        2       4.33     end warm-up
    23        130       -2084.73         0.39         0.22        2       5.55     
    24        135       -2085.16         0.19         0.15        2        3.4     
    25        140       -2085.16         0.12         0.09        3        1.2     
    26        145       -2085.05         0.17         0.06        4       1.53     
    27        150       -2085.07         0.13         0.03        4      0.828     
slurmstepd: error: *** JOB 48069412 ON cs014 CANCELLED AT 2024-06-29T22:52:56 ***
