MATLAB is selecting SOFTWARE OPENGL rendering.

                            < M A T L A B (R) >
                  Copyright 1984-2022 The MathWorks, Inc.
                  R2022a (9.12.0.1884302) 64-bit (glnxa64)
                             February 16, 2022

 
To get started, type doc.
For product information, visit www.mathworks.com.
 
>> job number: 2 
Number of cores: 21  
Starting parallel pool (parpool) using the 'local' profile ...
Connected to the parallel pool (number of workers: 20).
[fit_atheo_model_VBMC] Start fitting model-exp_shiftMu sub-1 run-1 
[fit_atheo_model_VBMC] Start fitting model-exp_shiftMu sub-1 run-2 
[fit_atheo_model_VBMC] Start fitting model-exp_shiftMu sub-1 run-3 
[fit_atheo_model_VBMC] Start fitting model-exp_shiftMu sub-1 run-4 
[fit_atheo_model_VBMC] Start fitting model-exp_shiftMu sub-1 run-5 
[fit_atheo_model_VBMC] Start fitting model-exp_shiftMu sub-1 run-6 
[fit_atheo_model_VBMC] Start fitting model-exp_shiftMu sub-1 run-7 
[fit_atheo_model_VBMC] Start fitting model-exp_shiftMu sub-1 run-8 
[fit_atheo_model_VBMC] Start fitting model-exp_shiftMu sub-1 run-9 
[fit_atheo_model_VBMC] Start fitting model-exp_shiftMu sub-1 run-10 
[fit_atheo_model_VBMC] Start fitting model-exp_shiftMu sub-1 run-11 
[fit_atheo_model_VBMC] Start fitting model-exp_shiftMu sub-1 run-12 
[fit_atheo_model_VBMC] Start fitting model-exp_shiftMu sub-1 run-13 
[fit_atheo_model_VBMC] Start fitting model-exp_shiftMu sub-1 run-14 
[fit_atheo_model_VBMC] Start fitting model-exp_shiftMu sub-1 run-15 
[fit_atheo_model_VBMC] Start fitting model-exp_shiftMu sub-1 run-16 
[fit_atheo_model_VBMC] Start fitting model-exp_shiftMu sub-1 run-17 
[fit_atheo_model_VBMC] Start fitting model-exp_shiftMu sub-1 run-18 
[fit_atheo_model_VBMC] Start fitting model-exp_shiftMu sub-1 run-19 
[fit_atheo_model_VBMC] Start fitting model-exp_shiftMu sub-1 run-20 
Beginning variational optimization assuming EXACT observations of the log-joint.
 Iteration  f-count    Mean[ELBO]    Std[ELBO]    sKL-iter[q]   K[q]  Convergence  Action
     1         20       -3479.61       234.73   1461974.49        2        Inf     start warm-up
Beginning variational optimization assuming EXACT observations of the log-joint.
 Iteration  f-count    Mean[ELBO]    Std[ELBO]    sKL-iter[q]   K[q]  Convergence  Action
     1         20       -3676.62       200.69    687015.74        2        Inf     start warm-up
Beginning variational optimization assuming EXACT observations of the log-joint.
 Iteration  f-count    Mean[ELBO]    Std[ELBO]    sKL-iter[q]   K[q]  Convergence  Action
     1         20       -3408.47       145.56    921590.75        2        Inf     start warm-up
Beginning variational optimization assuming EXACT observations of the log-joint.
 Iteration  f-count    Mean[ELBO]    Std[ELBO]    sKL-iter[q]   K[q]  Convergence  Action
     1         20       -4046.63       157.37    799565.37        2        Inf     start warm-up
Beginning variational optimization assuming EXACT observations of the log-joint.
 Iteration  f-count    Mean[ELBO]    Std[ELBO]    sKL-iter[q]   K[q]  Convergence  Action
     1         20       -3705.47       175.68    748353.77        2        Inf     start warm-up
Beginning variational optimization assuming EXACT observations of the log-joint.
 Iteration  f-count    Mean[ELBO]    Std[ELBO]    sKL-iter[q]   K[q]  Convergence  Action
     1         20       -3441.55        97.71   1211371.68        2        Inf     start warm-up
Beginning variational optimization assuming EXACT observations of the log-joint.
 Iteration  f-count    Mean[ELBO]    Std[ELBO]    sKL-iter[q]   K[q]  Convergence  Action
     1         20       -3598.93       114.50    548472.79        2        Inf     start warm-up
Beginning variational optimization assuming EXACT observations of the log-joint.
 Iteration  f-count    Mean[ELBO]    Std[ELBO]    sKL-iter[q]   K[q]  Convergence  Action
     1         20       -3248.29        74.36   1536237.54        2        Inf     start warm-up
Beginning variational optimization assuming EXACT observations of the log-joint.
 Iteration  f-count    Mean[ELBO]    Std[ELBO]    sKL-iter[q]   K[q]  Convergence  Action
     1         20       -3173.86        68.81    802083.33        2        Inf     start warm-up
Beginning variational optimization assuming EXACT observations of the log-joint.
 Iteration  f-count    Mean[ELBO]    Std[ELBO]    sKL-iter[q]   K[q]  Convergence  Action
     1         20       -3768.17       139.66    585144.88        2        Inf     start warm-up
Beginning variational optimization assuming EXACT observations of the log-joint.
 Iteration  f-count    Mean[ELBO]    Std[ELBO]    sKL-iter[q]   K[q]  Convergence  Action
     1         20       -3391.70        95.42    723690.86        2        Inf     start warm-up
Beginning variational optimization assuming EXACT observations of the log-joint.
 Iteration  f-count    Mean[ELBO]    Std[ELBO]    sKL-iter[q]   K[q]  Convergence  Action
     1         20       -3427.68        49.94    219159.59        2        Inf     start warm-up
Beginning variational optimization assuming EXACT observations of the log-joint.
 Iteration  f-count    Mean[ELBO]    Std[ELBO]    sKL-iter[q]   K[q]  Convergence  Action
     1         20       -3658.43       103.49    472733.27        2        Inf     start warm-up
Beginning variational optimization assuming EXACT observations of the log-joint.
 Iteration  f-count    Mean[ELBO]    Std[ELBO]    sKL-iter[q]   K[q]  Convergence  Action
     1         20       -3112.26       264.38    138420.64        2        Inf     start warm-up
Beginning variational optimization assuming EXACT observations of the log-joint.
 Iteration  f-count    Mean[ELBO]    Std[ELBO]    sKL-iter[q]   K[q]  Convergence  Action
     1         20       -3306.39       197.31   1014642.79        2        Inf     start warm-up
Beginning variational optimization assuming EXACT observations of the log-joint.
 Iteration  f-count    Mean[ELBO]    Std[ELBO]    sKL-iter[q]   K[q]  Convergence  Action
     1         20       -3671.26       191.25   1496627.07        2        Inf     start warm-up
Beginning variational optimization assuming EXACT observations of the log-joint.
 Iteration  f-count    Mean[ELBO]    Std[ELBO]    sKL-iter[q]   K[q]  Convergence  Action
     1         20       -3984.43       192.00   1030608.35        2        Inf     start warm-up
Beginning variational optimization assuming EXACT observations of the log-joint.
 Iteration  f-count    Mean[ELBO]    Std[ELBO]    sKL-iter[q]   K[q]  Convergence  Action
     1         20       -4105.89        93.02    505236.32        2        Inf     start warm-up
Beginning variational optimization assuming EXACT observations of the log-joint.
 Iteration  f-count    Mean[ELBO]    Std[ELBO]    sKL-iter[q]   K[q]  Convergence  Action
     1         20       -3308.34        74.68    890850.62        2        Inf     start warm-up
     2         25       -2678.76       282.96       368.89        2        Inf     
     2         25       -2924.82       398.66       284.88        2        Inf     
     2         25       -2840.13       194.62       764.97        2        Inf     
     2         25       -1980.18       282.97       364.55        2        Inf     
     2         25       -2685.44        55.49       642.88        2        Inf     
     2         25       -2912.53       155.49        60.62        2        Inf     
     2         25       -2670.51       307.23       265.09        2        Inf     
Beginning variational optimization assuming EXACT observations of the log-joint.
 Iteration  f-count    Mean[ELBO]    Std[ELBO]    sKL-iter[q]   K[q]  Convergence  Action
     1         20       -3198.98        33.19    528411.20        2        Inf     start warm-up
     2         25       -2710.66        73.82       138.15        2        Inf     
     2         25       -2761.05       227.26       200.88        2        Inf     
     2         25       -2951.21       114.46       113.73        2        Inf     
     2         25       -2941.65       188.23       602.66        2        Inf     
     2         25       -2675.65       124.05       769.73        2        Inf     
     2         25       -2636.38       133.58       358.17        2        Inf     
     3         30       -2468.40       165.18       270.61        2   4.44e+03     
     3         30       -2366.36        55.78       386.80        2   5.58e+03     
     2         25       -3136.99       660.75       652.26        2        Inf     
     2         25       -2567.98        32.84       121.95        2        Inf     
     3         30       -2347.41        50.32       228.58        2   3.85e+03     
     2         25       -2606.78       104.45       282.07        2        Inf     
     2         25       -2319.46       204.53       336.98        2        Inf     
     2         25       -2677.17        60.78       129.71        2        Inf     
     3         30       -2345.20        70.88       203.63        2   3.27e+03     
     2         25       -3035.37       132.97       176.21        2        Inf     
     2         25       -2851.58        93.28        93.28        2        Inf     
     3         30       -2391.86        84.92       229.63        2   3.29e+03     
     3         30       -2819.73       145.68       366.91        2    4.1e+03     
     3         30       -1966.41       143.92       802.72        2   1.03e+04     
     4         35       -2158.68       104.76       231.57        2   3.44e+03     
     3         30       -2239.10        38.41       137.72        2   2.79e+03     
     3         30       -2608.00        84.40       134.73        2   1.82e+03     
     3         30       -2417.90        48.56       294.80        2   3.29e+03     
     3         30       -2242.17        47.92       197.02        2   3.39e+03     
     3         30       -2834.65        72.75       236.84        2   2.71e+03     
     3         30       -2485.00        43.02       631.42        2    6.4e+03     
     4         35       -2237.51        46.32        57.83        2   1.03e+03     
     3         30       -2607.49        62.90      2584.29        2    2.4e+04     
     4         35       -2287.36        82.25       233.22        2   2.62e+03     
     4         35       -2275.61        20.19        72.63        2        954     
     3         30       -2409.35        33.33       295.76        2    3.5e+03     
     3         30       -2680.53        89.54       165.69        2   2.96e+03     
     4         35       -2508.35        58.10        51.88        2        988     
     3         30       -2789.59        90.90       124.28        2   2.57e+03     
     4         35       -2543.50        71.36       243.15        2   3.32e+03     
     3         30       -2592.11        48.72       138.27        2   1.44e+03     
     5         40       -2123.64        39.05        38.39        2        589     
     4         35       -2245.16        57.16       465.76        2   5.27e+03     
     4         35       -2259.98        81.91       500.49        2   5.17e+03     
     4         35       -2150.30        35.41        99.61        2    1.3e+03     
     4         35       -2303.78        19.16        71.53        2   1.08e+03     
     5         40       -2153.93        39.93       129.61        2   1.69e+03     
     5         40       -2080.53        42.57        72.35        2   1.31e+03     
     5         40       -2285.92        43.93        40.25        2        510     
     4         35       -2119.57        90.60       237.12        2   2.82e+03     
     3         30       -2202.14        62.70       164.76        2   2.07e+03     
     6         45       -2074.33        49.74       189.01        2   2.01e+03     
     5         40       -2293.33        58.42       149.59        2   2.24e+03     
     3         30       -2539.19        45.42       177.94        2    2.2e+03     
     4         35       -2567.10        86.82       194.65        2   2.77e+03     
     5         40       -2135.63        43.54       157.78        2   1.92e+03     
     5         40       -2237.69        57.49       243.06        2   3.38e+03     
     6         45       -2236.80        29.84        57.30        2        774     
     4         35       -2488.51        53.05       105.26        2   1.46e+03     
     4         35       -2829.37        54.17       303.16        2    2.9e+03     
     5         40       -2242.54        28.53        52.65        2        768     
     5         40       -2358.36        84.86       462.40        2   4.73e+03     
     6         45       -2160.12        45.54        95.34        2   1.02e+03     
     5         40       -2151.00        22.89        86.33        2        848     
     4         35       -2098.16        81.99       434.27        2   4.49e+03     
     4         35       -2191.81        63.97       193.55        2   2.91e+03     
     6         45       -2047.21        52.43        93.39        2   1.12e+03     
     5         40       -2098.86        38.45       164.59        2   1.66e+03     
     6         45       -2186.27        15.80        39.54        2        762     
     4         35       -2459.84        36.02       151.25        2   1.96e+03     
     4         35       -2413.01        35.01       218.76        2   2.08e+03     
     4         35       -2392.65        49.02       281.71        2   3.63e+03     
     6         45       -2137.20        34.78        50.24        2        569     
     7         50       -2110.58        33.08       169.47        2   1.74e+03     
     6         45       -2193.31        22.68       118.02        2   1.29e+03     
     6         45       -2233.53        40.78       119.14        2   1.61e+03     
     6         45       -2129.98        16.57        70.29        2        752     
     6         45       -2129.79       168.67       349.99        2   4.04e+03     
     4         35       -2514.35        19.68       100.05        2   1.04e+03     
     7         50       -2160.27        54.92       109.32        2   1.41e+03     
     5         40       -2458.49        31.84       139.28        2   1.71e+03     
     5         40       -2438.07        24.90        29.65        2        420     
     7         50       -2173.24        26.05       134.80        2   1.33e+03     
     7         50       -2048.55        34.08       175.06        2   1.68e+03     
     6         45       -2091.77        16.67       264.37        2   2.43e+03     
     5         40       -2243.75        54.91       141.54        2   2.26e+03     
     7         50       -2139.70        26.55        75.51        2        916     
     5         40       -2649.22        23.89        71.99        2   1.32e+03     
     7         50       -2152.43        11.46        53.83        2        593     
     7         50       -2133.84        24.03        83.24        2        833     
     7         50       -2156.46        28.18        23.80        2        361     
     5         40       -2132.58        97.81       248.11        2   2.73e+03     
     7         50       -2142.02        41.68       164.93        2   1.91e+03     
     7         50       -2189.34        28.67        87.63        2   1.07e+03     
     5         40       -2078.44        71.79       270.93        2   2.72e+03     
     8         55       -2109.50        10.12        18.62        2        203     
     5         40       -2278.86        49.13       574.68        2   5.73e+03     
     5         40       -2477.99         9.01        45.71        2        558     
     8         55       -2132.16        15.16        42.65        2        567     
     6         45       -2255.03        57.40       267.33        2   3.25e+03     
     6         45       -2374.46        27.61        61.74        2        854     
     6         45       -2172.26        31.94        93.32        2   1.18e+03     
     8         55       -2139.65         5.60        17.40        2        216     
     5         40       -2475.53        58.12       211.30        2   2.35e+03     
     8         55       -2154.19        11.20        51.86        2        548     
     8         55       -2124.53         9.89        33.13        2        359     
     8         55       -2158.61        34.99        59.36        2        748     
     8         55       -2097.46        11.67       126.90        2   1.33e+03     
     8         55       -2101.75        33.62       147.52        2   1.62e+03     
     7         50       -2158.10        36.79       105.07        2   1.28e+03     
     8         55       -2156.18        13.10        35.04        2        357     
     8         55       -2133.81        19.62        96.56        2        953     
     9         60       -2112.26        11.58        44.30        2        442     
     6         45       -2058.13        27.02       105.84        2    1.1e+03     
     6         45       -2393.43        54.72       288.74        2   3.61e+03     
     9         60       -2128.66         7.19        44.36        2        504     
     9         60       -2110.21         7.87        19.12        2        244     
     9         60       -2136.96         3.98        44.62        2        427     
     9         60       -2096.96         4.10         5.67        2       65.9     
     6         45       -2216.17        28.93        59.79        2        838     
     9         60       -2086.94        12.26       107.79        2   1.18e+03     
     6         45       -2106.98        41.00       175.50        2   1.79e+03     
     9         60       -2106.38        17.76        35.84        2        394     
     8         55       -2158.53        21.49         8.23        2        146     
     6         45       -2449.64         4.64        23.43        2        319     
     9         60       -2154.33         5.48        38.36        2        366     
     7         50       -2207.44        40.10       148.93        2   1.62e+03     
     9         60       -2170.56        12.33       121.16        2   1.16e+03     
     7         50       -2097.02        30.22        70.07        2        976     
    10         65       -2111.87         3.78         6.89        2       75.3     
     7         50       -2236.93        28.77       112.30        2   1.55e+03     
     6         45       -2311.36        30.73       176.13        2   2.21e+03     
    10         65       -2118.78         4.82        41.09        2        443     
    10         65       -2094.89         2.53         4.87        2       58.8     
    10         65       -2097.20        20.54        40.57        2        535     
    10         65       -2112.37        12.58        45.64        2        456     
    10         65       -1959.74       148.89       496.44        2   5.41e+03     
     7         50       -2196.98        26.43       104.77        2   1.09e+03     
     9         60       -2156.58         6.44        11.98        2        135     
    10         65       -2097.27         2.18         8.18        2        115     
     9         60       -2110.56        33.10        61.95        2        740     
     7         50       -2099.86        23.21       119.85        2   1.28e+03     
     8         55       -2163.25        23.07        53.21        2        698     
    10         65       -2144.36         4.23         7.30        2        112     
    10         65       -2173.60         5.89        14.00        2        154     
    11         70       -2108.06         5.10         6.27        2       85.6     
     7         50       -2366.33        27.82       111.32        2   1.17e+03     
     7         50       -2296.08         8.74        77.51        2   1.23e+03     
     8         55       -2104.45        15.25        27.99        2        325     
     8         55       -2211.08        25.89        39.65        2        526     
     7         50       -2116.36        26.00       101.69        2   1.02e+03     
     7         50       -2165.21        16.85       111.62        2   1.54e+03     
    11         70       -2089.19         2.27         9.29        2        109     
    11         70       -2104.16        13.19       241.26        2   2.67e+03     
    10         65       -2125.74        12.25        80.12        2        857     
    11         70       -2094.32         0.66         2.74        2       36.4     
    11         70       -2117.05         1.98         5.08        2       67.5     
    11         70       -2112.46         3.14         8.94        2        111     
     8         55       -2196.65         8.30        59.43        2        558     
     8         55       -2103.78        14.29        47.92        2        488     
    11         70       -2090.07        15.88        28.13        2        327     
     9         60       -2109.70        37.40        79.77        2   1.01e+03     
    10         65       -2122.80        10.30        24.53        2        294     
    11         70       -2131.90        20.30        44.32        2        601     
     8         55       -2235.68        37.84       104.35        2   1.49e+03     
    11         70       -2139.89         1.54         6.82        2       80.8     
     9         60       -2098.52         8.76        11.22        2        149     
    12         75       -2085.02         6.03        80.64        2        815     
     8         55       -2101.71        21.65        46.76        2        700     
     9         60       -2122.57        27.90        56.55        2        892     
     8         55       -2230.97         4.97        31.97        2        518     
     8         55       -2109.12        26.57        37.21        2        444     
    11         70       -2131.53         6.11         9.40        2        123     
    12         75       -2111.80         2.74         6.12        2       81.2     
    12         75       -2090.39         1.17         2.92        2       33.9     
    12         75       -2071.10        18.55        61.59        2        721     
     9         60       -2163.15        13.45        44.60        2        554     
    12         75       -2092.15         0.52         2.33        2       29.7     
     9         60       -2103.74         4.86        11.82        2        122     
    10         65       -2136.60         8.64        21.39        2        309     
    11         70       -2111.39        18.42        45.97        2        509     
    12         75       -2107.69         1.39         7.90        2       90.9     
    12         75       -2095.53         2.05        11.01        2        123     
    12         75       -2126.25        14.78        53.45        2        544     
    10         65       -2093.45         2.62         5.59        2       75.4     
    13         80       -2086.10         1.29         8.00        2       79.2     
     9         60       -2148.69        14.79        60.61        2        879     
    12         75       -2132.83         2.43         9.49        2        116     
     9         60       -2109.43         6.38        21.64        2        215     
    10         65       -2110.18        15.05        78.41        2        790     
     9         60       -2182.05         4.30        24.16        2        393     
     9         60       -2111.35         4.27        31.82        2        330     
    13         80       -2089.04         0.49         1.41        2       18.6     
    10         65       -2150.59         8.72        13.55        2        192     
    12         75       -2127.05         8.59        19.95        2        221     
    10         65       -2101.12         5.73         9.82        2        115     
    11         70       -2129.84         9.97        18.03        2        216     
    13         80       -2112.19         0.84         2.60        2       27.3     
    12         75       -2115.63        13.51        75.30        2        730     
    13         80       -2086.97         8.20        17.57        2        237     
    13         80       -2090.30         0.37         2.51        2       29.8     
    13         80       -2098.53         2.49        14.71        2        170     
    13         80       -2091.97         0.78         2.29        2       34.9     
    13         80       -2130.76         0.60         2.08        2       27.4     
    13         80       -2126.12         5.35        17.83        2        177     
    11         70       -2089.63         2.87         7.99        2       93.6     
    14         85       -2086.28         0.35         0.60        2       7.14     
    10         65       -2119.76        16.05        44.84        2        549     
    11         70       -2110.12         6.65        10.46        2        116     
    10         65       -2101.56         2.87        15.63        2        175     
    10         65       -2100.28         3.10        15.71        2        187     
    10         65       -2184.23         4.01        12.79        2        135     
    13         80       -2129.60         0.50         2.92        2       36.2     
    11         70       -2099.64         1.18         7.63        2       76.9     
    14         85       -2087.61         0.97         1.71        2       23.2     
    14         85       -2087.68         3.44         7.63        2       81.8     
    11         70       -2128.69        10.22        31.10        2        384     
    12         75       -2115.85         8.50        37.73        2        411     
    13         80       -2093.81        11.52        20.33        2        292     
    14         85       -2089.66         0.39         0.88        2       11.2     
    14         85       -2089.71         0.67         2.21        2       29.5     
    14         85       -2109.01         0.93         4.40        2       52.9     
    14         85       -2120.60         2.82         7.50        2       94.6     
    14         85       -2095.48         1.49         2.03        2       33.2     
    11         70       -2113.10         5.08         9.50        2        124     
    14         85       -2123.65         3.20        13.83        2        158     
    11         70       -2097.04         1.73         5.38        2       68.7     
    12         75       -2091.28         0.62         1.01        2       16.5     
    15         90       -2086.39         0.25         0.15        2       2.57     
    11         70       -2083.03         9.71        70.51        2        718     
    12         75       -2106.52         4.19        10.82        2        122     
    11         70       -2158.33         8.68        48.54        2        548     
    12         75       -2127.51         2.75         7.41        2       79.1     
    14         85       -2127.71         0.36         1.88        2       24.2     
    12         75       -2096.20         3.69        14.54        2        153     
    13         80       -2112.54        12.49        22.80        2        256     
    14         85       -2095.39         6.82        43.16        2        413     
    15         90       -2087.09         0.73         2.83        2       29.4     
    15         90       -2086.80         2.05         2.77        2       34.4     
    15         90       -2089.95         0.37         0.60        2        7.4     
    15         90       -2109.16         0.39         1.25        2         13     
    13         80       -2091.11         0.35         0.68        2        7.8     
    12         75       -2114.66         1.27         6.01        2       62.9     
    15         90       -2089.36         0.27         0.55        2       6.82     
    12         75       -2093.20         1.14         3.53        2         48     
    15         90       -2108.26         1.99        10.90        2        145     
    15         90       -2094.56         1.20         1.79        2         23     
    16         95       -2085.92         0.21         0.39        2       5.68     
    13         80       -2094.62         3.78        11.74        2        157     
    12         75       -2167.53         1.96        11.12        2        136     
    15         90       -2117.42         1.93         9.64        2        113     
    13         80       -2089.91         2.29         5.81        2       80.4     
    13         80       -2125.65         1.16         2.73        2       34.4     
    15         90       -2124.42         1.19         5.27        2       61.9     
    12         75       -2090.97         3.62        86.66        2        811     
    14         85       -2113.04         7.21        24.90        2        248     
    15         90       -2091.73         1.99         2.42        2       40.4     
    16         95       -2087.22         0.38         1.58        2       15.8     
    16         95       -2086.32         0.94         1.45        2       17.7     
    16         95       -2087.64         0.41         3.03        2       36.1     
    13         80       -2090.28         2.38         2.64        2       41.1     
    14         85       -2089.59         1.28         2.45        2       31.1     
    13         80       -2106.58         3.41         9.44        2        122     
    16         95       -2089.05         0.17         0.28        2       4.04     
    16         95       -2108.35         0.37         1.04        2       13.2     
    14         85       -2093.89         1.89        10.54        2        103     
    16         95       -2100.80         1.36         8.25        2        103     
    13         80       -2150.71         8.89        30.02        2        353     
    16         95       -2091.45         0.73         2.81        2       37.9     
    17        100       -2085.91         0.13         0.19        2       2.19     
    14         85       -2087.08         0.80         1.91        2       29.2     
    16         95       -2113.58         1.51         6.48        2       75.6     
    14         85       -2124.08         0.55         1.34        2         19     
    13         80       -2087.97         3.13         5.14        2       66.2     
    15         90       -2110.63         1.52         2.58        2       36.1     
    16         95       -2123.59         0.55         1.18        2       15.2     
    16         95       -2087.62         1.45         5.02        2       63.2     
    14         85       -2090.21         1.04         3.38        2       33.9     
    17        100       -2086.26         0.48         1.25        2       15.9     
    17        100       -2086.30         0.36         1.67        2       16.1     
    15         90       -2087.41         1.95         5.04        2       58.7     
    14         85       -2103.84         2.19         4.08        2       52.8     
    15         90       -2094.21         0.53         3.47        2       33.7     
    14         85       -2121.00        15.67        61.45        2        699     
    17        100       -2088.78         0.19         0.43        2       5.34     
    17        100       -2086.69         0.40         1.50        2       17.8     
    17        100       -2108.13         0.37         1.31        2       13.6     
    15         90       -2086.19         0.49         0.60        2       9.93     
    17        100       -2094.26         2.25         8.90        2        109     
    17        100       -2088.18         0.42         2.32        2         33     
    15         90       -2119.12         1.66         8.48        2       97.6     
    14         85       -2086.88         1.26         2.19        2       27.3     
    16         95       -2099.25        12.88        39.75        2        435     
    17        100       -2110.14         1.40         4.63        2       57.4     
    18        105       -2085.82         0.16         0.13        2       1.96     end warm-up
    17        100       -2120.37         1.06         5.21        2       60.7     
    15         90       -2090.39         0.37         0.76        2       8.62     
    17        100       -2087.60         0.58         1.76        2       17.7     
    15         90       -2099.67         1.34         4.75        2       60.7     
    16         95       -2089.11         0.53         4.69        2       49.2     
    16         95       -2093.36         0.76         0.89        2       13.3     
    15         90       -2096.45         5.08        13.71        2        221     
    18        105       -2086.87         0.33         0.71        2       9.41     
    18        105       -2085.54         0.34         1.16        2       13.9     
    16         95       -2085.89         0.40         0.42        2       6.08     
    18        105       -2086.98         0.20         0.28        2       4.09     
    16         95       -2115.14         2.58         8.25        2       95.4     
    18        105       -2087.75         0.31         1.41        2       17.1     
    19        110       -2085.60         0.20         0.16        2       2.81     
    15         90       -2087.24         0.30         0.78        2       9.15     
    17        100       -2092.99         1.63         5.78        2       77.8     
    18        105       -2106.42         1.01         3.08        2       36.6     
    18        105       -2093.26         0.71         3.66        2       38.3     
    18        105       -2086.87         0.61         1.49        2       19.6     
    18        105       -2107.24         0.90         2.89        2       38.4     
    16         95       -2089.50         0.37         1.10        2         14     
    18        105       -2110.30         2.06        12.03        2        148     
    16         95       -2089.89         1.81        12.66        2        151     
    16         95       -2092.61         1.97         5.72        2       70.3     
    18        105       -2087.26         0.32         0.76        2       8.98     
    17        100       -2092.46         0.81         2.25        2       25.7     
    17        100       -2088.45         0.58         0.89        2         12     
    20        115       -2085.43         0.26         0.14        2       2.72     
    17        100       -2085.86         0.28         0.22        2       2.99     
    19        110       -2085.98         0.42         1.31        2         16     
    17        100       -2113.21         0.81         3.71        2       42.2     
    16         95       -2087.01         0.24         0.25        2       3.85     
    19        110       -2085.94         0.27         1.17        2       14.8     
    19        110       -2085.37         0.25         0.83        2       8.85     
    19        110       -2087.07         0.20         0.78        2       9.91     
    18        105       -2089.07         0.76         2.24        2       35.5     
    19        110       -2087.16         6.06        82.80        2        822     
    17        100       -2087.39         0.53         3.87        2       43.2     
    19        110       -2091.13         0.61         2.53        2       31.7     
    19        110       -2086.64         0.25         0.83        2          9     
    19        110       -2104.12         0.85         5.07        2       58.4     
    21        120       -2085.60         0.18         0.19        3       2.89     
    17        100       -2087.93         0.67         2.53        2       31.3     
    19        110       -2094.57         9.81        40.85        2        449     
    17        100       -2090.37         1.77         6.88        2       74.6     
    19        110       -2085.45         0.34         3.24        2         36     
    18        105       -2092.34         0.26         1.87        2       17.9     
    18        105       -2087.09         0.72         3.51        2       38.2     
    18        105       -2085.81         0.15         0.38        2        4.1     
    20        115       -2085.84         0.24         0.28        2       3.73     
    17        100       -2086.88         0.21         0.21        2       2.98     
    20        115       -2085.85         0.14         0.35        2       3.87     
    20        115       -2085.54         0.21         0.30        2       3.96     
    18        105       -2109.76         1.34         5.54        2       65.3     
    22        125       -2085.35         0.11         0.14        4       2.48     
    20        115       -2086.61         0.28         1.38        2       14.8     
    19        110       -2086.91         0.66         2.17        2       28.7     
    20        115       -2086.90         0.94         1.83        2       20.3     
    18        105       -2087.25         0.26         0.32        2       4.18     
    20        115       -2088.88         0.61         3.48        2       40.5     
    20        115       -2086.38         0.24         0.56        2       6.72     
    18        105       -2087.11         0.47         0.60        2       9.71     
    20        115       -2101.05         0.87         5.38        2       61.1     
    20        115       -2085.66         0.30         0.23        2       3.77     
    18        105       -2090.23         0.57         1.42        2         15     
    20        115       -2089.51         2.14         4.96        2       68.2     
    19        110       -2089.60         0.77         5.06        2       56.8     
    23        130       -2085.22         0.09         0.04        5       1.11     
    19        110       -2085.61         0.18         0.44        2       5.22     end warm-up
    21        120       -2085.53         0.19         0.32        2       4.55     
    19        110       -2087.05         0.41         0.73        2       8.07     
    18        105       -2086.74         0.17         0.12        2       2.15     end warm-up
    21        120       -2085.54         0.11         0.29        2       4.03     
    21        120       -2085.46         0.19         0.19        2       2.55     end warm-up
    19        110       -2102.82         1.18         8.93        2        107     
    21        120       -2085.77         0.17         0.73        2       9.87     
    20        115       -2086.43         0.33         0.58        2       7.85     
    21        120       -2086.39         0.21         0.68        2       8.45     
    19        110       -2086.30         0.25         2.13        2         23     
    21        120       -2088.74         0.33         0.52        2       6.19     
    21        120       -2086.08         0.18         0.26        2       3.91     
    21        120       -2095.25         1.02         8.91        2        102     
    21        120       -2084.97         0.44         1.73        2       19.2     
    19        110       -2086.75         0.27         0.18        2       3.72     
    20        115       -2085.41         0.22         0.19        2       3.07     
    19        110       -2089.84         0.41         0.61        2       8.08     
    22        125       -2084.43         0.76         0.77        2       12.8     
    21        120       -2088.40         0.53         1.29        2       16.9     
    19        110       -2086.17         0.40         0.37        2       6.54     
    20        115       -2087.80         1.39         4.61        2       51.7     
    22        125       -2085.54         0.17         0.46        2       4.68     
    22        125       -2085.53         0.09         0.14        2       1.59     end warm-up
    20        115       -2086.71         0.30         1.03        2       11.4     
    21        120       -2086.09         0.33         0.89        2       10.1     
    20        115       -2092.99         4.96        17.20        2        203     
    21        120       -2085.72         0.18         0.06        2       2.19     
    22        125       -2086.09         0.15         0.57        2       6.58     
    22        125       -2085.78         0.17         0.76        2       8.27     
    22        125       -2086.00         0.16         0.17        2       2.83     
    22        125       -2088.26         0.41         0.88        2       10.8     
    20        115       -2085.82         0.41         0.58        2       7.73     
    20        115       -2085.56         0.16         0.74        2        9.6     
    22        125       -2085.16         0.25         0.41        2       5.13     end warm-up
    23        130       -2082.81         0.73         1.93        2         25     
    21        120       -2088.05         0.44         1.56        2       16.2     
    22        125       -2094.11         0.52         2.85        2       30.9     
    24        130       -2084.94         0.08         0.17        6       2.71     rotoscale
    20        115       -2086.77         0.26         0.26        2       3.24     
    23        130       -2084.94         0.26         0.22        2       4.81     
    20        115       -2088.70         0.29         0.90        2       12.8     
    22        125       -2086.56         0.63         2.11        2         27     
    22        125       -2085.38         0.16         0.39        3       5.21     
    23        130       -2085.27         0.17         0.22        2       3.48     end warm-up
    21        120       -2089.34         0.55         1.87        2       30.7     
    21        120       -2085.22         0.61         1.64        3       18.6     
    22        125       -2085.84         0.23         0.48        2       5.84     
    23        130       -2085.93         0.16         0.20        2       2.91     
    23        130       -2083.64         0.46         0.84        2         14     
    24        135       -2085.24         0.16         2.55        3       31.3     
    21        120       -2086.71         0.31         0.25        2       3.29     
    24        135       -2084.97         0.32         0.07        2       1.84     
    23        130       -2085.53         0.15         0.15        2       2.72     
    23        130       -2085.73         0.15         0.21        2       3.24     
    21        120       -2085.34         0.17         0.17        2        2.8     
    23        130       -2087.14         0.28         1.21        2       15.4     
    25        135       -2084.59         0.09         0.06        7       2.03     
    23        130       -2085.40         0.21         0.09        4       1.56     
    22        125       -2086.73         0.21         1.37        2       17.3     
    21        120       -2087.44         0.40         2.63        2         29     
    23        130       -2090.07         1.08         4.54        2       57.5     
    24        135       -2085.08         0.26         0.13        2       2.61     
    24        135       -2084.38         0.24         0.31        2       6.02     
    25        140       -2085.04         0.16         0.04        3       1.54     
    21        120       -2086.12         0.18         0.80        2       9.89     
    25        140       -2085.35         0.17         0.12        3       2.89     
    23        130       -2086.04         0.34         0.56        2       7.84     
    22        125       -2085.01         0.90         3.19        3       32.1     
    23        130       -2085.69         0.18         0.15        2       2.48     
    24        135       -2085.86         0.13         0.17        2       2.17     end warm-up
    22        125       -2086.73         0.54         2.45        2       32.3     
    22        125       -2086.24         0.14         0.15        2       3.36     
    25        140       -2084.05         0.58         0.30        3       5.78     
    24        135       -2085.39         0.13         0.27        2       3.33     end warm-up
    24        135       -2085.54         0.22         0.22        2       3.34     end warm-up
    24        135       -2085.33         0.10         0.03        4      0.804     
    22        125       -2085.29         0.10         0.20        2       2.26     
    24        135       -2087.05         0.26         0.41        2       4.78     
    25        140       -2085.13         0.16         0.05        2       1.12     
    26        145       -2085.05         0.09         0.08        3       1.05     
    26        140       -2084.57         0.09         0.02        8      0.557     
    26        145       -2085.27         0.13         0.03        4          1     
    23        130       -2086.15         0.17         0.51        2       7.02     
    22        125       -2086.65         0.52         1.74        2       19.8     
    24        135       -2089.15         0.44         2.55        2       27.3     
    23        130       -2085.90         0.14         2.16        3       22.7     
    22        125       -2086.13         0.15         0.26        2       2.82     end warm-up
    24        135       -2086.06         0.25         0.38        2       4.29     
    24        135       -2085.75         0.16         0.13        2       1.93     end warm-up
    25        140       -2085.54         0.23         0.09        2        2.6     
    26        145       -2084.73         0.20         0.31        3       5.69     
    25        140       -2084.63         0.31         0.24        2       5.66     
    25        140       -2085.25         0.29         0.08        2       2.64     
    25        140       -2085.48         0.08         0.13        7       1.96     
    26        145       -2085.03         0.14         0.06        3       1.36     
    27        150       -2085.11         0.07         0.02        3      0.662     
    23        130       -2086.43         0.26         0.73        2       8.42     
    23        130       -2085.86         0.17         0.31        2       4.58     
    27        150       -2085.08         0.31         0.04        7       1.99     
    23        130       -2085.25         0.09         0.15        2       1.78     end warm-up
    24        135       -2085.79         0.18         0.10        4       1.89     
    25        140       -2086.42         0.30         0.94        2       11.5     
    27        145       -2084.56         0.06         0.02       11      0.415     
    23        130       -2084.07         0.66         1.02        2       18.2     
    25        140       -2085.03         0.31         0.21        2       5.29     
    26        145       -2085.48         0.21         0.04        2       1.23     
    24        135       -2085.75         0.15         0.40        2       5.38     
    23        130       -2086.35         0.38         0.58        2       7.41     
    26        145       -2084.81         0.17         0.06        2       1.68     
    25        140       -2088.17         0.34         1.32        2       16.2     
    27        150       -2084.96         0.18         0.26        3       3.71     
    28        155       -2084.99         0.12         0.14        3       2.07     
    26        145       -2085.46         0.14         0.03        2       1.38     
    24        135       -2084.39         0.27         0.24        2       5.93     
    27        150       -2085.06         0.10         0.03        4      0.717     
    25        140       -2085.66         0.28         0.41        2       5.94     
    25        140       -2085.48         0.17         0.33        5       4.51     
    24        135       -2083.05         0.37         0.72        2         11     
    26        145       -2084.89         0.23         0.30        2       3.87     
    27        150       -2084.72         0.27         0.04        3       1.58     
    24        135       -2086.02         0.22         0.27        2       4.49     
    24        135       -2085.36         0.20         0.24        2       4.48     
    28        155       -2084.81         0.15         0.09        3       1.78     
    26        145       -2086.35         0.25         0.34        2       4.04     end warm-up
    29        160       -2084.94         0.08         0.01        3      0.555     
    27        150       -2085.49         0.15         0.10        3       1.44     
    28        150       -2084.51         0.04         0.01       14      0.436     
    25        140       -2085.17         0.17         0.23        2       5.22     
    28        155       -2084.98         0.09         0.03        7       0.85     
    27        150       -2085.41         0.13         0.05        3       1.07     
    25        140       -2085.70         0.20         0.27        2       3.19     
    24        135       -2086.32         0.23         0.54        2       5.65     
    25        140       -2084.51         0.48         0.76        3       13.2     
    26        145       -2085.22         0.16         0.12        6       2.44     
    26        145       -2087.43         0.31         0.52        2       8.18     
    27        150       -2085.06         0.15         0.17        3       2.58     
    26        145       -2085.58         0.19         0.15        2       2.26     end warm-up
    27        150       -2085.66         0.27         0.52        2       7.89     
    28        155       -2084.92         0.13         0.03        3       1.37     
    30        165       -2084.90         0.10         0.06        6       1.04     
    29        160       -2084.79         0.12         0.12        4       1.56     
    28        155       -2085.25         0.13         0.09        4          2     
    26        145       -2085.13         0.13         0.10        3       1.46     
    25        140       -2085.94         0.20         0.12        2       2.02     
    25        140       -2085.38         0.09         0.07        2       1.01     
    28        155       -2085.31         0.11         0.03        4      0.957     
    26        140       -2084.76         0.05         0.32        7       5.47     rotoscale
    26        145       -2084.69         0.33         0.15        3       3.07     
    28        150       -2084.79         0.12         0.31        7       4.18     rotoscale
    28        155       -2085.12         0.16         0.05        4       1.21     
    29        160       -2084.87         0.10         0.04        4      0.869     
    26        145       -2085.62         0.13         0.21        2       2.61     end warm-up
    25        140       -2085.88         0.18         0.20        2       3.83     
    27        150       -2086.69         0.19         0.90        2       11.1     
    28        155       -2085.55         0.20         0.11        2          2     
    27        150       -2085.01         0.23         0.28        2       5.19     
    29        155       -2084.57         0.04         0.01       17      0.459     
    30        165       -2084.84         0.09         0.03        5      0.751     
    29        160       -2085.20         0.07         0.02        5      0.643     
    27        150       -2085.03         0.10         0.04        4       1.01     
    29        160       -2085.21         0.09         0.05        7        1.1     
    27        150       -2084.67         0.31         0.18        3       2.74     
    29        160       -2085.09         0.11         0.03        4      0.717     
    30        165       -2084.85         0.10         0.03        7      0.706     
    26        145       -2085.49         0.10         0.08        2       1.38     end warm-up
    29        155       -2084.72         0.11         0.03        8      0.833     
    29        160       -2085.48         0.12         0.07        3        1.3     
    26        145       -2085.89         0.19         0.20        2        2.6     end warm-up
    28        155       -2084.76         0.27         0.05        2       2.16     
    27        145       -2084.60         0.06         0.03        8       1.05     
    27        150       -2084.79         0.52         0.26        2       6.87     
    27        145       -2085.00         0.14         0.17        7       2.66     rotoscale
    29        155       -2084.62         0.07         0.17        8       2.96     rotoscale
    30        165       -2084.99         0.11         0.05        7       1.18     
    28        155       -2086.15         0.28         0.52        2       7.35     
    28        155       -2085.05         0.09         0.05        5      0.802     
    26        145       -2085.78         0.19         0.26        2       3.31     
    31        165       -2084.42         0.10         0.32        6       4.76     rotoscale
    28        155       -2084.78         0.21         0.17        3       2.54     
    28        155       -2084.98         0.33         0.12        2       2.78     
    30        165       -2085.43         0.17         0.05        4       1.19     
    29        160       -2085.10         0.22         0.08        3       2.54     
    27        150       -2085.16         0.16         0.08        2       2.32     
    27        150       -2085.43         0.27         0.20        2       4.21     
    28        150       -2084.84         0.10         0.10        8       1.78     
    30        160       -2084.67         0.05         0.02       11      0.517     
    30        160       -2084.61         0.06         0.02        9      0.394     
    31        165       -2084.49         0.06         0.21        6       3.27     rotoscale
    28        150       -2084.57         0.08         0.03        9      0.597     
    29        160       -2086.10         0.17         0.19        2       2.46     
    31        170       -2085.26         0.15         0.03        4       1.35     
    30        165       -2085.06         0.12         0.06        3       1.08     
    30        160       -2084.78         0.09         0.18        6       3.28     rotoscale
    29        160       -2085.04         0.17         0.08        3       1.48     
    28        155       -2085.29         0.18         0.05        2       1.51     
    29        160       -2085.15         0.11         0.21        4       3.46     
    27        150       -2085.91         0.15         0.10        2       1.81     end warm-up
    32        170       -2084.37         0.11         0.08        7       1.26     
    28        155       -2085.33         0.22         0.07        2       1.67     
    30        160       -2085.60         0.09         0.65        8       7.35     rotoscale
    29        155       -2084.73         0.10         0.10        9       1.61     
    31        165       -2085.51         0.12         0.74        8       9.18     rotoscale
    31        165       -2084.75         0.08         0.04       14      0.909     
    30        165       -2084.98         0.15         0.02        4      0.898     
    29        155       -2084.69         0.07         0.16        6       2.89     rotoscale
    31        165       -2084.59         0.05         0.03       12       0.49     
    31        170       -2085.14         0.12         0.06        4       1.19     
    30        165       -2085.19         0.12         0.03        4       0.76     
    28        155       -2084.87         0.25         0.31        2       7.06     
    32        175       -2085.05         0.13         0.08        5       1.84     
    29        160       -2085.12         0.11         0.08        3       1.66     
    29        155       -2084.59         0.04         0.01        9      0.275     
    31        165       -2084.62         0.08         0.06        7       1.34     
    32        170       -2084.52         0.06         0.01        7      0.417     
    29        160       -2085.47         0.27         0.07        3       1.97     
    31        165       -2084.83         0.08         0.15        8       2.13     rotoscale
    30        165       -2085.84         0.17         0.26        2       3.77     end warm-up
    33        175       -2084.47         0.06         0.04        8      0.891     
    31        165       -2085.05         0.04         0.24        8       4.15     
    31        170       -2084.91         0.14         0.03        7       1.01     
    32        175       -2085.13         0.14         0.02        4      0.675     
    31        170       -2085.23         0.13         0.02        4      0.776     
    30        160       -2084.62         0.10         0.12       10       1.75     
    29        160       -2085.18         0.26         0.06        2       2.45     
    30        165       -2085.35         0.17         0.04        3       1.35     
    30        165       -2085.02         0.08         0.03        4      0.901     
    30        160       -2084.64         0.06         0.04        7      0.753     
    32        170       -2084.56         0.08         0.21        8       5.26     
    30        160       -2084.57         0.04         0.01       17      0.247     rotoscale, undo
    31        170       -2084.78         0.36         0.36        2       7.93     
    30        160       -2084.63         0.03         0.01       12      0.329     
    33        175       -2084.45         0.07         0.04        7      0.846     
    32        170       -2084.66         0.07         0.04       14      0.951     
    32        170       -2084.73         0.06         0.02        8      0.791     
    32        175       -2085.26         0.09         0.02        4      0.555     
    32        170       -2084.73         0.06         0.05        9      0.948     
    34        180       -2084.40         0.07         0.03       11      0.712     
    33        180       -2085.13         0.12         0.01        4      0.526     
    30        165       -2084.93         0.24         0.05        3       2.08     
    32        170       -2084.56         0.04         0.01       15       0.36     
    31        170       -2085.00         0.10         0.04        7      0.713     
    31        165       -2084.64         0.10         0.03       11      0.628     
    31        170       -2085.35         0.14         0.06        4       1.01     
    32        170       -2084.84         0.06         0.09        9       1.72     
    32        175       -2085.30         0.20         0.12        2       3.42     
    33        175       -2084.68         0.09         0.22        6       3.55     rotoscale
    33        175       -2084.50         0.06         0.07        9       1.01     
    33        180       -2085.20         0.11         0.02        4      0.773     
    31        165       -2084.60         0.05         0.04       10      0.638     
    31        165       -2084.59         0.03         0.01       17      0.215     
    34        180       -2084.50         0.05         0.02       10      0.505     
    34        185       -2085.13         0.09         0.02        4      0.444     
    33        175       -2084.61         0.07         0.02        8      0.777     
    31        165       -2084.64         0.05         0.01       15      0.306     
    33        175       -2084.66         0.06         0.02       14      0.366     
    31        170       -2084.79         0.20         0.03        4       1.37     
    33        175       -2084.67         0.09         0.04       12      0.828     
    35        185       -2084.51         0.05         0.07       14       1.14     
    32        175       -2085.23         0.08         0.03        5      0.965     
    32        170       -2084.62         0.09         0.02       11      0.605     
    33        180       -2085.15         0.28         0.07        3       2.06     
    34        185       -2085.00         0.07         0.04        7       1.19     
    32        170       -2084.51         0.16         0.25        8       4.08     rotoscale
    34        180       -2084.60         0.11         0.04        7      0.949     
    35        190       -2085.02         0.14         0.04        7       1.17     
    33        175       -2084.74         0.08         0.03       10      0.847     
    34        180       -2084.50         0.05         0.03       10      0.394     
    33        175       -2084.60         0.04         0.01       18      0.327     
    32        175       -2084.97         0.11         0.06        5       1.48     
    35        185       -2084.42         0.10         0.02       13      0.809     
    32        170       -2084.57         0.03         0.01       17      0.203     
    34        180       -2084.69         0.06         0.02       11      0.617     
    32        170       -2084.62         0.05         0.02       12       0.38     
    34        180       -2084.58         0.07         0.03       12      0.826     
    34        185       -2085.43         0.13         0.06        3        1.9     
    32        170       -2084.47         0.08         0.20        7       3.83     rotoscale
    33        175       -2084.57         0.14         0.03        9      0.924     
    35        185       -2084.51         0.09         0.04       10      0.939     
    36        190       -2084.42         0.08         0.06       14       1.09     
    34        180       -2084.74         0.05         0.02       13      0.344     
    35        185       -2084.43         0.07         0.01       13        0.6     
    36        190       -2084.25         0.09         0.03       13       1.09     
    33        180       -2085.11         0.08         0.04        8      0.988     rotoscale, undo
    35        185       -2084.71         0.07         0.02       11      0.483     
    35        190       -2085.39         0.20         0.03        4       1.12     
    33        175       -2084.59         0.04         0.01       12      0.341     
    35        185       -2084.51         0.10         0.02       15      0.785     
    34        180       -2084.54         0.03         0.01       18      0.372     
    33        175       -2084.54         0.07         0.02        8      0.602     
    34        180       -2084.49         0.10         0.04       12      0.928     
    33        175       -2084.60         0.06         0.21        6       3.28     rotoscale
    34        185       -2085.11         0.13         0.04       11       0.83     
    35        190       -2084.89         0.09         0.02        8       0.85     rotoscale, undo
    36        195       -2085.28         0.11         0.03        4       1.03     
    36        190       -2084.42         0.05         0.01       16      0.264     
    35        185       -2084.68         0.04         0.01       16      0.426     
    34        180       -2084.60         0.05         0.01       12      0.325     
    33        175       -2084.69         0.06         0.02       14      0.554     rotoscale, undo
    36        190       -2084.36         0.06         0.04       15       1.06     
    36        190       -2084.71         0.07         0.16        7       2.66     rotoscale
    34        180       -2084.70         0.05         0.01       14      0.424     rotoscale, undo
    35        190       -2085.16         0.07         0.01       11      0.517     
    36        195       -2084.94         0.06         0.03       11      0.639     
    32        170       -2084.61         0.02         0.01       15      0.245     rotoscale, undo
    34        180       -2084.42         0.07         0.01        8      0.676     
    35        185       -2084.59         0.09         0.03       15      0.898     
    34        180       -2084.47         0.08         0.06        7        1.2     
    37        200       -2085.13         0.11         0.05        5       1.32     
    36        190       -2084.81         0.09         0.14       13       2.55     
    36        195       -2085.17         0.14         0.02       11      0.677     
    34        180       -2084.66         0.06         0.02       17      0.411     
    37        195       -2084.67         0.11         0.04        8      0.849     
    35        185       -2084.69         0.05         0.01       14      0.257     
    37        200       -2084.78         0.08         0.02       14      0.968     
    33        175       -2084.59         0.03         0.01       18      0.237     
    35        185       -2084.53         0.06         0.02        8      0.559     
    35        185       -2084.46         0.08         0.02       11      0.531     
    37        195       -2084.37         0.08         0.03       14      0.903     rotoscale, undo
    37        195       -2084.41         0.06         0.04       14      0.571     rotoscale, undo
    36        190       -2084.66         0.05         0.02       15      0.508     
    37        200       -2085.07         0.07         0.01       11      0.649     
    37        195       -2084.58         0.04         0.12       13       1.97     
    36        185       -2084.38         0.09         0.08       11       2.13     rotoscale
    38        205       -2084.81         0.06         0.01       17      0.421     
    33        175       -2084.56         0.03         0.01       20      0.177     
    38        200       -2084.54         0.06         0.05        8       1.06     
    38        205       -2085.06         0.09         0.01       14      0.483     
    36        190       -2084.56         0.05         0.02       11      0.459     
    38        200       -2084.54         0.12         0.23        6       4.37     rotoscale
    36        190       -2084.46         0.05         0.01       11      0.227     
    36        190       -2084.70         0.04         0.01       16      0.274     
    35        185       -2084.62         0.04         0.00       12      0.212     rotoscale, undo
    38        200       -2084.45         0.04         0.02       14      0.624     
    35        185       -2084.65         0.05         0.02       19      0.346     
    34        180       -2084.60         0.03         0.01       21      0.195     
    37        195       -2084.63         0.08         0.02       15      0.562     
    38        200       -2084.44         0.04         0.02       16      0.425     
    38        200       -2084.53         0.04         0.01       13      0.409     
    39        210       -2084.79         0.05         0.01       20      0.329     
    37        190       -2084.50         0.05         0.04       12      0.964     
    39        210       -2085.09         0.10         0.01       13      0.494     
    34        180       -2084.60         0.03         0.01       20      0.275     
    37        195       -2084.45         0.06         0.02       15      0.632     rotoscale, undo
    37        195       -2084.48         0.05         0.01       11      0.563     
    39        205       -2084.48         0.14         0.06        7       1.22     
    36        190       -2084.59         0.04         0.01       12      0.343     
    39        205       -2084.51         0.05         0.00       14      0.408     
    39        205       -2084.49         0.06         0.02        9      0.518     
    37        195       -2084.60         0.05         0.01       16      0.555     stable
    36        190       -2084.57         0.04         0.01       19      0.498     
    39        205       -2084.43         0.06         0.02       16       0.37     
    40        215       -2085.05         0.06         0.01       13      0.394     
    38        195       -2084.58         0.07         0.02       12      0.628     
    40        215       -2084.80         0.09         0.01       23      0.379     stable
    35        185       -2084.58         0.02         0.01       24      0.203     
    38        200       -2084.37         0.05         0.01       15      0.531     
    37        195       -2084.49         0.04         0.01       13      0.305     
    35        185       -2084.59         0.03         0.01       20      0.174     stable
    40        210       -2084.45         0.06         0.02       14      0.568     
    38        200       -2084.53         0.04         0.01       14      0.409     
    37        195       -2084.55         0.04         0.00       12      0.309     
    40        210       -2084.60         0.11         0.06        8       1.34     
    37        195       -2084.60         0.05         0.01       20      0.357     
    40        210       -2084.42         0.04         0.01       16      0.299     
    40        210       -2084.49         0.06         0.02       12      0.375     
    37        195       -2084.45         0.06         0.01       18      0.384     rotoscale, undo
    41        220       -2085.10         0.06         0.02       14      0.541     stable
    39        200       -2084.61         0.05         0.01       12      0.391     
    36        190       -2084.64         0.06         0.01       18      0.397     rotoscale, undo
    35        185       -2084.74         0.04         0.10       21       1.68     rotoscale, undo
    39        205       -2084.48         0.05         0.02       16      0.647     
    41        215       -2084.40         0.06         0.01       14      0.445     stable
    38        200       -2084.61         0.05         0.03       15      0.487     rotoscale, undo
    41        215       -2084.46         0.05         0.01       17      0.436     
   Inf        215       -2084.74         0.09         0.01       50      0.379     finalize

Inference terminated: variational solution stable for OPTIONS.TolStableCount fcn evaluations.
Estimated ELBO: -2084.739 +/- 0.091.

    41        215       -2084.54         0.12         0.02        8      0.757     
    38        200       -2084.58         0.04         0.01       20      0.244     
    38        200       -2085.59         0.06         0.51       14       8.22     
    39        205       -2084.63         0.08         0.04       13      0.903     rotoscale, undo
    38        200       -2084.52         0.05         0.01       18      0.425     
    41        215       -2084.56         0.05         0.02       15      0.617     
    40        205       -2084.61         0.03         0.00       12      0.117     
    40        210       -2084.48         0.03         0.01       16      0.175     
    37        195       -2084.65         0.04         0.01       16      0.244     
    42        220       -2084.47         0.05         0.01       17      0.266     
    36        190       -2084.57         0.02         0.01       27      0.131     
    42        220       -2084.69         0.07         0.02       11      0.972     
    39        205       -2084.63         0.04         0.01       20      0.335     
    39        205       -2084.55         0.07         0.01       18      0.555     
    40        210       -2084.63         0.06         0.01       13      0.285     
    39        205       -2084.47         0.05         0.01       17      0.375     
    36        190       -2084.57         0.03         0.07       21       1.23     
    41        215       -2084.49         0.05         0.01       16      0.244     
    41        210       -2084.60         0.03         0.01       12       0.24     
    39        205       -2084.84         0.04         0.28       14       5.14     
   Inf        195       -2084.63         0.05         0.01       50      0.555     finalize

Inference terminated: variational solution stable for OPTIONS.TolStableCount fcn evaluations.
Estimated ELBO: -2084.631 +/- 0.046.

    39        205       -2084.50         0.04         0.01       13      0.301     rotoscale, undo
    43        225       -2084.40         0.05         0.02       17      0.575     
   Inf        220       -2085.04         0.06         0.01       50      0.541     finalize

Inference terminated: variational solution stable for OPTIONS.TolStableCount fcn evaluations.
Estimated ELBO: -2085.037 +/- 0.062.

    38        200       -2084.49         0.04         0.01       13      0.249     rotoscale, undo
    38        200       -2084.64         0.05         0.01       15      0.252     
    40        210       -2084.63         0.04         0.01       20      0.202     stable
    43        225       -2084.74         0.06         0.01       11      0.503     
    41        215       -2084.61         0.05         0.01       13      0.335     
    42        220       -2084.52         0.06         0.01       16      0.362     stable
    42        215       -2084.60         0.04         0.01       12      0.252     stable
    40        210       -2084.48         0.04         0.01       15      0.253     
    40        210       -2084.51         0.03         0.01       13      0.229     
    40        210       -2084.67         0.02         0.05       14       1.05     
    39        205       -2084.50         0.06         0.02       13      0.334     
    42        220       -2084.62         0.07         0.01       13       0.33     
    39        205       -2084.61         0.03         0.01       15      0.283     
    37        195       -2084.59         0.02         0.00       29      0.178     stable
    40        210       -2084.57         0.06         0.01       20      0.366     
   Inf        215       -2084.37         0.07         0.02       50      0.445     finalize

Inference terminated: variational solution stable for OPTIONS.TolStableCount fcn evaluations.
Estimated ELBO: -2084.372 +/- 0.065.

    37        195       -2084.60         0.03         0.02       20       0.33     
    41        215       -2084.52         0.03         0.01       15      0.286     
    41        215       -2084.51         0.06         0.00       13      0.254     
    42        220       -2084.56         0.05         0.01       15       0.23     rotoscale, undo
    44        230       -2084.94         0.06         0.18       20       3.61     
    40        210       -2084.51         0.04         0.01       13      0.264     stable
    41        215       -2084.59         0.04         0.01       14      0.505     
    43        225       -2084.60         0.04         0.01       13      0.261     
    40        210       -2084.63         0.03         0.01       16      0.239     
    42        220       -2084.52         0.04         0.01       16      0.194     
    41        215       -2084.56         0.05         0.01       20      0.294     stable
    42        220       -2084.52         0.03         0.01       13      0.187     
    43        225       -2084.53         0.05         0.01       15      0.349     
    42        220       -2084.61         0.02         0.01       16      0.211     
    38        200       -2084.55         0.03         0.01       20      0.353     
    41        215       -2084.60         0.03         0.01       16      0.249     
   Inf        185       -2084.57         0.03         0.00       50      0.174     finalize

Inference terminated: variational solution stable for OPTIONS.TolStableCount fcn evaluations.
Estimated ELBO: -2084.572 +/- 0.028.

    43        225       -2084.51         0.04         0.01       16       0.25     stable
    44        225       -2084.65         0.05         0.03       11      0.788     rotoscale
    44        230       -2084.60         0.03         0.01       16      0.188     
   Inf        215       -2084.61         0.04         0.01       50      0.252     finalize

Inference terminated: variational solution stable for OPTIONS.TolStableCount fcn evaluations.
Estimated ELBO: -2084.606 +/- 0.044.

    43        225       -2084.49         0.03         0.00       16      0.246     
    45        235       -2084.56         0.03         0.13       20       2.51     
    43        225       -2084.62         0.03         0.01       16      0.213     
    44        230       -2084.63         0.04         0.01       15      0.498     
   Inf        195       -2084.59         0.02         0.00       50      0.178     finalize

Inference terminated: variational solution stable for OPTIONS.TolStableCount fcn evaluations.
Estimated ELBO: -2084.590 +/- 0.023.

    45        230       -2084.64         0.05         0.02       14      0.352     
    39        205       -2084.58         0.03         0.01       21        0.3     
    44        230       -2084.62         0.03         0.01       16      0.166     
    44        230       -2084.52         0.03         0.01       19      0.307     stable
    45        235       -2084.60         0.03         0.01       15      0.286     
   Inf        210       -2085.04         0.04         0.12       50      0.202     finalize

Inference terminated: variational solution stable for OPTIONS.TolStableCount fcn evaluations.
Estimated ELBO: -2085.045 +/- 0.045.

    46        240       -2084.49         0.03         0.02       19      0.558     
    42        220       -2084.63         0.02         0.01       18      0.227     stable
    46        235       -2084.65         0.05         0.02       14      0.375     
    45        235       -2084.62         0.03         0.01       16      0.184     
    45        235       -2084.62         0.03         0.01       18      0.201     stable
    46        240       -2084.63         0.03         0.00       15       0.24     
    40        210       -2084.55         0.02         0.00       21      0.223     
    47        240       -2084.55         0.06         0.02       14      0.699     
    47        245       -2084.46         0.03         0.01       19      0.288     
    46        240       -2084.58         0.03         0.00       16       0.27     
    47        245       -2084.61         0.04         0.01       15      0.272     stable
    48        245       -2084.55         0.08         0.01       17      0.384     
    47        245       -2084.60         0.02         0.00       19      0.152     
   Inf        230       -2084.51         0.03         0.00       50      0.307     finalize

Inference terminated: variational solution stable for OPTIONS.TolStableCount fcn evaluations.
Estimated ELBO: -2084.514 +/- 0.031.

    48        250       -2085.23         0.05         0.35       19       5.87     
   Inf        225       -2084.51         0.04         0.01       50       0.25     finalize

Inference terminated: variational solution stable for OPTIONS.TolStableCount fcn evaluations.
Estimated ELBO: -2084.510 +/- 0.038.

    49        250       -2084.66         0.04         0.01       17      0.641     
    41        215       -2084.78         0.02         0.12       24       1.94     
    48        250       -2084.59         0.02         0.00       22      0.131     
   Inf        220       -2084.61         0.02         0.01       50      0.227     finalize

Inference terminated: variational solution stable for OPTIONS.TolStableCount fcn evaluations.
Estimated ELBO: -2084.608 +/- 0.022.

   Inf        215       -2084.56         0.05         0.01       50      0.294     finalize

Inference terminated: variational solution stable for OPTIONS.TolStableCount fcn evaluations.
Estimated ELBO: -2084.564 +/- 0.052.

    50        255       -2084.60         0.04         0.01       17      0.409     stable
    49        255       -2084.58         0.05         0.21       19       4.22     
   Inf        245       -2084.61         0.04         0.00       50      0.272     finalize

Inference terminated: variational solution stable for OPTIONS.TolStableCount fcn evaluations.
Estimated ELBO: -2084.605 +/- 0.038.

    42        220       -2084.58         0.02         0.08       24        1.5     
    49        255       -2084.61         0.02         0.00       25       0.15     
    50        260       -2084.50         0.05         0.03       19      0.749     
   Inf        235       -2084.58         0.03         0.00       50      0.201     finalize

Inference terminated: variational solution stable for OPTIONS.TolStableCount fcn evaluations.
Estimated ELBO: -2084.577 +/- 0.034.

    50        260       -2084.61         0.02         0.00       24      0.125     stable
   Inf        255       -2084.58         0.04         0.00       50      0.409     finalize

Inference terminated: variational solution stable for OPTIONS.TolStableCount fcn evaluations.
Estimated ELBO: -2084.577 +/- 0.037.

    43        225       -2084.54         0.04         0.01       24      0.313     
    51        265       -2084.49         0.03         0.01       19      0.169     
   Inf        220       -2084.50         0.06         0.01       50      0.362     finalize

Inference terminated: variational solution stable for OPTIONS.TolStableCount fcn evaluations.
Estimated ELBO: -2084.495 +/- 0.059.

    44        230       -2084.53         0.02         0.01       24      0.172     
   Inf        260       -2084.61         0.02         0.00       50      0.125     finalize

Inference terminated: variational solution stable for OPTIONS.TolStableCount fcn evaluations.
Estimated ELBO: -2084.612 +/- 0.023.

    52        270       -2084.76         0.03         0.10       22       1.93     
    45        235       -2084.85         0.03         0.10       27       2.09     
    46        240       -2084.62         0.03         0.05       27       1.32     
   Inf        210       -2084.52         0.04         0.00       50      0.264     finalize

Inference terminated: variational solution stable for OPTIONS.TolStableCount fcn evaluations.
Estimated ELBO: -2084.519 +/- 0.038.

    47        245       -2084.60         0.03         0.01       25      0.258     
    53        275       -2084.52         0.03         0.06       21       1.46     rotoscale, undo
    48        250       -2084.58         0.03         0.01       25      0.247     
    54        280       -2084.46         0.03         0.01       21      0.424     
    55        285       -2084.46         0.03         0.00       22      0.145     
    49        255       -2084.53         0.02         0.01       26        0.3     
    56        290       -2085.08         0.05         0.27       23       4.65     
    50        260       -2084.57         0.02         0.00       27      0.209     
    57        295       -2084.63         0.02         0.16       23          3     
    58        300       -2084.52         0.02         0.02       23      0.592     
    59        305       -2084.51         0.02         0.01       23      0.141     
    51        265       -2084.56         0.02         0.01       26      0.144     rotoscale, undo
    52        270       -2084.51         0.02         0.01       26      0.307     
    60        310       -2084.51         0.03         0.01       26      0.176     
    61        315       -2084.47         0.03         0.01       25      0.302     
    53        275       -2084.52         0.03         0.01       27      0.199     
    62        320       -2084.52         0.03         0.01       23      0.329     
    54        280       -2084.58         0.02         0.01       24       0.35     stable
    63        325       -2084.49         0.03         0.01       23      0.279     
    64        330       -2084.49         0.02         0.01       23      0.135     
    65        335       -2084.52         0.03         0.01       24      0.275     stable
   Inf        280       -2084.54         0.02         0.01       50       0.35     finalize

Inference terminated: variational solution stable for OPTIONS.TolStableCount fcn evaluations.
Estimated ELBO: -2084.537 +/- 0.021.

   Inf        335       -2084.47         0.03         0.01       50      0.275     finalize

Inference terminated: variational solution stable for OPTIONS.TolStableCount fcn evaluations.
Estimated ELBO: -2084.466 +/- 0.032.

{Unrecognized function or variable 'vp'.

Error in fit_atheo_model_VBMC (line 125)
    model.best_vp = vp(idx_best);

Error in model_per_job (line 8)
fit_atheo_model_VBMC(hpc_job_number, 1)
} 
>> >> 