MATLAB is selecting SOFTWARE OPENGL rendering.

                            < M A T L A B (R) >
                  Copyright 1984-2022 The MathWorks, Inc.
                  R2022a (9.12.0.1884302) 64-bit (glnxa64)
                             February 16, 2022

 
To get started, type doc.
For product information, visit www.mathworks.com.
 
>> job number: 4 
Number of cores: 21  
Starting parallel pool (parpool) using the 'local' profile ...
Connected to the parallel pool (number of workers: 20).
[fit_atheo_model_VBMC] Start fitting model-gauss_shiftMu sub-1 run-1 
[fit_atheo_model_VBMC] Start fitting model-gauss_shiftMu sub-1 run-2 
[fit_atheo_model_VBMC] Start fitting model-gauss_shiftMu sub-1 run-3 
[fit_atheo_model_VBMC] Start fitting model-gauss_shiftMu sub-1 run-4 
[fit_atheo_model_VBMC] Start fitting model-gauss_shiftMu sub-1 run-5 
[fit_atheo_model_VBMC] Start fitting model-gauss_shiftMu sub-1 run-6 
[fit_atheo_model_VBMC] Start fitting model-gauss_shiftMu sub-1 run-7 
[fit_atheo_model_VBMC] Start fitting model-gauss_shiftMu sub-1 run-8 
[fit_atheo_model_VBMC] Start fitting model-gauss_shiftMu sub-1 run-9 
[fit_atheo_model_VBMC] Start fitting model-gauss_shiftMu sub-1 run-10 
[fit_atheo_model_VBMC] Start fitting model-gauss_shiftMu sub-1 run-11 
[fit_atheo_model_VBMC] Start fitting model-gauss_shiftMu sub-1 run-12 
[fit_atheo_model_VBMC] Start fitting model-gauss_shiftMu sub-1 run-13 
[fit_atheo_model_VBMC] Start fitting model-gauss_shiftMu sub-1 run-14 
[fit_atheo_model_VBMC] Start fitting model-gauss_shiftMu sub-1 run-15 
[fit_atheo_model_VBMC] Start fitting model-gauss_shiftMu sub-1 run-16 
[fit_atheo_model_VBMC] Start fitting model-gauss_shiftMu sub-1 run-17 
[fit_atheo_model_VBMC] Start fitting model-gauss_shiftMu sub-1 run-18 
[fit_atheo_model_VBMC] Start fitting model-gauss_shiftMu sub-1 run-19 
[fit_atheo_model_VBMC] Start fitting model-gauss_shiftMu sub-1 run-20 
Beginning variational optimization assuming EXACT observations of the log-joint.
 Iteration  f-count    Mean[ELBO]    Std[ELBO]    sKL-iter[q]   K[q]  Convergence  Action
     1         20       -4019.32       599.70    912219.44        2        Inf     start warm-up
Beginning variational optimization assuming EXACT observations of the log-joint.
 Iteration  f-count    Mean[ELBO]    Std[ELBO]    sKL-iter[q]   K[q]  Convergence  Action
     1         20       -4989.00      1567.41   1243600.70        2        Inf     start warm-up
Beginning variational optimization assuming EXACT observations of the log-joint.
 Iteration  f-count    Mean[ELBO]    Std[ELBO]    sKL-iter[q]   K[q]  Convergence  Action
     1         20       -5869.40       240.45    732936.66        2        Inf     start warm-up
Beginning variational optimization assuming EXACT observations of the log-joint.
 Iteration  f-count    Mean[ELBO]    Std[ELBO]    sKL-iter[q]   K[q]  Convergence  Action
     1         20       -4252.88       553.27    370676.48        2        Inf     start warm-up
Beginning variational optimization assuming EXACT observations of the log-joint.
 Iteration  f-count    Mean[ELBO]    Std[ELBO]    sKL-iter[q]   K[q]  Convergence  Action
     1         20       -4876.23       245.38    222383.72        2        Inf     start warm-up
Beginning variational optimization assuming EXACT observations of the log-joint.
 Iteration  f-count    Mean[ELBO]    Std[ELBO]    sKL-iter[q]   K[q]  Convergence  Action
     1         20       -4345.04        87.92   2035237.71        2        Inf     start warm-up
Beginning variational optimization assuming EXACT observations of the log-joint.
 Iteration  f-count    Mean[ELBO]    Std[ELBO]    sKL-iter[q]   K[q]  Convergence  Action
     1         20       -4274.03        81.19    300792.61        2        Inf     start warm-up
Beginning variational optimization assuming EXACT observations of the log-joint.
 Iteration  f-count    Mean[ELBO]    Std[ELBO]    sKL-iter[q]   K[q]  Convergence  Action
     1         20       -4731.78       218.60    575090.53        2        Inf     start warm-up
Beginning variational optimization assuming EXACT observations of the log-joint.
 Iteration  f-count    Mean[ELBO]    Std[ELBO]    sKL-iter[q]   K[q]  Convergence  Action
     1         20       -3495.67        90.30   1098224.26        2        Inf     start warm-up
Beginning variational optimization assuming EXACT observations of the log-joint.
 Iteration  f-count    Mean[ELBO]    Std[ELBO]    sKL-iter[q]   K[q]  Convergence  Action
     1         20       -4455.10       892.81    263391.26        2        Inf     start warm-up
Beginning variational optimization assuming EXACT observations of the log-joint.
 Iteration  f-count    Mean[ELBO]    Std[ELBO]    sKL-iter[q]   K[q]  Convergence  Action
     1         20       -5676.41       723.50    450577.90        2        Inf     start warm-up
Beginning variational optimization assuming EXACT observations of the log-joint.
 Iteration  f-count    Mean[ELBO]    Std[ELBO]    sKL-iter[q]   K[q]  Convergence  Action
     1         20       -4661.60       444.96    721335.82        2        Inf     start warm-up
Beginning variational optimization assuming EXACT observations of the log-joint.
 Iteration  f-count    Mean[ELBO]    Std[ELBO]    sKL-iter[q]   K[q]  Convergence  Action
     1         20       -5168.92       161.88    364169.48        2        Inf     start warm-up
Beginning variational optimization assuming EXACT observations of the log-joint.
 Iteration  f-count    Mean[ELBO]    Std[ELBO]    sKL-iter[q]   K[q]  Convergence  Action
     1         20       -4166.28       220.56   1380649.45        2        Inf     start warm-up
Beginning variational optimization assuming EXACT observations of the log-joint.
 Iteration  f-count    Mean[ELBO]    Std[ELBO]    sKL-iter[q]   K[q]  Convergence  Action
     1         20       -3677.12        84.86    802977.26        2        Inf     start warm-up
Beginning variational optimization assuming EXACT observations of the log-joint.
 Iteration  f-count    Mean[ELBO]    Std[ELBO]    sKL-iter[q]   K[q]  Convergence  Action
     1         20       -3483.48       616.58    701504.52        2        Inf     start warm-up
Beginning variational optimization assuming EXACT observations of the log-joint.
 Iteration  f-count    Mean[ELBO]    Std[ELBO]    sKL-iter[q]   K[q]  Convergence  Action
     1         20       -4293.92       606.28    734415.60        2        Inf     start warm-up
Beginning variational optimization assuming EXACT observations of the log-joint.
 Iteration  f-count    Mean[ELBO]    Std[ELBO]    sKL-iter[q]   K[q]  Convergence  Action
     1         20       -4838.62       205.61    747103.44        2        Inf     start warm-up
Beginning variational optimization assuming EXACT observations of the log-joint.
 Iteration  f-count    Mean[ELBO]    Std[ELBO]    sKL-iter[q]   K[q]  Convergence  Action
     1         20       -4018.35        71.61    817568.27        2        Inf     start warm-up
     2         25       -3960.59       162.99        61.98        2        Inf     
     2         25       -2626.90       313.94      7751.63        2        Inf     
     2         25       -2569.65       145.70       345.30        2        Inf     
     2         25       -2730.11       229.16       258.63        2        Inf     
     2         25       -3411.53       371.71       611.95        2        Inf     
     2         25       -3703.24       396.29     19057.49        2        Inf     
     2         25       -3613.32       129.31     11280.20        2        Inf     
     2         25       -2538.49       197.79       324.11        2        Inf     
     2         25       -3450.31        90.45       247.88        2        Inf     
     2         25       -3725.05       211.12       862.10        2        Inf     
     2         25       -3228.25       174.97       121.36        2        Inf     
     2         25       -3131.22       188.54       418.42        2        Inf     
     2         25       -2323.64       424.00       284.07        2        Inf     
     2         25       -3675.13       386.99       302.65        2        Inf     
     2         25       -3116.94        98.63       195.92        2        Inf     
     2         25       -2863.05       229.34      2355.27        2        Inf     
     3         30       -2748.41       217.92      1153.69        2   1.43e+04     
     3         30       -2668.08       108.00       202.51        2    4.1e+03     
     3         30       -2345.61       245.32       440.57        2   7.79e+03     
     3         30       -2264.07       123.12       251.33        2   3.75e+03     
     3         30       -2866.74        59.16       334.12        2   4.97e+03     
     3         30       -2767.01        98.25       416.05        2   5.39e+03     
     3         30       -2595.99       324.07       348.04        2   8.85e+03     
     3         30       -2787.74       110.04      1773.77        2   1.98e+04     
     3         30       -2277.80       214.23       463.70        2   6.51e+03     
     3         30       -2579.01        57.03       307.98        2   4.83e+03     
     3         30       -2444.39        71.29       230.75        2   2.77e+03     
     2         25       -3412.62       235.84       594.99        2        Inf     
     3         30       -2788.51       234.87      2584.61        2   2.78e+04     
     3         30       -2319.47        61.53       132.13        2   2.16e+03     
     3         30       -3043.80       185.43       224.75        2    3.3e+03     
     4         35       -2446.12        77.98       241.37        2   3.89e+03     
     2         25       -3221.66       273.23      4144.46        2        Inf     
     4         35       -2111.47       282.09       378.52        2   5.22e+03     
     3         30       -3258.03       134.39       370.27        2   5.26e+03     
     4         35       -2384.56        89.66       131.38        2   2.46e+03     
     4         35       -2628.46       125.26       251.71        2   3.21e+03     
     2         25       -3104.35        44.20       278.14        2        Inf     
     3         30       -2502.33       200.13       299.18        2   3.85e+03     
     4         35       -2174.65        63.48       111.50        2   1.54e+03     
     4         35       -2312.49        88.50       196.64        2   2.23e+03     
     4         35       -2476.88       140.68       167.29        2   2.41e+03     
     4         35       -2483.80        59.20       325.72        2   4.09e+03     
Beginning variational optimization assuming EXACT observations of the log-joint.
 Iteration  f-count    Mean[ELBO]    Std[ELBO]    sKL-iter[q]   K[q]  Convergence  Action
     1         20       -4728.22       179.51    964007.98        2        Inf     start warm-up
     4         35       -2361.07       101.27       673.33        2   8.84e+03     
     3         30       -2582.99       112.35       913.45        2   1.16e+04     
     4         35       -2160.39        78.85       128.12        2   1.98e+03     
     5         40       -2116.00        55.54       289.26        2   3.05e+03     
     3         30       -2744.77       107.62      1128.57        2   1.24e+04     
     4         35       -2360.98        41.64       107.33        2   1.41e+03     
     4         35       -2545.19        74.19       161.86        2   2.55e+03     
     4         35       -2590.56        89.08       357.82        2   5.83e+03     
     4         35       -2254.11        97.10       580.34        2   6.77e+03     
     5         40       -2149.20       124.10       241.38        2   2.77e+03     
     5         40       -2497.71       107.44        96.43        2   1.69e+03     
     4         35       -2470.83       110.43       314.38        2   4.33e+03     
     5         40       -2300.72        74.72       117.90        2   1.38e+03     
     4         35       -2113.52       139.30       288.38        2   4.43e+03     
     5         40       -2265.05        63.22       149.33        2   1.99e+03     
     5         40       -2115.89        54.73        89.86        2   1.16e+03     
     4         35       -2221.90       106.74       418.95        2   5.43e+03     
     5         40       -2318.04        79.85       106.14        2   1.67e+03     
     3         30       -2976.79        58.75       223.06        2   2.68e+03     
     6         45       -2097.19        12.86        68.01        2        734     
     5         40       -2137.09       142.98       447.03        2   5.77e+03     
     5         40       -2209.55        21.17        91.65        2   1.42e+03     
     6         45       -2139.00        68.41       104.70        2   1.23e+03     
     5         40       -2029.89       139.69       174.93        2   2.83e+03     
     5         40       -2499.33       113.93       138.86        2   1.76e+03     
     5         40       -2368.35        60.17       118.02        2   1.88e+03     
     6         45       -2026.59       118.27       333.88        2   5.05e+03     
     5         40       -2331.07        84.38       125.92        2   1.93e+03     
     5         40       -2078.78        76.89       132.76        2    1.6e+03     
     6         45       -2073.53        49.39       174.64        2   1.92e+03     
     4         35       -2353.16        60.94       318.51        2   5.23e+03     
     5         40       -2359.00        95.47       189.94        2   2.85e+03     
     7         50       -2107.74        29.92       106.72        2   1.19e+03     
     5         40       -2138.76        65.91       143.77        2   1.83e+03     
     7         50       -2103.08         9.02        27.30        2        302     
     4         35       -2486.03       184.40      4022.31        2   3.87e+04     
     6         45       -2159.74        37.16        74.81        2        891     
     6         45       -2241.58        52.38       164.12        2   1.77e+03     
     6         45       -2083.79        20.72        77.41        2        964     
     6         45       -2394.60        66.69       147.27        2   1.93e+03     
     6         45       -2235.98        28.60       120.83        2   1.53e+03     
     6         45       -2071.74        60.29       379.19        2   4.17e+03     
     8         55       -2092.76        19.53        37.99        2        451     
     6         45       -2266.69        23.13       135.47        2    1.5e+03     
     6         45       -2241.12        23.17        92.03        2   1.35e+03     
     7         50       -2092.75        39.61        79.46        2   1.09e+03     
     2         25       -3367.19       206.97       343.51        2        Inf     
     7         50       -2037.66        56.20       122.67        2   1.44e+03     
     6         45       -2264.10        49.65       144.58        2   1.82e+03     
     7         50       -2178.20        20.76        47.33        2        568     
     5         40       -2103.43        66.19       409.34        2   4.84e+03     
     6         45       -2139.54        58.01       150.96        2   1.79e+03     
     6         45       -2107.64        29.75       116.45        2   1.28e+03     
     7         50       -2178.86       103.73       151.39        2   2.46e+03     
     7         50       -2139.85        35.50        77.11        2   1.17e+03     
     5         40       -2505.33        48.01       203.43        2   2.11e+03     
     7         50       -2098.80        10.98        32.45        2        387     
     8         55       -2107.64        12.86        41.07        2        423     
     9         60       -2095.93         2.10        38.76        2        376     
     7         50       -2172.78         9.14        35.33        2        585     
     6         45       -2180.29        52.63       215.01        2   2.56e+03     
     8         55       -2115.65         7.18        44.26        2        693     
     5         40       -2148.66        28.47       119.42        2   1.91e+03     
     8         55       -2082.46        47.29        86.91        2        995     
     7         50       -2074.21        46.20       256.99        2   3.07e+03     
     8         55       -2160.72        10.85        53.53        2        589     
     7         50       -2095.88        51.81       175.83        2   1.88e+03     
     7         50       -2107.01        17.46        53.57        2        556     
     7         50       -2067.10        43.23       108.13        2   1.39e+03     
     7         50       -2131.80        23.60        97.91        2   1.43e+03     
     7         50       -2147.09        50.86       326.67        2   3.58e+03     
     8         55       -2118.43        12.09        25.05        2        343     
     8         55       -2102.31         0.40         2.28        2         34     
     9         60       -2102.64        10.13        39.87        2        419     
     6         45       -2098.48        20.68       102.66        2   1.03e+03     
     8         55       -2116.47        12.35        44.74        2        663     
    10         65       -2096.88         0.77         2.08        2         25     
     6         45       -2410.44        42.00       383.48        2      4e+03     
     3         30       -2617.08       145.48       452.54        2   7.17e+03     
     8         55       -2118.63         2.61        21.78        2        282     
     9         60       -2112.26         8.69        41.40        2        511     
     8         55       -2098.95        23.61        31.32        2        451     
     9         60       -2110.39         4.42        28.51        2        296     
     8         55       -2102.43         7.88        12.99        2        162     
     8         55       -2125.68        11.49        31.37        2        349     
     8         55       -2152.75         5.61        17.35        2        246     
     8         55       -2129.00        33.04       120.26        2   1.28e+03     
     9         60       -2117.70         2.97        13.48        2        137     
     9         60       -2100.53         0.24         2.57        2       30.5     
     9         60       -2110.86        13.58        35.92        2        543     
    10         65       -2108.11         2.89        11.99        2        139     
     7         50       -2101.10         8.40        26.48        2        282     
     8         55       -2117.68         8.71        50.75        2        667     
     9         60       -2108.68         4.24        22.65        2        249     
     7         50       -2090.75        31.11        76.02        2    1.1e+03     
     9         60       -2103.97         3.68        17.85        2        226     
    11         70       -2096.14         0.46         0.46        2       8.21     
     9         60       -2126.75         1.72         3.17        2       38.6     
    10         65       -2104.01         3.15        17.47        2        199     
     7         50       -2164.27        36.71       207.31        2   2.86e+03     
     9         60       -2116.02         2.39        18.34        2        234     
    10         65       -2106.50         1.16         4.23        2       55.9     
     9         60       -2106.63         1.18        12.38        2        132     
     9         60       -2120.22         7.83        20.65        2        225     
     9         60       -2119.85         3.23        30.72        2        404     
     9         60       -2123.63        16.40        30.02        2        350     
    10         65       -2102.20         5.17        21.85        2        271     
    10         65       -2099.70         0.21         0.87        2       11.5     
    10         65       -2103.29         0.98         2.67        2       45.9     
    10         65       -2108.62         3.25         9.61        2        107     
    11         70       -2102.48         0.58         3.73        2       55.2     
     8         55       -2107.31         1.72         3.80        2       61.6     
     6         45       -2127.53        21.75        35.04        2        415     
     8         55       -2098.66         6.23         8.61        2        127     
    10         65       -2103.48         0.73         2.86        2       30.5     
    12         75       -2095.78         0.19         0.36        2       5.13     
     8         55       -2038.51        81.68       298.15        2   3.45e+03     
    10         65       -2111.36         1.90         9.51        2        110     
    11         70       -2102.44         1.63         9.45        2        106     
    10         65       -2100.10         1.69         6.92        2       91.4     
    10         65       -2116.25         1.12         2.41        2       39.2     
    10         65       -2123.74         1.14         5.37        2       63.5     
    10         65       -2112.37         1.89         6.90        2         95     
    10         65       -2108.87         9.29        29.03        2        349     
    11         70       -2104.57         0.71         0.71        2       10.8     
    11         70       -2104.65         0.51         3.44        2       41.6     
    11         70       -2099.62         0.15         0.63        2       6.58     
    11         70       -2096.51         6.61        14.02        2        192     
     4         35       -2269.85        69.87       201.62        2   3.25e+03     
    12         75       -2099.91         0.38         1.92        2       27.6     
     9         60       -2106.87         1.12         1.76        2       21.5     
    11         70       -2102.59         0.25         1.07        2       13.1     
     9         60       -2098.19         3.06         7.61        2       82.1     
    11         70       -2101.24         1.62         3.98        2       49.7     
     9         60       -2107.93        14.36        61.23        2        845     
    11         70       -2110.34         0.77         2.02        2       24.7     
     7         50       -2105.82        18.74        17.93        2        301     
    11         70       -2098.36         2.01         5.28        2       61.3     
    11         70       -2112.30         1.19         4.53        2         59     
    13         80       -2093.07         2.40         8.20        2       92.8     
    11         70       -2119.27         1.29         2.69        2       44.1     
    11         70       -2105.60         3.59        10.65        2        133     
    11         70       -2109.52         2.50        14.69        2        146     
    12         75       -2102.47         1.35         2.52        2       34.8     
    12         75       -2098.99         3.54         6.96        2       87.7     
    10         65       -2097.28         0.76         3.88        2       41.4     
    12         75       -2101.86         0.28         2.94        2       37.4     
    12         75       -2091.89        13.62        39.70        2        438     
    12         75       -2099.58         0.75         4.58        2       55.1     
    13         80       -2099.15         0.32         1.00        2       12.9     
    10         65       -2103.87         2.35         4.20        2       56.6     
    12         75       -2102.17         0.22         0.39        2       5.74     
    12         75       -2094.47         5.93        16.03        2        191     
    10         65       -2114.96         3.50         3.22        2       64.9     
    12         75       -2108.51         0.41         1.13        2       17.9     
     5         40       -2143.32        85.11       493.29        2   5.27e+03     
    12         75       -2093.94         2.70         7.27        2       90.9     
    12         75       -2102.54         5.89        16.63        2        206     
    12         75       -2116.14         0.48         1.73        2         28     
    12         75       -2095.20         5.47        15.74        2        198     
    13         80       -2093.04         3.34         8.45        2        109     
    14         85       -2091.69         0.95         1.34        2       20.1     
    12         75       -2107.57         0.80         1.91        2       26.8     
    11         70       -2092.45         1.49         7.11        2       86.8     
    13         80       -2101.80         0.57         1.09        2       14.2     
    14         85       -2098.62         0.33         0.71        2       9.47     
    11         70       -2104.36         0.62         1.21        2       14.9     
    13         80       -2101.58         0.19         0.34        2       4.68     
    13         80       -2093.29         1.05         2.81        2       34.2     
    13         80       -2090.29         3.76        18.22        2        212     
     8         55       -2106.62         2.01         7.04        2       74.5     
    13         80       -2098.97         1.04         6.59        2       75.1     
    11         70       -2107.54         1.85         9.36        2        117     
     6         45       -2122.37        54.23       169.34        2   1.82e+03     
    13         80       -2092.03         1.94         4.74        2       58.4     
    13         80       -2094.10         1.42         1.24        2       19.8     
    13         80       -2106.80         0.40         2.37        2       28.9     
    13         80       -2089.12         1.37         8.04        2         95     
    13         80       -2101.11         5.43         7.77        2       94.7     
    13         80       -2112.73         1.32         5.59        2       67.4     
    13         80       -2105.78         0.52         1.91        2       25.4     
    14         85       -2089.69         2.90         4.44        2       61.9     
    12         75       -2100.90         1.06         6.13        2       71.7     
    15         90       -2090.93         0.39         1.24        2       15.3     
    12         75       -2092.34         0.49         0.89        2       10.2     
    14         85       -2098.21         1.89         6.82        2       81.4     
    15         90       -2081.01        20.38        86.84        2        929     
    14         85       -2100.38         0.36         1.32        2       17.4     
    14         85       -2092.09         0.73         0.85        2       14.3     
    14         85       -2090.08         1.31         1.78        2       21.5     
     9         60       -2105.29         0.28         0.87        2       13.4     
    14         85       -2090.59        11.60        24.58        2        294     
    12         75       -2105.30         0.70         2.11        2       29.3     
    14         85       -2090.87         0.35         1.77        2       21.4     
     7         50       -2148.69        34.63       158.93        2   1.67e+03     
    14         85       -2089.32         0.26         0.66        2       7.67     
    14         85       -2091.18         1.01         2.76        2       38.6     
    14         85       -2105.43         0.56         2.41        2       28.7     
    14         85       -2083.76         3.25        30.68        2        352     
    14         85       -2109.49         1.18         4.38        2       55.3     
    14         85       -2099.81        10.22        28.39        2        316     
    13         80       -2091.49         0.42         0.64        2       10.2     
    15         90       -2089.44         0.29         1.09        2       11.9     
    13         80       -2100.83         0.54         1.58        2       16.6     
    16         95       -2090.50         0.26         0.54        2       7.32     
    15         90       -2093.27         3.09         8.50        2        105     
    16         95       -2091.54         1.17         8.65        2        119     
    15         90       -2097.79         0.83         3.83        2       46.8     
    15         90       -2090.39         0.54         2.45        2       30.1     
    15         90       -2089.76         0.38         0.77        2       9.43     
     8         55       -2139.64        18.15        22.11        2        295     
    10         65       -2103.68         0.35         2.37        2       28.4     
    15         90       -2091.82         0.55         0.67        2       12.2     
    13         80       -2100.46         8.35        13.48        2        169     
    15         90       -2090.66         0.19         0.25        2       3.62     
    15         90       -2090.42         0.38         0.48        2       8.19     
    15         90       -2101.77         1.30         5.27        2       65.2     
    15         90       -2089.31         0.23         0.16        2       2.24     
    15         90       -2088.54         1.31         1.47        2       33.8     
    15         90       -2106.53         1.17         5.83        2       67.6     
    15         90       -2099.92         0.83         4.63        2       45.9     
    14         85       -2090.93         0.33         0.48        2       7.39     
    16         95       -2088.90         0.34         0.75        2       9.84     
    14         85       -2093.23         4.62        17.42        2        202     
     9         60       -2124.03        20.77        49.50        2        579     
    17        100       -2089.92         0.33         1.12        2       13.3     
    16         95       -2095.46         0.95         2.92        2         38     
    16         95       -2088.62         3.56         8.94        2        110     
    14         85       -2098.49         1.36         3.68        2       45.1     
    16         95       -2089.70         0.16         0.62        2       8.59     
    16         95       -2089.33         0.21         0.21        2       4.12     
    11         70       -2102.26         0.66         1.02        2       16.4     
    16         95       -2091.41         0.28         0.49        2       6.84     
    16         95       -2089.32         0.15         1.07        2       14.8     
    17        100       -2090.41         0.63         1.52        2         20     
    16         95       -2089.94         0.29         0.35        2       5.77     
    16         95       -2089.33         0.13         0.07        2       1.17     
    16         95       -2088.57         8.85        40.77        2        450     
    16         95       -2088.75         0.40         1.34        2       14.4     
    15         90       -2089.88         0.34         0.49        2        9.2     
    10         65       -2112.12         7.55        21.07        2        260     
    15         90       -2089.98         1.26         5.45        2       65.4     
    16         95       -2100.63         1.14         7.83        2       95.9     
    16         95       -2095.78         0.77         5.25        2       64.9     
    17        100       -2088.91         0.16         0.18        2       2.24     
    15         90       -2093.59         6.33         9.91        2        129     
    12         75       -2090.50        12.43        38.61        2        438     
    17        100       -2091.39         1.86         8.94        2        102     
    17        100       -2089.40         0.25         1.14        2         14     
    17        100       -2089.66         0.11         0.12        2       1.64     
    17        100       -2089.16         0.10         0.10        2       1.82     
    18        105       -2089.47         0.27         0.55        2       7.44     
    17        100       -2090.47         0.18         0.42        2        7.6     
    18        105       -2089.73         0.20         0.48        2       7.37     
    17        100       -2089.91         0.16         0.13        2       1.87     
    11         70       -2103.13         4.22        10.30        2        139     
    17        100       -2089.39         0.18         0.30        2       3.62     
    17        100       -2089.30         0.08         0.17        2       1.98     end warm-up
    16         95       -2089.41         0.28         0.22        2       4.52     
    17        100       -2089.18         0.73         1.38        2       17.3     
    16         95       -2089.37         0.77         0.84        2       12.4     
    17        100       -2089.02         0.18         0.60        2       7.05     
    17        100       -2096.16         1.38         5.43        2       69.7     
    17        100       -2093.10         1.55         5.05        2       60.7     
    16         95       -2088.80         2.28         9.36        2        110     
    13         80       -2090.85         0.88         5.04        2       50.7     
    18        105       -2089.59         0.09         0.06        2       1.03     
    18        105       -2089.13         0.18         0.17        2       2.96     end warm-up
    18        105       -2088.91         0.11         0.09        2       2.07     
    12         75       -2098.93         4.65        10.55        2        127     
    19        110       -2089.51         0.18         0.08        2       1.49     
    18        105       -2090.33         0.14         0.14        2        2.2     
    18        105       -2089.86         0.51         1.15        2       17.5     
    18        105       -2089.29         0.17         0.16        2       2.46     
    18        105       -2088.83         0.07         0.10        2        2.7     
    18        105       -2089.76         0.17         0.10        2       1.92     
    18        105       -2089.28         0.15         0.05        2       1.36     
    19        110       -2089.56         0.12         0.17        2       2.58     
    17        100       -2089.40         0.21         0.04        2       1.05     
    17        100       -2089.04         0.58         0.39        2       6.61     
    18        105       -2089.30         0.24         0.87        2       9.23     
    14         85       -2090.58         0.21         0.12        2       2.78     
    18        105       -2089.03         0.09         0.13        2        1.5     
    17        100       -2088.90         2.67         4.17        2       47.8     
    13         80       -2100.33         0.27         2.19        2       25.8     
    19        110       -2088.70         0.07         0.10        2       2.55     
    18        105       -2093.06         0.38         2.80        2       37.5     
    18        105       -2090.78         0.70         2.45        2       32.7     
    19        110       -2088.99         0.05         0.03        2      0.956     
    19        110       -2089.32         0.13         0.09        2       2.13     end warm-up
    20        115       -2089.33         0.09         0.08        2       1.63     
    19        110       -2090.01         0.18         0.07        2       2.28     
    19        110       -2089.02         0.08         0.08        2       1.37     end warm-up
    19        110       -2089.72         0.13         0.08        2       1.36     end warm-up
    19        110       -2089.15         0.21         0.83        2       10.7     
    19        110       -2089.29         0.12         0.04        2      0.834     
    20        115       -2089.54         0.11         0.05        2      0.916     
    19        110       -2089.25         0.10         0.06        2       1.04     end warm-up
    18        105       -2089.54         0.16         0.43        2        6.2     
    18        105       -2089.31         0.10         0.12        2       1.76     
    19        110       -2089.13         0.24         0.21        2       3.28     
    14         85       -2099.63         0.23         0.58        2       8.45     
    20        115       -2088.75         0.06         0.02        2      0.557     
    15         90       -2090.18         0.19         0.45        2       6.14     
    18        105       -2089.97         0.25         1.41        2       17.4     
    20        115       -2088.95         0.04         0.01        5      0.355     
    19        110       -2088.99         0.14         0.04        2      0.983     end warm-up
    20        115       -2088.90         0.04         0.10        2       2.46     
    19        110       -2090.42         0.34         1.60        2       24.7     
    19        110       -2089.32         0.19         0.85        2       13.4     
    20        115       -2088.70         0.05         0.06        2       1.82     
    20        115       -2089.10         0.10         0.07        2       1.68     end warm-up
    21        120       -2089.51         0.10         0.03        2      0.705     end warm-up
    21        120       -2089.36         0.09         0.09        2       1.25     end warm-up
    20        115       -2089.48         0.26         0.22        2       4.65     end warm-up
    20        115       -2088.93         0.06         0.21        2       4.77     
    20        115       -2088.98         0.20         0.20        2       3.11     
    20        115       -2088.94         0.06         0.06        2       1.78     
    21        120       -2088.89         0.06         0.01        5      0.798     
    20        115       -2088.84         0.08         0.06        2       1.32     
    15         90       -2099.24         0.23         0.32        2       5.07     
    19        110       -2089.09         0.10         0.13        2       3.04     
    16         95       -2089.84         0.18         0.13        2       2.98     
    21        120       -2088.94         0.04         0.00        8      0.194     
    19        110       -2089.16         0.08         0.08        2       1.46     end warm-up
    20        115       -2089.25         0.20         0.21        2       3.03     
    21        120       -2089.00         0.03         0.01        2      0.562     
    21        120       -2088.74         0.04         0.01        2      0.354     
    19        110       -2089.94         0.21         0.18        2       2.45     
    20        115       -2088.77         0.56         0.93        2         16     
    21        120       -2089.09         0.10         0.15        2       2.97     
    21        120       -2088.90         0.06         0.01        2      0.399     
    21        120       -2088.91         0.12         0.10        2       1.94     
    21        120       -2088.89         0.04         0.01        2      0.382     
    22        125       -2088.90         0.04         0.08        2       2.42     
    20        115       -2089.08         0.24         0.25        2       3.88     
    22        125       -2089.02         0.07         0.07        2       2.54     
    22        125       -2088.90         0.05         0.01        5      0.293     
    21        120       -2088.85         0.05         0.02        2      0.375     
    21        120       -2089.07         0.10         0.07        2       1.25     
    22        125       -2088.96         0.03         0.01        5      0.331     
    16         95       -2096.52         1.04         6.49        2       72.5     
    22        125       -2088.93         0.04         0.01       11      0.242     
    20        115       -2088.95         0.03         0.03        2       1.09     
    22        125       -2088.79         0.04         0.01        5      0.386     
    22        125       -2089.13         0.03         0.02        2      0.439     
    22        125       -2088.81         0.12         0.02        2      0.937     
    22        125       -2088.93         0.05         0.01        5      0.352     
    20        115       -2089.19         0.07         0.03        2      0.835     
    22        125       -2088.93         0.03         0.03        5      0.494     
    21        120       -2089.14         0.12         0.08        2       1.51     end warm-up
    17        100       -2089.81         0.18         0.08        2       1.44     end warm-up
    20        115       -2089.45         0.17         0.13        2       3.37     
    23        130       -2089.11         0.03         0.02        2      0.601     
    22        125       -2088.89         0.04         0.01        5      0.396     
    23        130       -2089.00         0.03         0.05        2      0.843     
    21        120       -2089.35         0.17         0.44        2       6.53     
    21        120       -2089.13         0.14         0.11        2       1.61     
    23        130       -2088.86         0.03         0.01        5      0.303     
    21        120       -2088.89         0.03         0.01        2      0.393     
    23        130       -2089.06         0.05         0.03        5      0.645     
    23        130       -2088.97         0.02         0.01        8      0.251     
    23        130       -2088.81         0.03         0.01        5      0.268     
    17        100       -2092.38         3.60         7.82        2       98.1     
    23        130       -2088.96         0.05         0.02        8      0.466     
    22        125       -2089.08         0.07         0.07        2      0.971     end warm-up
    23        130       -2088.87         0.05         0.01        5      0.459     
    23        130       -2088.97         0.03         0.01        5      0.316     
    22        125       -2089.04         0.07         0.05        2       1.08     
    21        120       -2089.14         0.06         0.06        2       0.93     end warm-up
    24        135       -2089.04         0.06         0.02        5      0.594     
    18        105       -2088.89         0.21         0.14        2       5.08     
    23        130       -2088.91         0.03         0.00        5      0.206     
    24        135       -2088.94         0.01         0.06        5      0.836     
    21        120       -2089.40         0.14         0.08        2       1.39     end warm-up
    24        135       -2088.98         0.03         0.01        8       0.44     
    22        125       -2088.95         0.02         0.01        5       0.38     
    24        135       -2088.99         0.02         0.00       11      0.147     
    24        135       -2088.87         0.03         0.01        5      0.345     
    22        125       -2089.16         0.15         0.07        2       1.81     
    24        135       -2088.92         0.03         0.01        8       0.34     
    22        125       -2089.16         0.09         0.07        2       1.01     end warm-up
    24        135       -2088.94         0.06         0.01        8      0.505     
    23        130       -2088.84         0.08         0.18        2       2.73     
    23        130       -2088.86         0.07         0.01        2      0.916     
    18        105       -2089.85         1.15         3.43        2       43.9     
    24        135       -2088.96         0.02         0.00        5      0.137     
    22        125       -2089.04         0.04         0.02        2      0.614     
    24        135       -2088.88         0.06         0.01        8      0.329     
    23        130       -2088.89         0.02         0.01        5      0.307     
    22        125       -2088.93         0.07         0.13        2       2.98     
    25        140       -2088.95         0.03         0.01        8      0.263     
    25        140       -2089.05         0.03         0.03       11      0.637     
    25        140       -2089.05         0.03         0.01        5      0.215     
    23        130       -2088.80         0.06         0.11        2       2.41     
    25        140       -2088.90         0.06         0.01        8      0.395     
    24        135       -2088.93         0.04         0.01        5      0.431     
    19        110       -2089.16         0.10         0.05        2       1.74     
    24        135       -2088.79         0.03         0.02        2      0.411     
    24        135       -2088.88         0.03         0.00        5      0.193     rotoscale, undo
    23        130       -2089.18         0.15         0.09        2       1.39     end warm-up
    23        130       -2089.01         0.02         0.01        2      0.245     
    23        130       -2089.03         0.02         0.06       14      0.948     rotoscale, undo
    19        110       -2089.18         0.56         1.00        2       13.3     
    24        135       -2088.98         0.02         0.04        8      0.757     
    23        130       -2088.92         0.05         0.02        2      0.397     
    26        145       -2088.96         0.01         0.00        8      0.109     
    26        145       -2089.04         0.03         0.00        8      0.182     
    24        135       -2088.80         0.05         0.03        2      0.483     
    25        140       -2088.93         0.04         0.03        5      0.853     
    25        140       -2089.01         0.05         0.01        8      0.479     
    25        140       -2088.87         0.02         0.00        5      0.127     rotoscale, undo
    25        140       -2088.90         0.03         0.01        5      0.251     
    20        115       -2089.14         0.09         0.01        3       0.44     
    24        135       -2088.93         0.04         0.09        2       1.84     
    25        140       -2088.99         0.02         0.00        5      0.204     rotoscale, undo
    24        135       -2088.98         0.02         0.01        5      0.272     
    24        135       -2088.89         0.05         0.03       14      0.869     
    24        135       -2088.94         0.03         0.02        5      0.341     
    20        115       -2088.97         0.12         0.35        2       4.36     
    25        140       -2089.00         0.03         0.01       11      0.444     rotoscale, undo
    25        140       -2088.86         0.03         0.02        5      0.461     
    26        145       -2088.91         0.03         0.01        5      0.216     
    25        140       -2088.97         0.04         0.01        8        0.5     rotoscale, undo
    26        145       -2088.99         0.03         0.02        8      0.278     
    25        140       -2089.00         0.02         0.01       11      0.183     rotoscale, undo
    26        145       -2088.87         0.02         0.01        5      0.141     
    21        120       -2089.05         0.03         0.01        6       0.51     
    25        140       -2088.87         0.04         0.01        2      0.446     
    25        140       -2088.95         0.03         0.01        8      0.193     
    26        145       -2088.90         0.02         0.01        5      0.172     
    26        145       -2088.95         0.02         0.00        5      0.242     
    21        120       -2088.98         0.11         0.10        2       1.39     
    25        140       -2088.98         0.02         0.01        8      0.164     
    25        140       -2089.02         0.02         0.02       17      0.706     
    26        145       -2088.84         0.05         0.01        5      0.356     
    26        145       -2088.90         0.03         0.01        8      0.186     rotoscale, undo
    26        145       -2089.07         0.04         0.02       11       0.45     rotoscale, undo
    26        145       -2088.95         0.02         0.00       11      0.257     
    27        150       -2088.91         0.02         0.01        5      0.212     
    27        150       -2088.88         0.01         0.01        5      0.152     
    26        145       -2088.94         0.03         0.01        8      0.278     
    25        140       -2088.91         0.02         0.05        8      0.797     rotoscale, undo
    26        145       -2088.93         0.07         0.01        5      0.543     
    26        145       -2088.97         0.03         0.02        8      0.311     
    26        145       -2088.95         0.02         0.01       11      0.299     
    22        125       -2089.04         0.03         0.01        9      0.231     
    27        150       -2088.95         0.02         0.00        8     0.0887     
    27        150       -2088.93         0.04         0.01        5      0.559     
    27        150       -2088.92         0.02         0.01        5      0.194     
    27        150       -2088.94         0.02         0.00        8      0.185     rotoscale, undo
    27        150       -2088.94         0.03         0.01       11      0.275     
    22        125       -2088.90         0.09         0.06        2       1.08     
    27        150       -2089.04         0.03         0.01       11      0.168     rotoscale, undo
    26        145       -2088.93         0.02         0.01        8       0.28     
    27        150       -2089.03         0.02         0.00       11      0.242     
    26        145       -2089.00         0.02         0.02       15       0.31     
    27        150       -2089.00         0.03         0.00       11      0.266     
    28        155       -2088.92         0.02         0.01        8      0.337     
    27        150       -2088.94         0.02         0.01        8      0.212     
    26        145       -2088.92         0.02         0.00        8      0.117     
    27        150       -2088.96         0.03         0.03        5      0.433     
    27        150       -2088.97         0.02         0.01       14       0.18     
    28        155       -2088.93         0.01         0.01        5      0.146     
    28        155       -2088.95         0.02         0.00       11      0.114     
    28        155       -2088.96         0.02         0.00        8      0.149     
    28        155       -2089.01         0.03         0.01       11      0.252     
    28        155       -2088.94         0.02         0.01       11      0.188     
    27        150       -2088.95         0.02         0.02        8      0.389     rotoscale, undo
    29        160       -2088.84         0.02         0.01        8      0.472     
    23        130       -2088.98         0.07         0.03        2      0.793     end warm-up
    28        155       -2089.03         0.02         0.00       11      0.135     
    28        155       -2088.95         0.02         0.00       11      0.261     
    28        155       -2088.96         0.02         0.01       11      0.206     
    28        155       -2088.89         0.03         0.02        5      0.483     
    27        150       -2088.89         0.02         0.00        8      0.199     
    28        155       -2088.90         0.02         0.01        5      0.226     rotoscale, undo
    27        150       -2088.93         0.03         0.02       15      0.511     
    28        155       -2088.97         0.02         0.00       14      0.115     
    29        160       -2088.97         0.02         0.00       11      0.194     
    29        160       -2088.93         0.02         0.00        8      0.111     stable
    29        160       -2088.97         0.03         0.01       14      0.306     
    29        160       -2088.98         0.01         0.00        8      0.152     
    28        155       -2088.85         0.03         0.02        5      0.544     rotoscale, undo
    29        160       -2088.96         0.03         0.01       11      0.277     
    28        155       -2088.97         0.03         0.00       11      0.174     
    30        165       -2088.84         0.02         0.01       11      0.119     stable
    24        135       -2088.90         0.04         0.03        2      0.658     
    27        150       -2088.93         0.03         0.02        8      0.372     rotoscale, undo
    29        160       -2089.01         0.01         0.00       14      0.154     
    29        160       -2089.04         0.02         0.05       14      0.787     
    29        160       -2088.85         0.02         0.01        8      0.306     
    29        160       -2088.95         0.02         0.01       11      0.139     stable
    28        155       -2088.90         0.02         0.00       11      0.107     
    23        130       -2089.00         0.02         0.01       12       0.24     rotoscale, undo
    28        155       -2088.96         0.01         0.01       16      0.262     stable
    29        160       -2088.97         0.01         0.00       14     0.0864     
    30        165       -2088.99         0.02         0.01       11      0.213     stable
    29        160       -2088.95         0.02         0.01        8      0.459     
    25        140       -2088.98         0.04         0.01        2      0.513     
    27        150       -2088.98         0.02         0.00       11      0.247     rotoscale, undo
    30        165       -2088.95         0.02         0.00        8      0.201     
    30        165       -2088.99         0.04         0.00       11      0.256     stable
    28        155       -2088.98         0.02         0.00       11      0.264     
    30        165       -2089.00         0.02         0.00       17       0.21     
    29        160       -2088.93         0.02         0.00       11      0.211     
    30        165       -2088.98         0.02         0.03       14      0.511     stable
    30        165       -2088.93         0.03         0.01       11      0.429     
    30        165       -2089.03         0.02         0.01       17      0.203     stable
    29        160       -2088.87         0.01         0.00       14      0.151     
    29        160       -2088.93         0.02         0.02        8       0.42     rotoscale, undo
    30        165       -2088.95         0.02         0.01        8      0.138     
    30        165       -2088.98         0.02         0.00       14      0.105     stable
    26        145       -2088.97         0.05         0.01        5      0.268     
    24        135       -2089.06         0.02         0.00       15      0.307     
    29        160       -2088.93         0.02         0.00       11      0.259     
    28        155       -2088.98         0.01         0.00       11     0.0815     
    31        170       -2088.93         0.01         0.00       11      0.156     
    31        170       -2088.97         0.02         0.00       20      0.222     stable
    30        165       -2088.97         0.02         0.00       14      0.231     
   Inf        160       -2088.93         0.02         0.00       50      0.111     finalize

Inference terminated: variational solution stable for OPTIONS.TolStableCount fcn evaluations.
Estimated ELBO: -2088.927 +/- 0.016.

    31        170       -2088.87         0.02         0.00       11      0.297     
    30        165       -2088.94         0.02         0.02        8      0.272     
    31        170       -2088.95         0.03         0.01        8      0.159     
    30        165       -2088.88         0.01         0.00       17      0.113     stable
   Inf        160       -2088.97         0.02         0.00       50      0.139     finalize

Inference terminated: variational solution stable for OPTIONS.TolStableCount fcn evaluations.
Estimated ELBO: -2088.974 +/- 0.020.

   Inf        155       -2088.95         0.01         0.00       50      0.262     finalize
    27        150       -2088.93         0.04         0.01        5      0.361     
   Inf        165       -2088.97         0.02         0.01       50      0.213     finalize

Inference terminated: variational solution stable for OPTIONS.TolStableCount fcn evaluations.
Estimated ELBO: -2088.967 +/- 0.021.


Inference terminated: variational solution stable for OPTIONS.TolStableCount fcn evaluations.
Estimated ELBO: -2088.951 +/- 0.012.

    32        175       -2088.95         0.01         0.00       14      0.137     stable
   Inf        165       -2088.98         0.02         0.01       50      0.511     finalize

Inference terminated: variational solution stable for OPTIONS.TolStableCount fcn evaluations.
Estimated ELBO: -2088.980 +/- 0.021.

    32        175       -2088.93         0.02         0.00       11      0.278     stable
    29        160       -2089.00         0.02         0.00       11      0.137     stable
    25        140       -2089.00         0.02         0.01       14      0.319     
    31        170       -2088.99         0.02         0.00       14      0.153     
   Inf        165       -2088.90         0.02         0.01       50      0.119     finalize

Inference terminated: variational solution stable for OPTIONS.TolStableCount fcn evaluations.
Estimated ELBO: -2088.902 +/- 0.021.

   Inf        165       -2088.99         0.04         0.00       50      0.256     finalize

Inference terminated: variational solution stable for OPTIONS.TolStableCount fcn evaluations.
Estimated ELBO: -2088.986 +/- 0.039.

    30        165       -2089.00         0.03         0.02       13      0.514     
    32        175       -2088.97         0.02         0.00        8      0.168     
   Inf        165       -2089.05         0.02         0.00       50      0.203     finalize

Inference terminated: variational solution stable for OPTIONS.TolStableCount fcn evaluations.
Estimated ELBO: -2089.048 +/- 0.022.

    31        170       -2088.95         0.02         0.00        8      0.131     
   Inf        165       -2089.00         0.02         0.00       50      0.105     finalize

Inference terminated: variational solution stable for OPTIONS.TolStableCount fcn evaluations.
Estimated ELBO: -2088.996 +/- 0.016.

    28        155       -2088.94         0.03         0.01        8      0.196     
    26        145       -2089.01         0.02         0.00       13      0.114     
    32        175       -2088.99         0.02         0.03       14      0.293     stable
   Inf        170       -2088.98         0.02         0.01       50      0.222     finalize

Inference terminated: variational solution stable for OPTIONS.TolStableCount fcn evaluations.
Estimated ELBO: -2088.977 +/- 0.022.

    31        170       -2088.95         0.02         0.02       13      0.413     
   Inf        165       -2088.92         0.01         0.00       50      0.113     finalize

Inference terminated: variational solution stable for OPTIONS.TolStableCount fcn evaluations.
Estimated ELBO: -2088.915 +/- 0.012.

    33        180       -2088.95         0.01         0.00        8      0.156     stable
    32        175       -2088.95         0.02         0.00        8      0.146     
   Inf        160       -2089.04         0.02         0.00       50      0.137     finalize

Inference terminated: variational solution stable for OPTIONS.TolStableCount fcn evaluations.
Estimated ELBO: -2089.038 +/- 0.019.

   Inf        175       -2088.92         0.02         0.00       50      0.278     finalize

Inference terminated: variational solution stable for OPTIONS.TolStableCount fcn evaluations.
Estimated ELBO: -2088.916 +/- 0.021.

    32        175       -2088.98         0.01         0.00       13      0.173     stable
    27        150       -2089.02         0.03         0.00       13      0.189     
    33        180       -2088.96         0.02         0.01        8      0.135     
   Inf        175       -2088.95         0.01         0.00       50      0.137     finalize

Inference terminated: variational solution stable for OPTIONS.TolStableCount fcn evaluations.
Estimated ELBO: -2088.950 +/- 0.013.

    28        155       -2089.02         0.02         0.00       13      0.103     
   Inf        175       -2089.00         0.01         0.02       50      0.293     finalize

Inference terminated: variational solution stable for OPTIONS.TolStableCount fcn evaluations.
Estimated ELBO: -2088.998 +/- 0.015.

    29        160       -2088.94         0.03         0.01       11      0.155     rotoscale, undo
    34        185       -2088.97         0.02         0.01        8      0.155     stable
   Inf        180       -2088.94         0.01         0.00       50      0.156     finalize

Inference terminated: variational solution stable for OPTIONS.TolStableCount fcn evaluations.
Estimated ELBO: -2088.945 +/- 0.014.

    29        160       -2088.96         0.01         0.00       13      0.294     stable
   Inf        175       -2088.95         0.01         0.00       50      0.173     finalize

Inference terminated: variational solution stable for OPTIONS.TolStableCount fcn evaluations.
Estimated ELBO: -2088.955 +/- 0.014.

    30        165       -2088.95         0.02         0.00       14      0.132     
    31        170       -2088.95         0.02         0.00       17      0.103     
   Inf        160       -2089.01         0.01         0.00       50      0.294     finalize

Inference terminated: variational solution stable for OPTIONS.TolStableCount fcn evaluations.
Estimated ELBO: -2089.006 +/- 0.011.

   Inf        185       -2088.98         0.02         0.01       50      0.155     finalize

Inference terminated: variational solution stable for OPTIONS.TolStableCount fcn evaluations.
Estimated ELBO: -2088.980 +/- 0.015.

    32        175       -2088.94         0.02         0.01       20      0.164     stable
   Inf        175       -2088.94         0.02         0.00       50      0.164     finalize

Inference terminated: variational solution stable for OPTIONS.TolStableCount fcn evaluations.
Estimated ELBO: -2088.942 +/- 0.020.

{Dot indexing is not supported for variables of this type.

Error in vbmc_mode (line 21)
    x0_mat = vp.mu';

Error in fit_atheo_model_VBMC (line 127)
    model.bestP = vbmc_mode(model.best_vp);

Error in model_per_job (line 8)
fit_atheo_model_VBMC(hpc_job_number, 1)
} 
>> >> 